13-Jun-2025 09:16:49.637 INFO [main] org.apache.catalina.startup.VersionLoggerListener.log Nombre de la versión del servidor: Apache Tomcat/9.0.106
13-Jun-2025 09:16:49.643 INFO [main] org.apache.catalina.startup.VersionLoggerListener.log Server built:                      Jun 5 2025 19:02:30 UTC
13-Jun-2025 09:16:49.643 INFO [main] org.apache.catalina.startup.VersionLoggerListener.log Número de versión de servidor:     9.0.106.0
13-Jun-2025 09:16:49.643 INFO [main] org.apache.catalina.startup.VersionLoggerListener.log OS Name:                           Windows 11
13-Jun-2025 09:16:49.643 INFO [main] org.apache.catalina.startup.VersionLoggerListener.log Versión de Systema Operativo:      10.0
13-Jun-2025 09:16:49.643 INFO [main] org.apache.catalina.startup.VersionLoggerListener.log Arquitectura:                      amd64
13-Jun-2025 09:16:49.643 INFO [main] org.apache.catalina.startup.VersionLoggerListener.log Java Home:                         C:\Program Files\Java\jdk-23
13-Jun-2025 09:16:49.643 INFO [main] org.apache.catalina.startup.VersionLoggerListener.log JVM Version:                       23+37-2369
13-Jun-2025 09:16:49.643 INFO [main] org.apache.catalina.startup.VersionLoggerListener.log Vededor JVM:                       Oracle Corporation
13-Jun-2025 09:16:49.643 INFO [main] org.apache.catalina.startup.VersionLoggerListener.log CATALINA_BASE:                     V:\Documentos\Sistemas Operativos\DriveWeb\apache-tomcat-9.0.106
13-Jun-2025 09:16:49.643 INFO [main] org.apache.catalina.startup.VersionLoggerListener.log CATALINA_HOME:                     V:\Documentos\Sistemas Operativos\DriveWeb\apache-tomcat-9.0.106
13-Jun-2025 09:16:49.654 INFO [main] org.apache.catalina.startup.VersionLoggerListener.log Command line argument:             --add-opens=java.base/java.lang=ALL-UNNAMED
13-Jun-2025 09:16:49.654 INFO [main] org.apache.catalina.startup.VersionLoggerListener.log Command line argument:             --add-opens=java.base/java.lang.invoke=ALL-UNNAMED
13-Jun-2025 09:16:49.654 INFO [main] org.apache.catalina.startup.VersionLoggerListener.log Command line argument:             --add-opens=java.base/java.lang.reflect=ALL-UNNAMED
13-Jun-2025 09:16:49.654 INFO [main] org.apache.catalina.startup.VersionLoggerListener.log Command line argument:             --add-opens=java.base/java.io=ALL-UNNAMED
13-Jun-2025 09:16:49.655 INFO [main] org.apache.catalina.startup.VersionLoggerListener.log Command line argument:             --add-opens=java.base/java.util=ALL-UNNAMED
13-Jun-2025 09:16:49.655 INFO [main] org.apache.catalina.startup.VersionLoggerListener.log Command line argument:             --add-opens=java.base/java.util.concurrent=ALL-UNNAMED
13-Jun-2025 09:16:49.655 INFO [main] org.apache.catalina.startup.VersionLoggerListener.log Command line argument:             --add-opens=java.rmi/sun.rmi.transport=ALL-UNNAMED
13-Jun-2025 09:16:49.655 INFO [main] org.apache.catalina.startup.VersionLoggerListener.log Command line argument:             -Djava.util.logging.config.file=V:\Documentos\Sistemas Operativos\DriveWeb\apache-tomcat-9.0.106\conf\logging.properties
13-Jun-2025 09:16:49.656 INFO [main] org.apache.catalina.startup.VersionLoggerListener.log Command line argument:             -Djava.util.logging.manager=org.apache.juli.ClassLoaderLogManager
13-Jun-2025 09:16:49.656 INFO [main] org.apache.catalina.startup.VersionLoggerListener.log Command line argument:             -Djdk.tls.ephemeralDHKeySize=2048
13-Jun-2025 09:16:49.656 INFO [main] org.apache.catalina.startup.VersionLoggerListener.log Command line argument:             -Djava.protocol.handler.pkgs=org.apache.catalina.webresources
13-Jun-2025 09:16:49.656 INFO [main] org.apache.catalina.startup.VersionLoggerListener.log Command line argument:             -Dsun.io.useCanonCaches=false
13-Jun-2025 09:16:49.656 INFO [main] org.apache.catalina.startup.VersionLoggerListener.log Command line argument:             -Dignore.endorsed.dirs=
13-Jun-2025 09:16:49.656 INFO [main] org.apache.catalina.startup.VersionLoggerListener.log Command line argument:             -Dcatalina.base=V:\Documentos\Sistemas Operativos\DriveWeb\apache-tomcat-9.0.106
13-Jun-2025 09:16:49.656 INFO [main] org.apache.catalina.startup.VersionLoggerListener.log Command line argument:             -Dcatalina.home=V:\Documentos\Sistemas Operativos\DriveWeb\apache-tomcat-9.0.106
13-Jun-2025 09:16:49.656 INFO [main] org.apache.catalina.startup.VersionLoggerListener.log Command line argument:             -Djava.io.tmpdir=V:\Documentos\Sistemas Operativos\DriveWeb\apache-tomcat-9.0.106\temp
13-Jun-2025 09:16:49.688 INFO [main] org.apache.catalina.core.AprLifecycleListener.lifecycleEvent La biblioteca nativa de Apache Tomcat basada en ARP que permite un rendimiento óptimo en entornos de desarrollo no ha sido hallada en java.library.path: [C:\Program Files\Java\jdk-23\bin;C:\WINDOWS\Sun\Java\bin;C:\WINDOWS\system32;C:\WINDOWS;C:\Program Files\Eclipse Adoptium\jdk-21.0.4.7-hotspot\bin;V:\Program Files\jdk-24\bin;C:\Program Files\Common Files\Oracle\Java\javapath;C:\Program Files (x86)\Common Files\Oracle\Java\javapath;C:\Program Files\Microsoft MPI\Bin\;C:\windows\system32;C:\windows;C:\windows\System32\Wbem;C:\windows\System32\WindowsPowerShell\v1.0\;C:\windows\System32\OpenSSH\;C:\Program Files (x86)\NVIDIA Corporation\PhysX\Common;C:\Program Files\NVIDIA Corporation\NVIDIA NvDLISR;C:\WINDOWS\system32;C:\WINDOWS;C:\WINDOWS\System32\Wbem;C:\WINDOWS\System32\WindowsPowerShell\v1.0\;C:\WINDOWS\System32\OpenSSH\;C:\Program Files\nodejs\;C:\Program Files\Microsoft SQL Server\Client SDK\ODBC\170\Tools\Binn\;C:\Program Files (x86)\Microsoft SQL Server\160\Tools\Binn\;C:\Program Files\Microsoft SQL Server\160\Tools\Binn\;C:\Program Files\Microsoft SQL Server\160\DTS\Binn\;C:\Program Files\Azure Data Studio\bin;C:\ProgramData\chocolatey\bin;C:\tools\chicken\bin;C:\tools\msys64\mingw64\bin;c:\chicken-iup\bin;c:\chicken-iup\lib;C:\Program Files\HP\HP One Agent;C:\CamlLight\bin;C:\WINDOWS\system32;C:\WINDOWS;C:\WINDOWS\System32\Wbem;C:\WINDOWS\System32\WindowsPowerShell\v1.0\;C:\WINDOWS\System32\OpenSSH\;C:\Program Files\Docker\Docker\resources\bin;C:\Program Files (x86)\Microsoft SQL Server\160\DTS\Binn\;C:\Program Files\dotnet\;V:\Program Files\Git\cmd;V:\Program Files\Git\mingw64\bin;V:\Program Files\Git\usr\bin;V:\Program Files\apache-maven-3.9.10\bin;C:\ProgramData\chocolatey\lib\maven\apache-maven-3.9.10\bin;C:\WINDOWS\system32\config\systemprofile\AppData\Local\Microsoft\WindowsApps;C:\Users\vales\AppData\Local\Programs\Microsoft VS Code\bin;C:\Users\vales\AppData\Local\GitHubDesktop\bin;C:\Users\vales\AppData\Roaming\npm;C:\Program Files\Azure Data Studio\bin;C:\WINDOWS\system32\config\systemprofile\.dotnet\tools;C:\tools\msys64;C:\io\bin;;C:\Users\vales\AppData\Local\Programs\Lens\resources\cli\bin;.]
13-Jun-2025 09:16:50.111 INFO [main] org.apache.coyote.AbstractProtocol.init Inicializando el manejador de protocolo ["http-nio-8080"]

13-Jun-2025 09:16:50.141 INFO [main] org.apache.catalina.startup.Catalina.load Server initialization in [758] milliseconds
13-Jun-2025 09:16:50.205 INFO [main] org.apache.catalina.core.StandardService.startInternal Arrancando servicio [Catalina]
13-Jun-2025 09:16:50.206 INFO [main] org.apache.catalina.core.StandardEngine.startInternal Starting Servlet engine: [Apache Tomcat/9.0.106]
13-Jun-2025 09:16:50.216 INFO [main] org.apache.catalina.startup.HostConfig.deployDescriptor Desplieque del descriptor de configuración [V:\Documentos\Sistemas Operativos\DriveWeb\apache-tomcat-9.0.106\conf\Catalina\localhost\DriveSystemWeb.xml]
13-Jun-2025 09:16:50.233 WARNING [main] org.apache.catalina.startup.HostConfig.deployDescriptor The path attribute with value [/DriveSystemWeb] in deployment descriptor [V:\Documentos\Sistemas Operativos\DriveWeb\apache-tomcat-9.0.106\conf\Catalina\localhost\DriveSystemWeb.xml] has been ignored
13-Jun-2025 09:16:50.694 INFO [main] org.apache.jasper.servlet.TldScanner.scanJars Al menos un JAR, que se ha explorado buscando TLDs, aún no contenía TLDs. Activar historial de depuración para este historiador para una completa lista de los JARs que fueron explorados y de los que nos se halló TLDs. Saltarse JARs no necesarios durante la exploración puede dar lugar a una mejora de tiempo significativa en el arranque y compilación de JSP .
13-Jun-2025 09:16:50.764 INFO [main] org.apache.catalina.startup.HostConfig.deployDescriptor Deployment of deployment descriptor [V:\Documentos\Sistemas Operativos\DriveWeb\apache-tomcat-9.0.106\conf\Catalina\localhost\DriveSystemWeb.xml] has finished in [545] ms
13-Jun-2025 09:16:50.764 INFO [main] org.apache.catalina.startup.HostConfig.deployDirectory Desplegando el directorio [V:\Documentos\Sistemas Operativos\DriveWeb\apache-tomcat-9.0.106\webapps\docs] de la aplicación web
13-Jun-2025 09:16:50.819 INFO [main] org.apache.catalina.startup.HostConfig.deployDirectory Deployment of web application directory [V:\Documentos\Sistemas Operativos\DriveWeb\apache-tomcat-9.0.106\webapps\docs] has finished in [54] ms
13-Jun-2025 09:16:50.819 INFO [main] org.apache.catalina.startup.HostConfig.deployDirectory Desplegando el directorio [V:\Documentos\Sistemas Operativos\DriveWeb\apache-tomcat-9.0.106\webapps\examples] de la aplicación web
13-Jun-2025 09:16:51.949 INFO [main] org.apache.catalina.startup.HostConfig.deployDirectory Deployment of web application directory [V:\Documentos\Sistemas Operativos\DriveWeb\apache-tomcat-9.0.106\webapps\examples] has finished in [1.130] ms
13-Jun-2025 09:16:51.950 INFO [main] org.apache.catalina.startup.HostConfig.deployDirectory Desplegando el directorio [V:\Documentos\Sistemas Operativos\DriveWeb\apache-tomcat-9.0.106\webapps\host-manager] de la aplicación web
13-Jun-2025 09:16:52.051 INFO [main] org.apache.catalina.startup.HostConfig.deployDirectory Deployment of web application directory [V:\Documentos\Sistemas Operativos\DriveWeb\apache-tomcat-9.0.106\webapps\host-manager] has finished in [101] ms
13-Jun-2025 09:16:52.053 INFO [main] org.apache.catalina.startup.HostConfig.deployDirectory Desplegando el directorio [V:\Documentos\Sistemas Operativos\DriveWeb\apache-tomcat-9.0.106\webapps\manager] de la aplicación web
13-Jun-2025 09:16:52.116 INFO [main] org.apache.catalina.startup.HostConfig.deployDirectory Deployment of web application directory [V:\Documentos\Sistemas Operativos\DriveWeb\apache-tomcat-9.0.106\webapps\manager] has finished in [63] ms
13-Jun-2025 09:16:52.116 INFO [main] org.apache.catalina.startup.HostConfig.deployDirectory Desplegando el directorio [V:\Documentos\Sistemas Operativos\DriveWeb\apache-tomcat-9.0.106\webapps\ROOT] de la aplicación web
13-Jun-2025 09:16:52.174 INFO [main] org.apache.catalina.startup.HostConfig.deployDirectory Deployment of web application directory [V:\Documentos\Sistemas Operativos\DriveWeb\apache-tomcat-9.0.106\webapps\ROOT] has finished in [58] ms
13-Jun-2025 09:16:52.179 INFO [main] org.apache.coyote.AbstractProtocol.start Starting ProtocolHandler ["http-nio-8080"]
13-Jun-2025 09:16:52.212 INFO [main] org.apache.catalina.startup.Catalina.start Server startup in [2070] milliseconds
13-Jun-2025 09:16:55.665 INFO [http-nio-8080-exec-2] org.apache.catalina.startup.HostConfig.undeploy Repliegue (undeploy) de la aplicación web que tiene como trayectoria de contexto [/DriveSystemWeb]
13-Jun-2025 09:16:55.711 INFO [http-nio-8080-exec-9] org.apache.catalina.startup.HostConfig.deployDescriptor Desplieque del descriptor de configuración [V:\Documentos\Sistemas Operativos\DriveWeb\apache-tomcat-9.0.106\conf\Catalina\localhost\DriveSystemWeb.xml]
13-Jun-2025 09:16:55.713 WARNING [http-nio-8080-exec-9] org.apache.catalina.startup.HostConfig.deployDescriptor The path attribute with value [/DriveSystemWeb] in deployment descriptor [V:\Documentos\Sistemas Operativos\DriveWeb\apache-tomcat-9.0.106\conf\Catalina\localhost\DriveSystemWeb.xml] has been ignored
13-Jun-2025 09:16:55.905 INFO [http-nio-8080-exec-9] org.apache.jasper.servlet.TldScanner.scanJars Al menos un JAR, que se ha explorado buscando TLDs, aún no contenía TLDs. Activar historial de depuración para este historiador para una completa lista de los JARs que fueron explorados y de los que nos se halló TLDs. Saltarse JARs no necesarios durante la exploración puede dar lugar a una mejora de tiempo significativa en el arranque y compilación de JSP .
13-Jun-2025 09:16:55.910 INFO [http-nio-8080-exec-9] org.apache.catalina.startup.HostConfig.deployDescriptor Deployment of deployment descriptor [V:\Documentos\Sistemas Operativos\DriveWeb\apache-tomcat-9.0.106\conf\Catalina\localhost\DriveSystemWeb.xml] has finished in [199] ms
13-Jun-2025 09:16:55.914 INFO [http-nio-8080-exec-6] org.apache.catalina.util.LifecycleBase.start The start() method was called on component [StandardEngine[Catalina].StandardHost[localhost].StandardContext[/DriveSystemWeb]] after start() had already been called. The second call will be ignored.
13-Jun-2025 09:20:29.402 INFO [http-nio-8080-exec-19] org.apache.catalina.startup.HostConfig.undeploy Repliegue (undeploy) de la aplicación web que tiene como trayectoria de contexto [/DriveSystemWeb]
13-Jun-2025 09:20:47.082 INFO [http-nio-8080-exec-13] org.apache.catalina.startup.HostConfig.deployDescriptor Desplieque del descriptor de configuración [V:\Documentos\Sistemas Operativos\DriveWeb\apache-tomcat-9.0.106\conf\Catalina\localhost\DriveSystemWeb.xml]
13-Jun-2025 09:20:47.085 WARNING [http-nio-8080-exec-13] org.apache.catalina.startup.HostConfig.deployDescriptor The path attribute with value [/DriveSystemWeb] in deployment descriptor [V:\Documentos\Sistemas Operativos\DriveWeb\apache-tomcat-9.0.106\conf\Catalina\localhost\DriveSystemWeb.xml] has been ignored
13-Jun-2025 09:20:47.219 INFO [http-nio-8080-exec-13] org.apache.jasper.servlet.TldScanner.scanJars Al menos un JAR, que se ha explorado buscando TLDs, aún no contenía TLDs. Activar historial de depuración para este historiador para una completa lista de los JARs que fueron explorados y de los que nos se halló TLDs. Saltarse JARs no necesarios durante la exploración puede dar lugar a una mejora de tiempo significativa en el arranque y compilación de JSP .
13-Jun-2025 09:20:47.223 INFO [http-nio-8080-exec-13] org.apache.catalina.startup.HostConfig.deployDescriptor Deployment of deployment descriptor [V:\Documentos\Sistemas Operativos\DriveWeb\apache-tomcat-9.0.106\conf\Catalina\localhost\DriveSystemWeb.xml] has finished in [141] ms
13-Jun-2025 09:20:47.226 INFO [http-nio-8080-exec-16] org.apache.catalina.util.LifecycleBase.start The start() method was called on component [StandardEngine[Catalina].StandardHost[localhost].StandardContext[/DriveSystemWeb]] after start() had already been called. The second call will be ignored.
13-Jun-2025 09:43:51.931 INFO [http-nio-8080-exec-24] org.apache.catalina.startup.HostConfig.undeploy Repliegue (undeploy) de la aplicación web que tiene como trayectoria de contexto [/DriveSystemWeb]
13-Jun-2025 09:44:07.308 INFO [http-nio-8080-exec-30] org.apache.catalina.startup.HostConfig.deployDescriptor Desplieque del descriptor de configuración [V:\Documentos\Sistemas Operativos\DriveWeb\apache-tomcat-9.0.106\conf\Catalina\localhost\DriveSystemWeb.xml]
13-Jun-2025 09:44:07.310 WARNING [http-nio-8080-exec-30] org.apache.catalina.startup.HostConfig.deployDescriptor The path attribute with value [/DriveSystemWeb] in deployment descriptor [V:\Documentos\Sistemas Operativos\DriveWeb\apache-tomcat-9.0.106\conf\Catalina\localhost\DriveSystemWeb.xml] has been ignored
13-Jun-2025 09:44:07.459 INFO [http-nio-8080-exec-30] org.apache.jasper.servlet.TldScanner.scanJars Al menos un JAR, que se ha explorado buscando TLDs, aún no contenía TLDs. Activar historial de depuración para este historiador para una completa lista de los JARs que fueron explorados y de los que nos se halló TLDs. Saltarse JARs no necesarios durante la exploración puede dar lugar a una mejora de tiempo significativa en el arranque y compilación de JSP .
13-Jun-2025 09:44:07.464 INFO [http-nio-8080-exec-30] org.apache.catalina.startup.HostConfig.deployDescriptor Deployment of deployment descriptor [V:\Documentos\Sistemas Operativos\DriveWeb\apache-tomcat-9.0.106\conf\Catalina\localhost\DriveSystemWeb.xml] has finished in [156] ms
13-Jun-2025 09:44:07.466 INFO [http-nio-8080-exec-22] org.apache.catalina.util.LifecycleBase.start The start() method was called on component [StandardEngine[Catalina].StandardHost[localhost].StandardContext[/DriveSystemWeb]] after start() had already been called. The second call will be ignored.
13-Jun-2025 10:15:45.015 INFO [http-nio-8080-exec-34] org.apache.catalina.startup.HostConfig.undeploy Repliegue (undeploy) de la aplicación web que tiene como trayectoria de contexto [/DriveSystemWeb]
13-Jun-2025 10:18:20.340 INFO [http-nio-8080-exec-37] org.apache.catalina.startup.HostConfig.deployDescriptor Desplieque del descriptor de configuración [V:\Documentos\Sistemas Operativos\DriveWeb\apache-tomcat-9.0.106\conf\Catalina\localhost\DriveSystemWeb.xml]
13-Jun-2025 10:18:20.342 WARNING [http-nio-8080-exec-37] org.apache.catalina.startup.HostConfig.deployDescriptor The path attribute with value [/DriveSystemWeb] in deployment descriptor [V:\Documentos\Sistemas Operativos\DriveWeb\apache-tomcat-9.0.106\conf\Catalina\localhost\DriveSystemWeb.xml] has been ignored
13-Jun-2025 10:18:20.481 INFO [http-nio-8080-exec-37] org.apache.jasper.servlet.TldScanner.scanJars Al menos un JAR, que se ha explorado buscando TLDs, aún no contenía TLDs. Activar historial de depuración para este historiador para una completa lista de los JARs que fueron explorados y de los que nos se halló TLDs. Saltarse JARs no necesarios durante la exploración puede dar lugar a una mejora de tiempo significativa en el arranque y compilación de JSP .
13-Jun-2025 10:18:20.486 INFO [http-nio-8080-exec-37] org.apache.catalina.startup.HostConfig.deployDescriptor Deployment of deployment descriptor [V:\Documentos\Sistemas Operativos\DriveWeb\apache-tomcat-9.0.106\conf\Catalina\localhost\DriveSystemWeb.xml] has finished in [146] ms
13-Jun-2025 10:18:20.488 INFO [http-nio-8080-exec-43] org.apache.catalina.util.LifecycleBase.start The start() method was called on component [StandardEngine[Catalina].StandardHost[localhost].StandardContext[/DriveSystemWeb]] after start() had already been called. The second call will be ignored.
13-Jun-2025 10:43:51.684 INFO [http-nio-8080-exec-41] org.apache.catalina.startup.HostConfig.undeploy Repliegue (undeploy) de la aplicación web que tiene como trayectoria de contexto [/DriveSystemWeb]
13-Jun-2025 10:44:01.182 INFO [http-nio-8080-exec-42] org.apache.catalina.startup.HostConfig.deployDescriptor Desplieque del descriptor de configuración [V:\Documentos\Sistemas Operativos\DriveWeb\apache-tomcat-9.0.106\conf\Catalina\localhost\DriveSystemWeb.xml]
13-Jun-2025 10:44:01.183 WARNING [http-nio-8080-exec-42] org.apache.catalina.startup.HostConfig.deployDescriptor The path attribute with value [/DriveSystemWeb] in deployment descriptor [V:\Documentos\Sistemas Operativos\DriveWeb\apache-tomcat-9.0.106\conf\Catalina\localhost\DriveSystemWeb.xml] has been ignored
13-Jun-2025 10:44:01.300 INFO [http-nio-8080-exec-42] org.apache.jasper.servlet.TldScanner.scanJars Al menos un JAR, que se ha explorado buscando TLDs, aún no contenía TLDs. Activar historial de depuración para este historiador para una completa lista de los JARs que fueron explorados y de los que nos se halló TLDs. Saltarse JARs no necesarios durante la exploración puede dar lugar a una mejora de tiempo significativa en el arranque y compilación de JSP .
13-Jun-2025 10:44:01.303 INFO [http-nio-8080-exec-42] org.apache.catalina.startup.HostConfig.deployDescriptor Deployment of deployment descriptor [V:\Documentos\Sistemas Operativos\DriveWeb\apache-tomcat-9.0.106\conf\Catalina\localhost\DriveSystemWeb.xml] has finished in [121] ms
13-Jun-2025 10:44:01.305 INFO [http-nio-8080-exec-47] org.apache.catalina.util.LifecycleBase.start The start() method was called on component [StandardEngine[Catalina].StandardHost[localhost].StandardContext[/DriveSystemWeb]] after start() had already been called. The second call will be ignored.
13-Jun-2025 10:45:03.630 INFO [http-nio-8080-exec-47] org.apache.catalina.startup.HostConfig.undeploy Repliegue (undeploy) de la aplicación web que tiene como trayectoria de contexto [/DriveSystemWeb]
13-Jun-2025 10:45:33.149 INFO [http-nio-8080-exec-47] org.apache.catalina.startup.HostConfig.deployDescriptor Desplieque del descriptor de configuración [V:\Documentos\Sistemas Operativos\DriveWeb\apache-tomcat-9.0.106\conf\Catalina\localhost\DriveSystemWeb.xml]
13-Jun-2025 10:45:33.150 WARNING [http-nio-8080-exec-47] org.apache.catalina.startup.HostConfig.deployDescriptor The path attribute with value [/DriveSystemWeb] in deployment descriptor [V:\Documentos\Sistemas Operativos\DriveWeb\apache-tomcat-9.0.106\conf\Catalina\localhost\DriveSystemWeb.xml] has been ignored
13-Jun-2025 10:45:33.258 INFO [http-nio-8080-exec-47] org.apache.jasper.servlet.TldScanner.scanJars Al menos un JAR, que se ha explorado buscando TLDs, aún no contenía TLDs. Activar historial de depuración para este historiador para una completa lista de los JARs que fueron explorados y de los que nos se halló TLDs. Saltarse JARs no necesarios durante la exploración puede dar lugar a una mejora de tiempo significativa en el arranque y compilación de JSP .
13-Jun-2025 10:45:33.262 INFO [http-nio-8080-exec-47] org.apache.catalina.startup.HostConfig.deployDescriptor Deployment of deployment descriptor [V:\Documentos\Sistemas Operativos\DriveWeb\apache-tomcat-9.0.106\conf\Catalina\localhost\DriveSystemWeb.xml] has finished in [114] ms
13-Jun-2025 10:45:33.264 INFO [http-nio-8080-exec-59] org.apache.catalina.util.LifecycleBase.start The start() method was called on component [StandardEngine[Catalina].StandardHost[localhost].StandardContext[/DriveSystemWeb]] after start() had already been called. The second call will be ignored.
13-Jun-2025 11:22:52.306 INFO [main] org.apache.catalina.core.StandardServer.await Se ha recibido un comando de apagado a través del puerto de apagado. Parando la instancia del Servidor.
13-Jun-2025 11:22:52.307 INFO [main] org.apache.coyote.AbstractProtocol.pause Pausing ProtocolHandler ["http-nio-8080"]
13-Jun-2025 11:22:52.320 INFO [main] org.apache.catalina.core.StandardService.stopInternal Parando servicio [Catalina]
13-Jun-2025 11:22:52.334 INFO [main] org.apache.coyote.AbstractProtocol.stop Stopping ProtocolHandler ["http-nio-8080"]
13-Jun-2025 11:22:52.355 INFO [main] org.apache.coyote.AbstractProtocol.destroy Destroying ProtocolHandler ["http-nio-8080"]
13-Jun-2025 12:42:40.119 INFO [main] org.apache.catalina.startup.VersionLoggerListener.log Nombre de la versión del servidor: Apache Tomcat/9.0.106
13-Jun-2025 12:42:40.123 INFO [main] org.apache.catalina.startup.VersionLoggerListener.log Server built:                      Jun 5 2025 19:02:30 UTC
13-Jun-2025 12:42:40.123 INFO [main] org.apache.catalina.startup.VersionLoggerListener.log Número de versión de servidor:     9.0.106.0
13-Jun-2025 12:42:40.124 INFO [main] org.apache.catalina.startup.VersionLoggerListener.log OS Name:                           Windows 11
13-Jun-2025 12:42:40.124 INFO [main] org.apache.catalina.startup.VersionLoggerListener.log Versión de Systema Operativo:      10.0
13-Jun-2025 12:42:40.124 INFO [main] org.apache.catalina.startup.VersionLoggerListener.log Arquitectura:                      amd64
13-Jun-2025 12:42:40.124 INFO [main] org.apache.catalina.startup.VersionLoggerListener.log Java Home:                         C:\Program Files\Java\jdk-23
13-Jun-2025 12:42:40.124 INFO [main] org.apache.catalina.startup.VersionLoggerListener.log JVM Version:                       23+37-2369
13-Jun-2025 12:42:40.124 INFO [main] org.apache.catalina.startup.VersionLoggerListener.log Vededor JVM:                       Oracle Corporation
13-Jun-2025 12:42:40.124 INFO [main] org.apache.catalina.startup.VersionLoggerListener.log CATALINA_BASE:                     V:\Documentos\Sistemas Operativos\DriveWeb\apache-tomcat-9.0.106
13-Jun-2025 12:42:40.124 INFO [main] org.apache.catalina.startup.VersionLoggerListener.log CATALINA_HOME:                     V:\Documentos\Sistemas Operativos\DriveWeb\apache-tomcat-9.0.106
13-Jun-2025 12:42:40.133 INFO [main] org.apache.catalina.startup.VersionLoggerListener.log Command line argument:             --add-opens=java.base/java.lang=ALL-UNNAMED
13-Jun-2025 12:42:40.134 INFO [main] org.apache.catalina.startup.VersionLoggerListener.log Command line argument:             --add-opens=java.base/java.lang.invoke=ALL-UNNAMED
13-Jun-2025 12:42:40.134 INFO [main] org.apache.catalina.startup.VersionLoggerListener.log Command line argument:             --add-opens=java.base/java.lang.reflect=ALL-UNNAMED
13-Jun-2025 12:42:40.134 INFO [main] org.apache.catalina.startup.VersionLoggerListener.log Command line argument:             --add-opens=java.base/java.io=ALL-UNNAMED
13-Jun-2025 12:42:40.134 INFO [main] org.apache.catalina.startup.VersionLoggerListener.log Command line argument:             --add-opens=java.base/java.util=ALL-UNNAMED
13-Jun-2025 12:42:40.134 INFO [main] org.apache.catalina.startup.VersionLoggerListener.log Command line argument:             --add-opens=java.base/java.util.concurrent=ALL-UNNAMED
13-Jun-2025 12:42:40.135 INFO [main] org.apache.catalina.startup.VersionLoggerListener.log Command line argument:             --add-opens=java.rmi/sun.rmi.transport=ALL-UNNAMED
13-Jun-2025 12:42:40.135 INFO [main] org.apache.catalina.startup.VersionLoggerListener.log Command line argument:             -Djava.util.logging.config.file=V:\Documentos\Sistemas Operativos\DriveWeb\apache-tomcat-9.0.106\conf\logging.properties
13-Jun-2025 12:42:40.135 INFO [main] org.apache.catalina.startup.VersionLoggerListener.log Command line argument:             -Djava.util.logging.manager=org.apache.juli.ClassLoaderLogManager
13-Jun-2025 12:42:40.135 INFO [main] org.apache.catalina.startup.VersionLoggerListener.log Command line argument:             -Djdk.tls.ephemeralDHKeySize=2048
13-Jun-2025 12:42:40.135 INFO [main] org.apache.catalina.startup.VersionLoggerListener.log Command line argument:             -Djava.protocol.handler.pkgs=org.apache.catalina.webresources
13-Jun-2025 12:42:40.135 INFO [main] org.apache.catalina.startup.VersionLoggerListener.log Command line argument:             -Dsun.io.useCanonCaches=false
13-Jun-2025 12:42:40.135 INFO [main] org.apache.catalina.startup.VersionLoggerListener.log Command line argument:             -Dignore.endorsed.dirs=
13-Jun-2025 12:42:40.135 INFO [main] org.apache.catalina.startup.VersionLoggerListener.log Command line argument:             -Dcatalina.base=V:\Documentos\Sistemas Operativos\DriveWeb\apache-tomcat-9.0.106
13-Jun-2025 12:42:40.135 INFO [main] org.apache.catalina.startup.VersionLoggerListener.log Command line argument:             -Dcatalina.home=V:\Documentos\Sistemas Operativos\DriveWeb\apache-tomcat-9.0.106
13-Jun-2025 12:42:40.135 INFO [main] org.apache.catalina.startup.VersionLoggerListener.log Command line argument:             -Djava.io.tmpdir=V:\Documentos\Sistemas Operativos\DriveWeb\apache-tomcat-9.0.106\temp
13-Jun-2025 12:42:40.156 INFO [main] org.apache.catalina.core.AprLifecycleListener.lifecycleEvent La biblioteca nativa de Apache Tomcat basada en ARP que permite un rendimiento óptimo en entornos de desarrollo no ha sido hallada en java.library.path: [C:\Program Files\Java\jdk-23\bin;C:\WINDOWS\Sun\Java\bin;C:\WINDOWS\system32;C:\WINDOWS;C:\Program Files\Eclipse Adoptium\jdk-21.0.4.7-hotspot\bin;V:\Program Files\jdk-24\bin;C:\Program Files\Common Files\Oracle\Java\javapath;C:\Program Files (x86)\Common Files\Oracle\Java\javapath;C:\Program Files\Microsoft MPI\Bin\;C:\windows\system32;C:\windows;C:\windows\System32\Wbem;C:\windows\System32\WindowsPowerShell\v1.0\;C:\windows\System32\OpenSSH\;C:\Program Files (x86)\NVIDIA Corporation\PhysX\Common;C:\Program Files\NVIDIA Corporation\NVIDIA NvDLISR;C:\WINDOWS\system32;C:\WINDOWS;C:\WINDOWS\System32\Wbem;C:\WINDOWS\System32\WindowsPowerShell\v1.0\;C:\WINDOWS\System32\OpenSSH\;C:\Program Files\nodejs\;C:\Program Files\Microsoft SQL Server\Client SDK\ODBC\170\Tools\Binn\;C:\Program Files (x86)\Microsoft SQL Server\160\Tools\Binn\;C:\Program Files\Microsoft SQL Server\160\Tools\Binn\;C:\Program Files\Microsoft SQL Server\160\DTS\Binn\;C:\Program Files\Azure Data Studio\bin;C:\ProgramData\chocolatey\bin;C:\tools\chicken\bin;C:\tools\msys64\mingw64\bin;c:\chicken-iup\bin;c:\chicken-iup\lib;C:\Program Files\HP\HP One Agent;C:\CamlLight\bin;C:\WINDOWS\system32;C:\WINDOWS;C:\WINDOWS\System32\Wbem;C:\WINDOWS\System32\WindowsPowerShell\v1.0\;C:\WINDOWS\System32\OpenSSH\;C:\Program Files\Docker\Docker\resources\bin;C:\Program Files (x86)\Microsoft SQL Server\160\DTS\Binn\;C:\Program Files\dotnet\;V:\Program Files\Git\cmd;V:\Program Files\Git\mingw64\bin;V:\Program Files\Git\usr\bin;V:\Program Files\apache-maven-3.9.10\bin;C:\ProgramData\chocolatey\lib\maven\apache-maven-3.9.10\bin;C:\WINDOWS\system32\config\systemprofile\AppData\Local\Microsoft\WindowsApps;C:\Users\vales\AppData\Local\Programs\Microsoft VS Code\bin;C:\Users\vales\AppData\Local\GitHubDesktop\bin;C:\Users\vales\AppData\Roaming\npm;C:\Program Files\Azure Data Studio\bin;C:\WINDOWS\system32\config\systemprofile\.dotnet\tools;C:\tools\msys64;C:\io\bin;;C:\Users\vales\AppData\Local\Programs\Lens\resources\cli\bin;.]
13-Jun-2025 12:42:40.578 INFO [main] org.apache.coyote.AbstractProtocol.init Inicializando el manejador de protocolo ["http-nio-8080"]

13-Jun-2025 12:42:40.604 INFO [main] org.apache.catalina.startup.Catalina.load Server initialization in [704] milliseconds
13-Jun-2025 12:42:40.654 INFO [main] org.apache.catalina.core.StandardService.startInternal Arrancando servicio [Catalina]
13-Jun-2025 12:42:40.654 INFO [main] org.apache.catalina.core.StandardEngine.startInternal Starting Servlet engine: [Apache Tomcat/9.0.106]
13-Jun-2025 12:42:40.668 INFO [main] org.apache.catalina.startup.HostConfig.deployDescriptor Desplieque del descriptor de configuración [V:\Documentos\Sistemas Operativos\DriveWeb\apache-tomcat-9.0.106\conf\Catalina\localhost\DriveSystemWeb.xml]
13-Jun-2025 12:42:40.683 WARNING [main] org.apache.catalina.startup.HostConfig.deployDescriptor The path attribute with value [/DriveSystemWeb] in deployment descriptor [V:\Documentos\Sistemas Operativos\DriveWeb\apache-tomcat-9.0.106\conf\Catalina\localhost\DriveSystemWeb.xml] has been ignored
13-Jun-2025 12:42:41.090 INFO [main] org.apache.jasper.servlet.TldScanner.scanJars Al menos un JAR, que se ha explorado buscando TLDs, aún no contenía TLDs. Activar historial de depuración para este historiador para una completa lista de los JARs que fueron explorados y de los que nos se halló TLDs. Saltarse JARs no necesarios durante la exploración puede dar lugar a una mejora de tiempo significativa en el arranque y compilación de JSP .
13-Jun-2025 12:42:41.156 INFO [main] org.apache.catalina.startup.HostConfig.deployDescriptor Deployment of deployment descriptor [V:\Documentos\Sistemas Operativos\DriveWeb\apache-tomcat-9.0.106\conf\Catalina\localhost\DriveSystemWeb.xml] has finished in [485] ms
13-Jun-2025 12:42:41.157 INFO [main] org.apache.catalina.startup.HostConfig.deployDirectory Desplegando el directorio [V:\Documentos\Sistemas Operativos\DriveWeb\apache-tomcat-9.0.106\webapps\docs] de la aplicación web
13-Jun-2025 12:42:41.216 INFO [main] org.apache.catalina.startup.HostConfig.deployDirectory Deployment of web application directory [V:\Documentos\Sistemas Operativos\DriveWeb\apache-tomcat-9.0.106\webapps\docs] has finished in [59] ms
13-Jun-2025 12:42:41.217 INFO [main] org.apache.catalina.startup.HostConfig.deployDirectory Desplegando el directorio [V:\Documentos\Sistemas Operativos\DriveWeb\apache-tomcat-9.0.106\webapps\examples] de la aplicación web
13-Jun-2025 12:42:42.192 INFO [main] org.apache.catalina.startup.HostConfig.deployDirectory Deployment of web application directory [V:\Documentos\Sistemas Operativos\DriveWeb\apache-tomcat-9.0.106\webapps\examples] has finished in [975] ms
13-Jun-2025 12:42:42.193 INFO [main] org.apache.catalina.startup.HostConfig.deployDirectory Desplegando el directorio [V:\Documentos\Sistemas Operativos\DriveWeb\apache-tomcat-9.0.106\webapps\host-manager] de la aplicación web
13-Jun-2025 12:42:42.240 INFO [main] org.apache.catalina.startup.HostConfig.deployDirectory Deployment of web application directory [V:\Documentos\Sistemas Operativos\DriveWeb\apache-tomcat-9.0.106\webapps\host-manager] has finished in [46] ms
13-Jun-2025 12:42:42.240 INFO [main] org.apache.catalina.startup.HostConfig.deployDirectory Desplegando el directorio [V:\Documentos\Sistemas Operativos\DriveWeb\apache-tomcat-9.0.106\webapps\manager] de la aplicación web
13-Jun-2025 12:42:42.288 INFO [main] org.apache.catalina.startup.HostConfig.deployDirectory Deployment of web application directory [V:\Documentos\Sistemas Operativos\DriveWeb\apache-tomcat-9.0.106\webapps\manager] has finished in [48] ms
13-Jun-2025 12:42:42.289 INFO [main] org.apache.catalina.startup.HostConfig.deployDirectory Desplegando el directorio [V:\Documentos\Sistemas Operativos\DriveWeb\apache-tomcat-9.0.106\webapps\ROOT] de la aplicación web
13-Jun-2025 12:42:42.322 INFO [main] org.apache.catalina.startup.HostConfig.deployDirectory Deployment of web application directory [V:\Documentos\Sistemas Operativos\DriveWeb\apache-tomcat-9.0.106\webapps\ROOT] has finished in [33] ms
13-Jun-2025 12:42:42.326 INFO [main] org.apache.coyote.AbstractProtocol.start Starting ProtocolHandler ["http-nio-8080"]
13-Jun-2025 12:42:42.356 INFO [main] org.apache.catalina.startup.Catalina.start Server startup in [1750] milliseconds
13-Jun-2025 12:42:44.464 INFO [http-nio-8080-exec-9] org.apache.catalina.startup.HostConfig.undeploy Repliegue (undeploy) de la aplicación web que tiene como trayectoria de contexto [/DriveSystemWeb]
13-Jun-2025 12:42:44.534 INFO [http-nio-8080-exec-1] org.apache.catalina.startup.HostConfig.deployDescriptor Desplieque del descriptor de configuración [V:\Documentos\Sistemas Operativos\DriveWeb\apache-tomcat-9.0.106\conf\Catalina\localhost\DriveSystemWeb.xml]
13-Jun-2025 12:42:44.536 WARNING [http-nio-8080-exec-1] org.apache.catalina.startup.HostConfig.deployDescriptor The path attribute with value [/DriveSystemWeb] in deployment descriptor [V:\Documentos\Sistemas Operativos\DriveWeb\apache-tomcat-9.0.106\conf\Catalina\localhost\DriveSystemWeb.xml] has been ignored
13-Jun-2025 12:42:44.732 INFO [http-nio-8080-exec-1] org.apache.jasper.servlet.TldScanner.scanJars Al menos un JAR, que se ha explorado buscando TLDs, aún no contenía TLDs. Activar historial de depuración para este historiador para una completa lista de los JARs que fueron explorados y de los que nos se halló TLDs. Saltarse JARs no necesarios durante la exploración puede dar lugar a una mejora de tiempo significativa en el arranque y compilación de JSP .
13-Jun-2025 12:42:44.736 INFO [http-nio-8080-exec-1] org.apache.catalina.startup.HostConfig.deployDescriptor Deployment of deployment descriptor [V:\Documentos\Sistemas Operativos\DriveWeb\apache-tomcat-9.0.106\conf\Catalina\localhost\DriveSystemWeb.xml] has finished in [202] ms
13-Jun-2025 12:42:44.739 INFO [http-nio-8080-exec-8] org.apache.catalina.util.LifecycleBase.start The start() method was called on component [StandardEngine[Catalina].StandardHost[localhost].StandardContext[/DriveSystemWeb]] after start() had already been called. The second call will be ignored.
13-Jun-2025 12:47:19.015 INFO [http-nio-8080-exec-12] org.apache.catalina.startup.HostConfig.undeploy Repliegue (undeploy) de la aplicación web que tiene como trayectoria de contexto [/DriveSystemWeb]
13-Jun-2025 12:47:19.034 INFO [http-nio-8080-exec-14] org.apache.catalina.startup.HostConfig.deployDescriptor Desplieque del descriptor de configuración [V:\Documentos\Sistemas Operativos\DriveWeb\apache-tomcat-9.0.106\conf\Catalina\localhost\DriveSystemWeb.xml]
13-Jun-2025 12:47:19.035 WARNING [http-nio-8080-exec-14] org.apache.catalina.startup.HostConfig.deployDescriptor The path attribute with value [/DriveSystemWeb] in deployment descriptor [V:\Documentos\Sistemas Operativos\DriveWeb\apache-tomcat-9.0.106\conf\Catalina\localhost\DriveSystemWeb.xml] has been ignored
13-Jun-2025 12:47:19.195 INFO [http-nio-8080-exec-14] org.apache.jasper.servlet.TldScanner.scanJars Al menos un JAR, que se ha explorado buscando TLDs, aún no contenía TLDs. Activar historial de depuración para este historiador para una completa lista de los JARs que fueron explorados y de los que nos se halló TLDs. Saltarse JARs no necesarios durante la exploración puede dar lugar a una mejora de tiempo significativa en el arranque y compilación de JSP .
13-Jun-2025 12:47:19.200 INFO [http-nio-8080-exec-14] org.apache.catalina.startup.HostConfig.deployDescriptor Deployment of deployment descriptor [V:\Documentos\Sistemas Operativos\DriveWeb\apache-tomcat-9.0.106\conf\Catalina\localhost\DriveSystemWeb.xml] has finished in [166] ms
13-Jun-2025 12:47:19.203 INFO [http-nio-8080-exec-13] org.apache.catalina.util.LifecycleBase.start The start() method was called on component [StandardEngine[Catalina].StandardHost[localhost].StandardContext[/DriveSystemWeb]] after start() had already been called. The second call will be ignored.
13-Jun-2025 12:47:50.780 INFO [http-nio-8080-exec-16] org.apache.catalina.startup.HostConfig.undeploy Repliegue (undeploy) de la aplicación web que tiene como trayectoria de contexto [/DriveSystemWeb]
13-Jun-2025 12:47:50.803 INFO [http-nio-8080-exec-20] org.apache.catalina.startup.HostConfig.deployDescriptor Desplieque del descriptor de configuración [V:\Documentos\Sistemas Operativos\DriveWeb\apache-tomcat-9.0.106\conf\Catalina\localhost\DriveSystemWeb.xml]
13-Jun-2025 12:47:50.804 WARNING [http-nio-8080-exec-20] org.apache.catalina.startup.HostConfig.deployDescriptor The path attribute with value [/DriveSystemWeb] in deployment descriptor [V:\Documentos\Sistemas Operativos\DriveWeb\apache-tomcat-9.0.106\conf\Catalina\localhost\DriveSystemWeb.xml] has been ignored
13-Jun-2025 12:47:50.980 INFO [http-nio-8080-exec-20] org.apache.jasper.servlet.TldScanner.scanJars Al menos un JAR, que se ha explorado buscando TLDs, aún no contenía TLDs. Activar historial de depuración para este historiador para una completa lista de los JARs que fueron explorados y de los que nos se halló TLDs. Saltarse JARs no necesarios durante la exploración puede dar lugar a una mejora de tiempo significativa en el arranque y compilación de JSP .
13-Jun-2025 12:47:50.985 INFO [http-nio-8080-exec-20] org.apache.catalina.startup.HostConfig.deployDescriptor Deployment of deployment descriptor [V:\Documentos\Sistemas Operativos\DriveWeb\apache-tomcat-9.0.106\conf\Catalina\localhost\DriveSystemWeb.xml] has finished in [182] ms
13-Jun-2025 12:47:50.989 INFO [http-nio-8080-exec-19] org.apache.catalina.util.LifecycleBase.start The start() method was called on component [StandardEngine[Catalina].StandardHost[localhost].StandardContext[/DriveSystemWeb]] after start() had already been called. The second call will be ignored.
13-Jun-2025 23:29:19.169 INFO [main] org.apache.catalina.core.StandardServer.await Se ha recibido un comando de apagado a través del puerto de apagado. Parando la instancia del Servidor.
13-Jun-2025 23:29:19.172 INFO [main] org.apache.coyote.AbstractProtocol.pause Pausing ProtocolHandler ["http-nio-8080"]
13-Jun-2025 23:29:19.190 INFO [main] org.apache.catalina.core.StandardService.stopInternal Parando servicio [Catalina]
13-Jun-2025 23:29:19.251 INFO [main] org.apache.coyote.AbstractProtocol.stop Stopping ProtocolHandler ["http-nio-8080"]
13-Jun-2025 23:29:19.260 INFO [main] org.apache.coyote.AbstractProtocol.destroy Destroying ProtocolHandler ["http-nio-8080"]
