20-Jun-2025 08:16:42.895 INFO [main] org.apache.catalina.startup.VersionLoggerListener.log Nombre de la versión del servidor: Apache Tomcat/9.0.106
20-Jun-2025 08:16:42.899 INFO [main] org.apache.catalina.startup.VersionLoggerListener.log Server built:                      Jun 5 2025 19:02:30 UTC
20-Jun-2025 08:16:42.899 INFO [main] org.apache.catalina.startup.VersionLoggerListener.log Número de versión de servidor:     9.0.106.0
20-Jun-2025 08:16:42.899 INFO [main] org.apache.catalina.startup.VersionLoggerListener.log OS Name:                           Windows 11
20-Jun-2025 08:16:42.899 INFO [main] org.apache.catalina.startup.VersionLoggerListener.log Versión de Systema Operativo:      10.0
20-Jun-2025 08:16:42.900 INFO [main] org.apache.catalina.startup.VersionLoggerListener.log Arquitectura:                      amd64
20-Jun-2025 08:16:42.900 INFO [main] org.apache.catalina.startup.VersionLoggerListener.log Java Home:                         C:\Program Files\Java\jdk-23
20-Jun-2025 08:16:42.900 INFO [main] org.apache.catalina.startup.VersionLoggerListener.log JVM Version:                       23.0.2+7-58
20-Jun-2025 08:16:42.900 INFO [main] org.apache.catalina.startup.VersionLoggerListener.log Vededor JVM:                       Oracle Corporation
20-Jun-2025 08:16:42.900 INFO [main] org.apache.catalina.startup.VersionLoggerListener.log CATALINA_BASE:                     C:\Users\antho\Desktop\Escritorio\TEC\2025\Primer Semestre\Principios de Sistemas Operativos\Proyecto\Proyecto 3\DriveWeb\apache-tomcat-9.0.106
20-Jun-2025 08:16:42.900 INFO [main] org.apache.catalina.startup.VersionLoggerListener.log CATALINA_HOME:                     C:\Users\antho\Desktop\Escritorio\TEC\2025\Primer Semestre\Principios de Sistemas Operativos\Proyecto\Proyecto 3\DriveWeb\apache-tomcat-9.0.106
20-Jun-2025 08:16:42.910 INFO [main] org.apache.catalina.startup.VersionLoggerListener.log Command line argument:             --add-opens=java.base/java.lang=ALL-UNNAMED
20-Jun-2025 08:16:42.910 INFO [main] org.apache.catalina.startup.VersionLoggerListener.log Command line argument:             --add-opens=java.base/java.lang.invoke=ALL-UNNAMED
20-Jun-2025 08:16:42.910 INFO [main] org.apache.catalina.startup.VersionLoggerListener.log Command line argument:             --add-opens=java.base/java.lang.reflect=ALL-UNNAMED
20-Jun-2025 08:16:42.910 INFO [main] org.apache.catalina.startup.VersionLoggerListener.log Command line argument:             --add-opens=java.base/java.io=ALL-UNNAMED
20-Jun-2025 08:16:42.910 INFO [main] org.apache.catalina.startup.VersionLoggerListener.log Command line argument:             --add-opens=java.base/java.util=ALL-UNNAMED
20-Jun-2025 08:16:42.910 INFO [main] org.apache.catalina.startup.VersionLoggerListener.log Command line argument:             --add-opens=java.base/java.util.concurrent=ALL-UNNAMED
20-Jun-2025 08:16:42.910 INFO [main] org.apache.catalina.startup.VersionLoggerListener.log Command line argument:             --add-opens=java.rmi/sun.rmi.transport=ALL-UNNAMED
20-Jun-2025 08:16:42.911 INFO [main] org.apache.catalina.startup.VersionLoggerListener.log Command line argument:             -Djava.util.logging.config.file=C:\Users\antho\Desktop\Escritorio\TEC\2025\Primer Semestre\Principios de Sistemas Operativos\Proyecto\Proyecto 3\DriveWeb\apache-tomcat-9.0.106\conf\logging.properties
20-Jun-2025 08:16:42.911 INFO [main] org.apache.catalina.startup.VersionLoggerListener.log Command line argument:             -Djava.util.logging.manager=org.apache.juli.ClassLoaderLogManager
20-Jun-2025 08:16:42.911 INFO [main] org.apache.catalina.startup.VersionLoggerListener.log Command line argument:             -Djdk.tls.ephemeralDHKeySize=2048
20-Jun-2025 08:16:42.911 INFO [main] org.apache.catalina.startup.VersionLoggerListener.log Command line argument:             -Djava.protocol.handler.pkgs=org.apache.catalina.webresources
20-Jun-2025 08:16:42.911 INFO [main] org.apache.catalina.startup.VersionLoggerListener.log Command line argument:             -Dsun.io.useCanonCaches=false
20-Jun-2025 08:16:42.911 INFO [main] org.apache.catalina.startup.VersionLoggerListener.log Command line argument:             -Dignore.endorsed.dirs=
20-Jun-2025 08:16:42.959 INFO [main] org.apache.catalina.startup.VersionLoggerListener.log Command line argument:             -Dcatalina.base=C:\Users\antho\Desktop\Escritorio\TEC\2025\Primer Semestre\Principios de Sistemas Operativos\Proyecto\Proyecto 3\DriveWeb\apache-tomcat-9.0.106
20-Jun-2025 08:16:42.961 INFO [main] org.apache.catalina.startup.VersionLoggerListener.log Command line argument:             -Dcatalina.home=C:\Users\antho\Desktop\Escritorio\TEC\2025\Primer Semestre\Principios de Sistemas Operativos\Proyecto\Proyecto 3\DriveWeb\apache-tomcat-9.0.106
20-Jun-2025 08:16:42.961 INFO [main] org.apache.catalina.startup.VersionLoggerListener.log Command line argument:             -Djava.io.tmpdir=C:\Users\antho\Desktop\Escritorio\TEC\2025\Primer Semestre\Principios de Sistemas Operativos\Proyecto\Proyecto 3\DriveWeb\apache-tomcat-9.0.106\temp
20-Jun-2025 08:16:42.999 INFO [main] org.apache.catalina.core.AprLifecycleListener.lifecycleEvent La biblioteca nativa de Apache Tomcat basada en ARP que permite un rendimiento óptimo en entornos de desarrollo no ha sido hallada en java.library.path: [C:\Program Files\Java\jdk-23\bin;C:\WINDOWS\Sun\Java\bin;C:\WINDOWS\system32;C:\WINDOWS;C:\Program Files\Common Files\Oracle\Java\javapath;C:\Program Files (x86)\Common Files\Oracle\Java\javapath;C:\Python313\Scripts\;C:\Python313\;C:\WINDOWS\system32;C:\WINDOWS;C:\WINDOWS\System32\Wbem;C:\WINDOWS\System32\WindowsPowerShell\v1.0\;C:\WINDOWS\System32\OpenSSH\;C:\Program Files\nodejs\;C:\ProgramData\chocolatey\bin;C:\Program Files\Git\cmd;C:\Users\antho\AppData\Local\Microsoft\WindowsApps;C:\Users\antho\AppData\Local\Programs\Microsoft VS Code\bin;C:\Users\antho\AppData\Local\GitHubDesktop\bin;C:\Users\antho\AppData\Local\gitkraken\bin;C:\Users\antho\AppData\Roaming\npm;.]
20-Jun-2025 08:16:43.444 INFO [main] org.apache.coyote.AbstractProtocol.init Inicializando el manejador de protocolo ["http-nio-8080"]

20-Jun-2025 08:16:43.484 INFO [main] org.apache.catalina.startup.Catalina.load Server initialization in [953] milliseconds
20-Jun-2025 08:16:43.565 INFO [main] org.apache.catalina.core.StandardService.startInternal Arrancando servicio [Catalina]
20-Jun-2025 08:16:43.565 INFO [main] org.apache.catalina.core.StandardEngine.startInternal Starting Servlet engine: [Apache Tomcat/9.0.106]
20-Jun-2025 08:16:43.582 INFO [main] org.apache.catalina.startup.HostConfig.deployDescriptor Desplieque del descriptor de configuración [C:\Users\antho\Desktop\Escritorio\TEC\2025\Primer Semestre\Principios de Sistemas Operativos\Proyecto\Proyecto 3\DriveWeb\apache-tomcat-9.0.106\conf\Catalina\localhost\DriveSystemWeb.xml]
20-Jun-2025 08:16:43.612 WARNING [main] org.apache.catalina.startup.HostConfig.deployDescriptor The path attribute with value [/DriveSystemWeb] in deployment descriptor [C:\Users\antho\Desktop\Escritorio\TEC\2025\Primer Semestre\Principios de Sistemas Operativos\Proyecto\Proyecto 3\DriveWeb\apache-tomcat-9.0.106\conf\Catalina\localhost\DriveSystemWeb.xml] has been ignored
20-Jun-2025 08:16:44.229 INFO [main] org.apache.jasper.servlet.TldScanner.scanJars Al menos un JAR, que se ha explorado buscando TLDs, aún no contenía TLDs. Activar historial de depuración para este historiador para una completa lista de los JARs que fueron explorados y de los que nos se halló TLDs. Saltarse JARs no necesarios durante la exploración puede dar lugar a una mejora de tiempo significativa en el arranque y compilación de JSP .
20-Jun-2025 08:16:44.342 INFO [main] org.apache.catalina.startup.HostConfig.deployDescriptor Deployment of deployment descriptor [C:\Users\antho\Desktop\Escritorio\TEC\2025\Primer Semestre\Principios de Sistemas Operativos\Proyecto\Proyecto 3\DriveWeb\apache-tomcat-9.0.106\conf\Catalina\localhost\DriveSystemWeb.xml] has finished in [757] ms
20-Jun-2025 08:16:44.344 INFO [main] org.apache.catalina.startup.HostConfig.deployDirectory Desplegando el directorio [C:\Users\antho\Desktop\Escritorio\TEC\2025\Primer Semestre\Principios de Sistemas Operativos\Proyecto\Proyecto 3\DriveWeb\apache-tomcat-9.0.106\webapps\docs] de la aplicación web
20-Jun-2025 08:16:44.425 INFO [main] org.apache.catalina.startup.HostConfig.deployDirectory Deployment of web application directory [C:\Users\antho\Desktop\Escritorio\TEC\2025\Primer Semestre\Principios de Sistemas Operativos\Proyecto\Proyecto 3\DriveWeb\apache-tomcat-9.0.106\webapps\docs] has finished in [80] ms
20-Jun-2025 08:16:44.425 INFO [main] org.apache.catalina.startup.HostConfig.deployDirectory Desplegando el directorio [C:\Users\antho\Desktop\Escritorio\TEC\2025\Primer Semestre\Principios de Sistemas Operativos\Proyecto\Proyecto 3\DriveWeb\apache-tomcat-9.0.106\webapps\examples] de la aplicación web
20-Jun-2025 08:16:45.246 INFO [main] org.apache.catalina.startup.HostConfig.deployDirectory Deployment of web application directory [C:\Users\antho\Desktop\Escritorio\TEC\2025\Primer Semestre\Principios de Sistemas Operativos\Proyecto\Proyecto 3\DriveWeb\apache-tomcat-9.0.106\webapps\examples] has finished in [820] ms
20-Jun-2025 08:16:45.246 INFO [main] org.apache.catalina.startup.HostConfig.deployDirectory Desplegando el directorio [C:\Users\antho\Desktop\Escritorio\TEC\2025\Primer Semestre\Principios de Sistemas Operativos\Proyecto\Proyecto 3\DriveWeb\apache-tomcat-9.0.106\webapps\host-manager] de la aplicación web
20-Jun-2025 08:16:45.422 INFO [main] org.apache.catalina.startup.HostConfig.deployDirectory Deployment of web application directory [C:\Users\antho\Desktop\Escritorio\TEC\2025\Primer Semestre\Principios de Sistemas Operativos\Proyecto\Proyecto 3\DriveWeb\apache-tomcat-9.0.106\webapps\host-manager] has finished in [176] ms
20-Jun-2025 08:16:45.423 INFO [main] org.apache.catalina.startup.HostConfig.deployDirectory Desplegando el directorio [C:\Users\antho\Desktop\Escritorio\TEC\2025\Primer Semestre\Principios de Sistemas Operativos\Proyecto\Proyecto 3\DriveWeb\apache-tomcat-9.0.106\webapps\manager] de la aplicación web
20-Jun-2025 08:16:45.542 INFO [main] org.apache.catalina.startup.HostConfig.deployDirectory Deployment of web application directory [C:\Users\antho\Desktop\Escritorio\TEC\2025\Primer Semestre\Principios de Sistemas Operativos\Proyecto\Proyecto 3\DriveWeb\apache-tomcat-9.0.106\webapps\manager] has finished in [119] ms
20-Jun-2025 08:16:45.542 INFO [main] org.apache.catalina.startup.HostConfig.deployDirectory Desplegando el directorio [C:\Users\antho\Desktop\Escritorio\TEC\2025\Primer Semestre\Principios de Sistemas Operativos\Proyecto\Proyecto 3\DriveWeb\apache-tomcat-9.0.106\webapps\ROOT] de la aplicación web
20-Jun-2025 08:16:45.596 INFO [main] org.apache.catalina.startup.HostConfig.deployDirectory Deployment of web application directory [C:\Users\antho\Desktop\Escritorio\TEC\2025\Primer Semestre\Principios de Sistemas Operativos\Proyecto\Proyecto 3\DriveWeb\apache-tomcat-9.0.106\webapps\ROOT] has finished in [54] ms
20-Jun-2025 08:16:45.601 INFO [main] org.apache.coyote.AbstractProtocol.start Starting ProtocolHandler ["http-nio-8080"]
20-Jun-2025 08:16:45.624 INFO [main] org.apache.catalina.startup.Catalina.start Server startup in [2148] milliseconds
20-Jun-2025 08:17:55.347 INFO [http-nio-8080-exec-8] org.apache.catalina.startup.HostConfig.undeploy Repliegue (undeploy) de la aplicación web que tiene como trayectoria de contexto [/DriveSystemWeb]
20-Jun-2025 08:17:55.452 INFO [http-nio-8080-exec-9] org.apache.catalina.startup.HostConfig.deployDescriptor Desplieque del descriptor de configuración [C:\Users\antho\Desktop\Escritorio\TEC\2025\Primer Semestre\Principios de Sistemas Operativos\Proyecto\Proyecto 3\DriveWeb\apache-tomcat-9.0.106\conf\Catalina\localhost\DriveSystemWeb.xml]
20-Jun-2025 08:17:55.454 WARNING [http-nio-8080-exec-9] org.apache.catalina.startup.HostConfig.deployDescriptor The path attribute with value [/DriveSystemWeb] in deployment descriptor [C:\Users\antho\Desktop\Escritorio\TEC\2025\Primer Semestre\Principios de Sistemas Operativos\Proyecto\Proyecto 3\DriveWeb\apache-tomcat-9.0.106\conf\Catalina\localhost\DriveSystemWeb.xml] has been ignored
20-Jun-2025 08:17:55.695 INFO [http-nio-8080-exec-9] org.apache.jasper.servlet.TldScanner.scanJars Al menos un JAR, que se ha explorado buscando TLDs, aún no contenía TLDs. Activar historial de depuración para este historiador para una completa lista de los JARs que fueron explorados y de los que nos se halló TLDs. Saltarse JARs no necesarios durante la exploración puede dar lugar a una mejora de tiempo significativa en el arranque y compilación de JSP .
20-Jun-2025 08:17:55.700 INFO [http-nio-8080-exec-9] org.apache.catalina.startup.HostConfig.deployDescriptor Deployment of deployment descriptor [C:\Users\antho\Desktop\Escritorio\TEC\2025\Primer Semestre\Principios de Sistemas Operativos\Proyecto\Proyecto 3\DriveWeb\apache-tomcat-9.0.106\conf\Catalina\localhost\DriveSystemWeb.xml] has finished in [248] ms
20-Jun-2025 08:17:55.703 INFO [http-nio-8080-exec-1] org.apache.catalina.util.LifecycleBase.start The start() method was called on component [StandardEngine[Catalina].StandardHost[localhost].StandardContext[/DriveSystemWeb]] after start() had already been called. The second call will be ignored.
20-Jun-2025 08:21:47.235 INFO [http-nio-8080-exec-19] org.apache.catalina.startup.HostConfig.undeploy Repliegue (undeploy) de la aplicación web que tiene como trayectoria de contexto [/DriveSystemWeb]
20-Jun-2025 08:24:58.574 INFO [http-nio-8080-exec-15] org.apache.catalina.startup.HostConfig.deployDescriptor Desplieque del descriptor de configuración [C:\Users\antho\Desktop\Escritorio\TEC\2025\Primer Semestre\Principios de Sistemas Operativos\Proyecto\Proyecto 3\DriveWeb\apache-tomcat-9.0.106\conf\Catalina\localhost\DriveSystemWeb.xml]
20-Jun-2025 08:24:58.574 WARNING [http-nio-8080-exec-15] org.apache.catalina.startup.HostConfig.deployDescriptor The path attribute with value [/DriveSystemWeb] in deployment descriptor [C:\Users\antho\Desktop\Escritorio\TEC\2025\Primer Semestre\Principios de Sistemas Operativos\Proyecto\Proyecto 3\DriveWeb\apache-tomcat-9.0.106\conf\Catalina\localhost\DriveSystemWeb.xml] has been ignored
20-Jun-2025 08:24:58.797 INFO [http-nio-8080-exec-15] org.apache.jasper.servlet.TldScanner.scanJars Al menos un JAR, que se ha explorado buscando TLDs, aún no contenía TLDs. Activar historial de depuración para este historiador para una completa lista de los JARs que fueron explorados y de los que nos se halló TLDs. Saltarse JARs no necesarios durante la exploración puede dar lugar a una mejora de tiempo significativa en el arranque y compilación de JSP .
20-Jun-2025 08:24:58.802 INFO [http-nio-8080-exec-15] org.apache.catalina.startup.HostConfig.deployDescriptor Deployment of deployment descriptor [C:\Users\antho\Desktop\Escritorio\TEC\2025\Primer Semestre\Principios de Sistemas Operativos\Proyecto\Proyecto 3\DriveWeb\apache-tomcat-9.0.106\conf\Catalina\localhost\DriveSystemWeb.xml] has finished in [228] ms
20-Jun-2025 08:24:58.807 INFO [http-nio-8080-exec-17] org.apache.catalina.util.LifecycleBase.start The start() method was called on component [StandardEngine[Catalina].StandardHost[localhost].StandardContext[/DriveSystemWeb]] after start() had already been called. The second call will be ignored.
20-Jun-2025 08:27:01.915 INFO [http-nio-8080-exec-27] org.apache.catalina.startup.HostConfig.undeploy Repliegue (undeploy) de la aplicación web que tiene como trayectoria de contexto [/DriveSystemWeb]
20-Jun-2025 08:27:01.975 INFO [http-nio-8080-exec-28] org.apache.catalina.startup.HostConfig.deployDescriptor Desplieque del descriptor de configuración [C:\Users\antho\Desktop\Escritorio\TEC\2025\Primer Semestre\Principios de Sistemas Operativos\Proyecto\Proyecto 3\DriveWeb\apache-tomcat-9.0.106\conf\Catalina\localhost\DriveSystemWeb.xml]
20-Jun-2025 08:27:01.976 WARNING [http-nio-8080-exec-28] org.apache.catalina.startup.HostConfig.deployDescriptor The path attribute with value [/DriveSystemWeb] in deployment descriptor [C:\Users\antho\Desktop\Escritorio\TEC\2025\Primer Semestre\Principios de Sistemas Operativos\Proyecto\Proyecto 3\DriveWeb\apache-tomcat-9.0.106\conf\Catalina\localhost\DriveSystemWeb.xml] has been ignored
20-Jun-2025 08:27:02.162 INFO [http-nio-8080-exec-28] org.apache.jasper.servlet.TldScanner.scanJars Al menos un JAR, que se ha explorado buscando TLDs, aún no contenía TLDs. Activar historial de depuración para este historiador para una completa lista de los JARs que fueron explorados y de los que nos se halló TLDs. Saltarse JARs no necesarios durante la exploración puede dar lugar a una mejora de tiempo significativa en el arranque y compilación de JSP .
20-Jun-2025 08:27:02.168 INFO [http-nio-8080-exec-28] org.apache.catalina.startup.HostConfig.deployDescriptor Deployment of deployment descriptor [C:\Users\antho\Desktop\Escritorio\TEC\2025\Primer Semestre\Principios de Sistemas Operativos\Proyecto\Proyecto 3\DriveWeb\apache-tomcat-9.0.106\conf\Catalina\localhost\DriveSystemWeb.xml] has finished in [194] ms
20-Jun-2025 08:27:02.171 INFO [http-nio-8080-exec-29] org.apache.catalina.util.LifecycleBase.start The start() method was called on component [StandardEngine[Catalina].StandardHost[localhost].StandardContext[/DriveSystemWeb]] after start() had already been called. The second call will be ignored.
20-Jun-2025 08:29:10.516 INFO [http-nio-8080-exec-35] org.apache.catalina.startup.HostConfig.undeploy Repliegue (undeploy) de la aplicación web que tiene como trayectoria de contexto [/DriveSystemWeb]
20-Jun-2025 08:29:28.374 INFO [http-nio-8080-exec-40] org.apache.catalina.startup.HostConfig.deployDescriptor Desplieque del descriptor de configuración [C:\Users\antho\Desktop\Escritorio\TEC\2025\Primer Semestre\Principios de Sistemas Operativos\Proyecto\Proyecto 3\DriveWeb\apache-tomcat-9.0.106\conf\Catalina\localhost\DriveSystemWeb.xml]
20-Jun-2025 08:29:28.375 WARNING [http-nio-8080-exec-40] org.apache.catalina.startup.HostConfig.deployDescriptor The path attribute with value [/DriveSystemWeb] in deployment descriptor [C:\Users\antho\Desktop\Escritorio\TEC\2025\Primer Semestre\Principios de Sistemas Operativos\Proyecto\Proyecto 3\DriveWeb\apache-tomcat-9.0.106\conf\Catalina\localhost\DriveSystemWeb.xml] has been ignored
20-Jun-2025 08:29:28.584 INFO [http-nio-8080-exec-40] org.apache.jasper.servlet.TldScanner.scanJars Al menos un JAR, que se ha explorado buscando TLDs, aún no contenía TLDs. Activar historial de depuración para este historiador para una completa lista de los JARs que fueron explorados y de los que nos se halló TLDs. Saltarse JARs no necesarios durante la exploración puede dar lugar a una mejora de tiempo significativa en el arranque y compilación de JSP .
20-Jun-2025 08:29:28.588 INFO [http-nio-8080-exec-40] org.apache.catalina.startup.HostConfig.deployDescriptor Deployment of deployment descriptor [C:\Users\antho\Desktop\Escritorio\TEC\2025\Primer Semestre\Principios de Sistemas Operativos\Proyecto\Proyecto 3\DriveWeb\apache-tomcat-9.0.106\conf\Catalina\localhost\DriveSystemWeb.xml] has finished in [214] ms
20-Jun-2025 08:29:28.655 INFO [http-nio-8080-exec-36] org.apache.catalina.util.LifecycleBase.start The start() method was called on component [StandardEngine[Catalina].StandardHost[localhost].StandardContext[/DriveSystemWeb]] after start() had already been called. The second call will be ignored.
20-Jun-2025 08:30:24.126 INFO [http-nio-8080-exec-41] org.apache.catalina.startup.HostConfig.undeploy Repliegue (undeploy) de la aplicación web que tiene como trayectoria de contexto [/DriveSystemWeb]
20-Jun-2025 08:30:47.043 INFO [http-nio-8080-exec-44] org.apache.catalina.startup.HostConfig.deployDescriptor Desplieque del descriptor de configuración [C:\Users\antho\Desktop\Escritorio\TEC\2025\Primer Semestre\Principios de Sistemas Operativos\Proyecto\Proyecto 3\DriveWeb\apache-tomcat-9.0.106\conf\Catalina\localhost\DriveSystemWeb.xml]
20-Jun-2025 08:30:47.043 WARNING [http-nio-8080-exec-44] org.apache.catalina.startup.HostConfig.deployDescriptor The path attribute with value [/DriveSystemWeb] in deployment descriptor [C:\Users\antho\Desktop\Escritorio\TEC\2025\Primer Semestre\Principios de Sistemas Operativos\Proyecto\Proyecto 3\DriveWeb\apache-tomcat-9.0.106\conf\Catalina\localhost\DriveSystemWeb.xml] has been ignored
20-Jun-2025 08:30:47.270 INFO [http-nio-8080-exec-44] org.apache.jasper.servlet.TldScanner.scanJars Al menos un JAR, que se ha explorado buscando TLDs, aún no contenía TLDs. Activar historial de depuración para este historiador para una completa lista de los JARs que fueron explorados y de los que nos se halló TLDs. Saltarse JARs no necesarios durante la exploración puede dar lugar a una mejora de tiempo significativa en el arranque y compilación de JSP .
20-Jun-2025 08:30:47.276 INFO [http-nio-8080-exec-44] org.apache.catalina.startup.HostConfig.deployDescriptor Deployment of deployment descriptor [C:\Users\antho\Desktop\Escritorio\TEC\2025\Primer Semestre\Principios de Sistemas Operativos\Proyecto\Proyecto 3\DriveWeb\apache-tomcat-9.0.106\conf\Catalina\localhost\DriveSystemWeb.xml] has finished in [233] ms
20-Jun-2025 08:30:47.279 INFO [http-nio-8080-exec-41] org.apache.catalina.util.LifecycleBase.start The start() method was called on component [StandardEngine[Catalina].StandardHost[localhost].StandardContext[/DriveSystemWeb]] after start() had already been called. The second call will be ignored.
20-Jun-2025 08:39:45.156 INFO [http-nio-8080-exec-55] org.apache.catalina.startup.HostConfig.undeploy Repliegue (undeploy) de la aplicación web que tiene como trayectoria de contexto [/DriveSystemWeb]
20-Jun-2025 08:40:01.999 INFO [http-nio-8080-exec-48] org.apache.catalina.startup.HostConfig.deployDescriptor Desplieque del descriptor de configuración [C:\Users\antho\Desktop\Escritorio\TEC\2025\Primer Semestre\Principios de Sistemas Operativos\Proyecto\Proyecto 3\DriveWeb\apache-tomcat-9.0.106\conf\Catalina\localhost\DriveSystemWeb.xml]
20-Jun-2025 08:40:01.999 WARNING [http-nio-8080-exec-48] org.apache.catalina.startup.HostConfig.deployDescriptor The path attribute with value [/DriveSystemWeb] in deployment descriptor [C:\Users\antho\Desktop\Escritorio\TEC\2025\Primer Semestre\Principios de Sistemas Operativos\Proyecto\Proyecto 3\DriveWeb\apache-tomcat-9.0.106\conf\Catalina\localhost\DriveSystemWeb.xml] has been ignored
20-Jun-2025 08:40:02.191 INFO [http-nio-8080-exec-48] org.apache.jasper.servlet.TldScanner.scanJars Al menos un JAR, que se ha explorado buscando TLDs, aún no contenía TLDs. Activar historial de depuración para este historiador para una completa lista de los JARs que fueron explorados y de los que nos se halló TLDs. Saltarse JARs no necesarios durante la exploración puede dar lugar a una mejora de tiempo significativa en el arranque y compilación de JSP .
20-Jun-2025 08:40:02.191 INFO [http-nio-8080-exec-48] org.apache.catalina.startup.HostConfig.deployDescriptor Deployment of deployment descriptor [C:\Users\antho\Desktop\Escritorio\TEC\2025\Primer Semestre\Principios de Sistemas Operativos\Proyecto\Proyecto 3\DriveWeb\apache-tomcat-9.0.106\conf\Catalina\localhost\DriveSystemWeb.xml] has finished in [192] ms
20-Jun-2025 08:40:02.200 INFO [http-nio-8080-exec-54] org.apache.catalina.util.LifecycleBase.start The start() method was called on component [StandardEngine[Catalina].StandardHost[localhost].StandardContext[/DriveSystemWeb]] after start() had already been called. The second call will be ignored.
20-Jun-2025 08:57:37.914 INFO [http-nio-8080-exec-66] org.apache.catalina.startup.HostConfig.undeploy Repliegue (undeploy) de la aplicación web que tiene como trayectoria de contexto [/DriveSystemWeb]
20-Jun-2025 09:01:59.470 INFO [http-nio-8080-exec-63] org.apache.catalina.startup.HostConfig.deployDescriptor Desplieque del descriptor de configuración [C:\Users\antho\Desktop\Escritorio\TEC\2025\Primer Semestre\Principios de Sistemas Operativos\Proyecto\Proyecto 3\DriveWeb\apache-tomcat-9.0.106\conf\Catalina\localhost\DriveSystemWeb.xml]
20-Jun-2025 09:01:59.472 WARNING [http-nio-8080-exec-63] org.apache.catalina.startup.HostConfig.deployDescriptor The path attribute with value [/DriveSystemWeb] in deployment descriptor [C:\Users\antho\Desktop\Escritorio\TEC\2025\Primer Semestre\Principios de Sistemas Operativos\Proyecto\Proyecto 3\DriveWeb\apache-tomcat-9.0.106\conf\Catalina\localhost\DriveSystemWeb.xml] has been ignored
20-Jun-2025 09:01:59.755 INFO [http-nio-8080-exec-63] org.apache.jasper.servlet.TldScanner.scanJars Al menos un JAR, que se ha explorado buscando TLDs, aún no contenía TLDs. Activar historial de depuración para este historiador para una completa lista de los JARs que fueron explorados y de los que nos se halló TLDs. Saltarse JARs no necesarios durante la exploración puede dar lugar a una mejora de tiempo significativa en el arranque y compilación de JSP .
20-Jun-2025 09:01:59.755 INFO [http-nio-8080-exec-63] org.apache.catalina.startup.HostConfig.deployDescriptor Deployment of deployment descriptor [C:\Users\antho\Desktop\Escritorio\TEC\2025\Primer Semestre\Principios de Sistemas Operativos\Proyecto\Proyecto 3\DriveWeb\apache-tomcat-9.0.106\conf\Catalina\localhost\DriveSystemWeb.xml] has finished in [285] ms
20-Jun-2025 09:01:59.771 INFO [http-nio-8080-exec-73] org.apache.catalina.util.LifecycleBase.start The start() method was called on component [StandardEngine[Catalina].StandardHost[localhost].StandardContext[/DriveSystemWeb]] after start() had already been called. The second call will be ignored.
20-Jun-2025 09:04:02.393 INFO [main] org.apache.catalina.core.StandardServer.await Se ha recibido un comando de apagado a través del puerto de apagado. Parando la instancia del Servidor.
20-Jun-2025 09:04:02.394 INFO [main] org.apache.coyote.AbstractProtocol.pause Pausing ProtocolHandler ["http-nio-8080"]
20-Jun-2025 09:04:02.426 INFO [main] org.apache.catalina.core.StandardService.stopInternal Parando servicio [Catalina]
20-Jun-2025 09:04:02.463 INFO [main] org.apache.coyote.AbstractProtocol.stop Stopping ProtocolHandler ["http-nio-8080"]
20-Jun-2025 09:04:02.494 INFO [main] org.apache.coyote.AbstractProtocol.destroy Destroying ProtocolHandler ["http-nio-8080"]
20-Jun-2025 09:06:50.046 INFO [main] org.apache.catalina.startup.VersionLoggerListener.log Nombre de la versión del servidor: Apache Tomcat/9.0.106
20-Jun-2025 09:06:50.051 INFO [main] org.apache.catalina.startup.VersionLoggerListener.log Server built:                      Jun 5 2025 19:02:30 UTC
20-Jun-2025 09:06:50.051 INFO [main] org.apache.catalina.startup.VersionLoggerListener.log Número de versión de servidor:     9.0.106.0
20-Jun-2025 09:06:50.051 INFO [main] org.apache.catalina.startup.VersionLoggerListener.log OS Name:                           Windows 11
20-Jun-2025 09:06:50.052 INFO [main] org.apache.catalina.startup.VersionLoggerListener.log Versión de Systema Operativo:      10.0
20-Jun-2025 09:06:50.052 INFO [main] org.apache.catalina.startup.VersionLoggerListener.log Arquitectura:                      amd64
20-Jun-2025 09:06:50.052 INFO [main] org.apache.catalina.startup.VersionLoggerListener.log Java Home:                         C:\Program Files\Java\jdk-23
20-Jun-2025 09:06:50.052 INFO [main] org.apache.catalina.startup.VersionLoggerListener.log JVM Version:                       23.0.2+7-58
20-Jun-2025 09:06:50.053 INFO [main] org.apache.catalina.startup.VersionLoggerListener.log Vededor JVM:                       Oracle Corporation
20-Jun-2025 09:06:50.053 INFO [main] org.apache.catalina.startup.VersionLoggerListener.log CATALINA_BASE:                     C:\Users\antho\Desktop\Escritorio\TEC\2025\Primer Semestre\Principios de Sistemas Operativos\Proyecto\Proyecto 3\DriveWeb\apache-tomcat-9.0.106
20-Jun-2025 09:06:50.053 INFO [main] org.apache.catalina.startup.VersionLoggerListener.log CATALINA_HOME:                     C:\Users\antho\Desktop\Escritorio\TEC\2025\Primer Semestre\Principios de Sistemas Operativos\Proyecto\Proyecto 3\DriveWeb\apache-tomcat-9.0.106
20-Jun-2025 09:06:50.062 INFO [main] org.apache.catalina.startup.VersionLoggerListener.log Command line argument:             --add-opens=java.base/java.lang=ALL-UNNAMED
20-Jun-2025 09:06:50.062 INFO [main] org.apache.catalina.startup.VersionLoggerListener.log Command line argument:             --add-opens=java.base/java.lang.invoke=ALL-UNNAMED
20-Jun-2025 09:06:50.062 INFO [main] org.apache.catalina.startup.VersionLoggerListener.log Command line argument:             --add-opens=java.base/java.lang.reflect=ALL-UNNAMED
20-Jun-2025 09:06:50.062 INFO [main] org.apache.catalina.startup.VersionLoggerListener.log Command line argument:             --add-opens=java.base/java.io=ALL-UNNAMED
20-Jun-2025 09:06:50.063 INFO [main] org.apache.catalina.startup.VersionLoggerListener.log Command line argument:             --add-opens=java.base/java.util=ALL-UNNAMED
20-Jun-2025 09:06:50.063 INFO [main] org.apache.catalina.startup.VersionLoggerListener.log Command line argument:             --add-opens=java.base/java.util.concurrent=ALL-UNNAMED
20-Jun-2025 09:06:50.063 INFO [main] org.apache.catalina.startup.VersionLoggerListener.log Command line argument:             --add-opens=java.rmi/sun.rmi.transport=ALL-UNNAMED
20-Jun-2025 09:06:50.063 INFO [main] org.apache.catalina.startup.VersionLoggerListener.log Command line argument:             -Djava.util.logging.config.file=C:\Users\antho\Desktop\Escritorio\TEC\2025\Primer Semestre\Principios de Sistemas Operativos\Proyecto\Proyecto 3\DriveWeb\apache-tomcat-9.0.106\conf\logging.properties
20-Jun-2025 09:06:50.063 INFO [main] org.apache.catalina.startup.VersionLoggerListener.log Command line argument:             -Djava.util.logging.manager=org.apache.juli.ClassLoaderLogManager
20-Jun-2025 09:06:50.063 INFO [main] org.apache.catalina.startup.VersionLoggerListener.log Command line argument:             -Djdk.tls.ephemeralDHKeySize=2048
20-Jun-2025 09:06:50.063 INFO [main] org.apache.catalina.startup.VersionLoggerListener.log Command line argument:             -Djava.protocol.handler.pkgs=org.apache.catalina.webresources
20-Jun-2025 09:06:50.063 INFO [main] org.apache.catalina.startup.VersionLoggerListener.log Command line argument:             -Dsun.io.useCanonCaches=false
20-Jun-2025 09:06:50.063 INFO [main] org.apache.catalina.startup.VersionLoggerListener.log Command line argument:             -Dignore.endorsed.dirs=
20-Jun-2025 09:06:50.149 INFO [main] org.apache.catalina.startup.VersionLoggerListener.log Command line argument:             -Dcatalina.base=C:\Users\antho\Desktop\Escritorio\TEC\2025\Primer Semestre\Principios de Sistemas Operativos\Proyecto\Proyecto 3\DriveWeb\apache-tomcat-9.0.106
20-Jun-2025 09:06:50.151 INFO [main] org.apache.catalina.startup.VersionLoggerListener.log Command line argument:             -Dcatalina.home=C:\Users\antho\Desktop\Escritorio\TEC\2025\Primer Semestre\Principios de Sistemas Operativos\Proyecto\Proyecto 3\DriveWeb\apache-tomcat-9.0.106
20-Jun-2025 09:06:50.151 INFO [main] org.apache.catalina.startup.VersionLoggerListener.log Command line argument:             -Djava.io.tmpdir=C:\Users\antho\Desktop\Escritorio\TEC\2025\Primer Semestre\Principios de Sistemas Operativos\Proyecto\Proyecto 3\DriveWeb\apache-tomcat-9.0.106\temp
20-Jun-2025 09:06:50.192 INFO [main] org.apache.catalina.core.AprLifecycleListener.lifecycleEvent La biblioteca nativa de Apache Tomcat basada en ARP que permite un rendimiento óptimo en entornos de desarrollo no ha sido hallada en java.library.path: [C:\Program Files\Java\jdk-23\bin;C:\WINDOWS\Sun\Java\bin;C:\WINDOWS\system32;C:\WINDOWS;C:\Program Files\Common Files\Oracle\Java\javapath;C:\Program Files (x86)\Common Files\Oracle\Java\javapath;C:\Python313\Scripts\;C:\Python313\;C:\WINDOWS\system32;C:\WINDOWS;C:\WINDOWS\System32\Wbem;C:\WINDOWS\System32\WindowsPowerShell\v1.0\;C:\WINDOWS\System32\OpenSSH\;C:\Program Files\nodejs\;C:\ProgramData\chocolatey\bin;C:\Program Files\Git\cmd;C:\Users\antho\AppData\Local\Microsoft\WindowsApps;C:\Users\antho\AppData\Local\Programs\Microsoft VS Code\bin;C:\Users\antho\AppData\Local\GitHubDesktop\bin;C:\Users\antho\AppData\Local\gitkraken\bin;C:\Users\antho\AppData\Roaming\npm;.]
20-Jun-2025 09:06:50.700 INFO [main] org.apache.coyote.AbstractProtocol.init Inicializando el manejador de protocolo ["http-nio-8080"]

20-Jun-2025 09:06:50.727 INFO [main] org.apache.catalina.startup.Catalina.load Server initialization in [1001] milliseconds
20-Jun-2025 09:06:50.805 INFO [main] org.apache.catalina.core.StandardService.startInternal Arrancando servicio [Catalina]
20-Jun-2025 09:06:50.806 INFO [main] org.apache.catalina.core.StandardEngine.startInternal Starting Servlet engine: [Apache Tomcat/9.0.106]
20-Jun-2025 09:06:50.821 INFO [main] org.apache.catalina.startup.HostConfig.deployDescriptor Desplieque del descriptor de configuración [C:\Users\antho\Desktop\Escritorio\TEC\2025\Primer Semestre\Principios de Sistemas Operativos\Proyecto\Proyecto 3\DriveWeb\apache-tomcat-9.0.106\conf\Catalina\localhost\DriveSystemWeb.xml]
20-Jun-2025 09:06:50.840 WARNING [main] org.apache.catalina.startup.HostConfig.deployDescriptor The path attribute with value [/DriveSystemWeb] in deployment descriptor [C:\Users\antho\Desktop\Escritorio\TEC\2025\Primer Semestre\Principios de Sistemas Operativos\Proyecto\Proyecto 3\DriveWeb\apache-tomcat-9.0.106\conf\Catalina\localhost\DriveSystemWeb.xml] has been ignored
20-Jun-2025 09:06:51.418 INFO [main] org.apache.jasper.servlet.TldScanner.scanJars Al menos un JAR, que se ha explorado buscando TLDs, aún no contenía TLDs. Activar historial de depuración para este historiador para una completa lista de los JARs que fueron explorados y de los que nos se halló TLDs. Saltarse JARs no necesarios durante la exploración puede dar lugar a una mejora de tiempo significativa en el arranque y compilación de JSP .
20-Jun-2025 09:06:51.509 INFO [main] org.apache.catalina.startup.HostConfig.deployDescriptor Deployment of deployment descriptor [C:\Users\antho\Desktop\Escritorio\TEC\2025\Primer Semestre\Principios de Sistemas Operativos\Proyecto\Proyecto 3\DriveWeb\apache-tomcat-9.0.106\conf\Catalina\localhost\DriveSystemWeb.xml] has finished in [684] ms
20-Jun-2025 09:06:51.511 INFO [main] org.apache.catalina.startup.HostConfig.deployDirectory Desplegando el directorio [C:\Users\antho\Desktop\Escritorio\TEC\2025\Primer Semestre\Principios de Sistemas Operativos\Proyecto\Proyecto 3\DriveWeb\apache-tomcat-9.0.106\webapps\docs] de la aplicación web
20-Jun-2025 09:06:51.585 INFO [main] org.apache.catalina.startup.HostConfig.deployDirectory Deployment of web application directory [C:\Users\antho\Desktop\Escritorio\TEC\2025\Primer Semestre\Principios de Sistemas Operativos\Proyecto\Proyecto 3\DriveWeb\apache-tomcat-9.0.106\webapps\docs] has finished in [73] ms
20-Jun-2025 09:06:51.586 INFO [main] org.apache.catalina.startup.HostConfig.deployDirectory Desplegando el directorio [C:\Users\antho\Desktop\Escritorio\TEC\2025\Primer Semestre\Principios de Sistemas Operativos\Proyecto\Proyecto 3\DriveWeb\apache-tomcat-9.0.106\webapps\examples] de la aplicación web
20-Jun-2025 09:06:52.312 INFO [main] org.apache.catalina.startup.HostConfig.deployDirectory Deployment of web application directory [C:\Users\antho\Desktop\Escritorio\TEC\2025\Primer Semestre\Principios de Sistemas Operativos\Proyecto\Proyecto 3\DriveWeb\apache-tomcat-9.0.106\webapps\examples] has finished in [726] ms
20-Jun-2025 09:06:52.312 INFO [main] org.apache.catalina.startup.HostConfig.deployDirectory Desplegando el directorio [C:\Users\antho\Desktop\Escritorio\TEC\2025\Primer Semestre\Principios de Sistemas Operativos\Proyecto\Proyecto 3\DriveWeb\apache-tomcat-9.0.106\webapps\host-manager] de la aplicación web
20-Jun-2025 09:06:52.375 INFO [main] org.apache.catalina.startup.HostConfig.deployDirectory Deployment of web application directory [C:\Users\antho\Desktop\Escritorio\TEC\2025\Primer Semestre\Principios de Sistemas Operativos\Proyecto\Proyecto 3\DriveWeb\apache-tomcat-9.0.106\webapps\host-manager] has finished in [63] ms
20-Jun-2025 09:06:52.377 INFO [main] org.apache.catalina.startup.HostConfig.deployDirectory Desplegando el directorio [C:\Users\antho\Desktop\Escritorio\TEC\2025\Primer Semestre\Principios de Sistemas Operativos\Proyecto\Proyecto 3\DriveWeb\apache-tomcat-9.0.106\webapps\manager] de la aplicación web
20-Jun-2025 09:06:52.446 INFO [main] org.apache.catalina.startup.HostConfig.deployDirectory Deployment of web application directory [C:\Users\antho\Desktop\Escritorio\TEC\2025\Primer Semestre\Principios de Sistemas Operativos\Proyecto\Proyecto 3\DriveWeb\apache-tomcat-9.0.106\webapps\manager] has finished in [70] ms
20-Jun-2025 09:06:52.447 INFO [main] org.apache.catalina.startup.HostConfig.deployDirectory Desplegando el directorio [C:\Users\antho\Desktop\Escritorio\TEC\2025\Primer Semestre\Principios de Sistemas Operativos\Proyecto\Proyecto 3\DriveWeb\apache-tomcat-9.0.106\webapps\ROOT] de la aplicación web
20-Jun-2025 09:06:52.491 INFO [main] org.apache.catalina.startup.HostConfig.deployDirectory Deployment of web application directory [C:\Users\antho\Desktop\Escritorio\TEC\2025\Primer Semestre\Principios de Sistemas Operativos\Proyecto\Proyecto 3\DriveWeb\apache-tomcat-9.0.106\webapps\ROOT] has finished in [44] ms
20-Jun-2025 09:06:52.497 INFO [main] org.apache.coyote.AbstractProtocol.start Starting ProtocolHandler ["http-nio-8080"]
20-Jun-2025 09:06:52.525 INFO [main] org.apache.catalina.startup.Catalina.start Server startup in [1797] milliseconds
20-Jun-2025 09:08:57.622 INFO [http-nio-8080-exec-10] org.apache.catalina.startup.HostConfig.undeploy Repliegue (undeploy) de la aplicación web que tiene como trayectoria de contexto [/DriveSystemWeb]
20-Jun-2025 09:08:57.677 INFO [http-nio-8080-exec-5] org.apache.catalina.startup.HostConfig.deployDescriptor Desplieque del descriptor de configuración [C:\Users\antho\Desktop\Escritorio\TEC\2025\Primer Semestre\Principios de Sistemas Operativos\Proyecto\Proyecto 3\DriveWeb\apache-tomcat-9.0.106\conf\Catalina\localhost\DriveSystemWeb.xml]
20-Jun-2025 09:08:57.678 WARNING [http-nio-8080-exec-5] org.apache.catalina.startup.HostConfig.deployDescriptor The path attribute with value [/DriveSystemWeb] in deployment descriptor [C:\Users\antho\Desktop\Escritorio\TEC\2025\Primer Semestre\Principios de Sistemas Operativos\Proyecto\Proyecto 3\DriveWeb\apache-tomcat-9.0.106\conf\Catalina\localhost\DriveSystemWeb.xml] has been ignored
20-Jun-2025 09:08:57.916 INFO [http-nio-8080-exec-5] org.apache.jasper.servlet.TldScanner.scanJars Al menos un JAR, que se ha explorado buscando TLDs, aún no contenía TLDs. Activar historial de depuración para este historiador para una completa lista de los JARs que fueron explorados y de los que nos se halló TLDs. Saltarse JARs no necesarios durante la exploración puede dar lugar a una mejora de tiempo significativa en el arranque y compilación de JSP .
20-Jun-2025 09:08:57.932 INFO [http-nio-8080-exec-5] org.apache.catalina.startup.HostConfig.deployDescriptor Deployment of deployment descriptor [C:\Users\antho\Desktop\Escritorio\TEC\2025\Primer Semestre\Principios de Sistemas Operativos\Proyecto\Proyecto 3\DriveWeb\apache-tomcat-9.0.106\conf\Catalina\localhost\DriveSystemWeb.xml] has finished in [255] ms
20-Jun-2025 09:08:57.936 INFO [http-nio-8080-exec-1] org.apache.catalina.util.LifecycleBase.start The start() method was called on component [StandardEngine[Catalina].StandardHost[localhost].StandardContext[/DriveSystemWeb]] after start() had already been called. The second call will be ignored.
20-Jun-2025 09:13:14.765 INFO [http-nio-8080-exec-16] org.apache.catalina.startup.HostConfig.undeploy Repliegue (undeploy) de la aplicación web que tiene como trayectoria de contexto [/DriveSystemWeb]
20-Jun-2025 09:13:14.846 INFO [http-nio-8080-exec-11] org.apache.catalina.startup.HostConfig.deployDescriptor Desplieque del descriptor de configuración [C:\Users\antho\Desktop\Escritorio\TEC\2025\Primer Semestre\Principios de Sistemas Operativos\Proyecto\Proyecto 3\DriveWeb\apache-tomcat-9.0.106\conf\Catalina\localhost\DriveSystemWeb.xml]
20-Jun-2025 09:13:14.847 WARNING [http-nio-8080-exec-11] org.apache.catalina.startup.HostConfig.deployDescriptor The path attribute with value [/DriveSystemWeb] in deployment descriptor [C:\Users\antho\Desktop\Escritorio\TEC\2025\Primer Semestre\Principios de Sistemas Operativos\Proyecto\Proyecto 3\DriveWeb\apache-tomcat-9.0.106\conf\Catalina\localhost\DriveSystemWeb.xml] has been ignored
20-Jun-2025 09:13:15.101 INFO [http-nio-8080-exec-11] org.apache.jasper.servlet.TldScanner.scanJars Al menos un JAR, que se ha explorado buscando TLDs, aún no contenía TLDs. Activar historial de depuración para este historiador para una completa lista de los JARs que fueron explorados y de los que nos se halló TLDs. Saltarse JARs no necesarios durante la exploración puede dar lugar a una mejora de tiempo significativa en el arranque y compilación de JSP .
20-Jun-2025 09:13:15.110 INFO [http-nio-8080-exec-11] org.apache.catalina.startup.HostConfig.deployDescriptor Deployment of deployment descriptor [C:\Users\antho\Desktop\Escritorio\TEC\2025\Primer Semestre\Principios de Sistemas Operativos\Proyecto\Proyecto 3\DriveWeb\apache-tomcat-9.0.106\conf\Catalina\localhost\DriveSystemWeb.xml] has finished in [263] ms
20-Jun-2025 09:13:15.113 INFO [http-nio-8080-exec-18] org.apache.catalina.util.LifecycleBase.start The start() method was called on component [StandardEngine[Catalina].StandardHost[localhost].StandardContext[/DriveSystemWeb]] after start() had already been called. The second call will be ignored.
20-Jun-2025 09:13:42.865 INFO [http-nio-8080-exec-14] org.apache.catalina.startup.HostConfig.undeploy Repliegue (undeploy) de la aplicación web que tiene como trayectoria de contexto [/DriveSystemWeb]
20-Jun-2025 09:13:42.934 INFO [http-nio-8080-exec-18] org.apache.catalina.startup.HostConfig.deployDescriptor Desplieque del descriptor de configuración [C:\Users\antho\Desktop\Escritorio\TEC\2025\Primer Semestre\Principios de Sistemas Operativos\Proyecto\Proyecto 3\DriveWeb\apache-tomcat-9.0.106\conf\Catalina\localhost\DriveSystemWeb.xml]
20-Jun-2025 09:13:42.935 WARNING [http-nio-8080-exec-18] org.apache.catalina.startup.HostConfig.deployDescriptor The path attribute with value [/DriveSystemWeb] in deployment descriptor [C:\Users\antho\Desktop\Escritorio\TEC\2025\Primer Semestre\Principios de Sistemas Operativos\Proyecto\Proyecto 3\DriveWeb\apache-tomcat-9.0.106\conf\Catalina\localhost\DriveSystemWeb.xml] has been ignored
20-Jun-2025 09:13:43.127 INFO [http-nio-8080-exec-18] org.apache.jasper.servlet.TldScanner.scanJars Al menos un JAR, que se ha explorado buscando TLDs, aún no contenía TLDs. Activar historial de depuración para este historiador para una completa lista de los JARs que fueron explorados y de los que nos se halló TLDs. Saltarse JARs no necesarios durante la exploración puede dar lugar a una mejora de tiempo significativa en el arranque y compilación de JSP .
20-Jun-2025 09:13:43.132 INFO [http-nio-8080-exec-18] org.apache.catalina.startup.HostConfig.deployDescriptor Deployment of deployment descriptor [C:\Users\antho\Desktop\Escritorio\TEC\2025\Primer Semestre\Principios de Sistemas Operativos\Proyecto\Proyecto 3\DriveWeb\apache-tomcat-9.0.106\conf\Catalina\localhost\DriveSystemWeb.xml] has finished in [197] ms
20-Jun-2025 09:13:43.134 INFO [http-nio-8080-exec-12] org.apache.catalina.util.LifecycleBase.start The start() method was called on component [StandardEngine[Catalina].StandardHost[localhost].StandardContext[/DriveSystemWeb]] after start() had already been called. The second call will be ignored.
20-Jun-2025 09:14:55.712 INFO [http-nio-8080-exec-26] org.apache.catalina.startup.HostConfig.undeploy Repliegue (undeploy) de la aplicación web que tiene como trayectoria de contexto [/DriveSystemWeb]
20-Jun-2025 09:14:55.754 INFO [http-nio-8080-exec-12] org.apache.catalina.startup.HostConfig.deployDescriptor Desplieque del descriptor de configuración [C:\Users\antho\Desktop\Escritorio\TEC\2025\Primer Semestre\Principios de Sistemas Operativos\Proyecto\Proyecto 3\DriveWeb\apache-tomcat-9.0.106\conf\Catalina\localhost\DriveSystemWeb.xml]
20-Jun-2025 09:14:55.756 WARNING [http-nio-8080-exec-12] org.apache.catalina.startup.HostConfig.deployDescriptor The path attribute with value [/DriveSystemWeb] in deployment descriptor [C:\Users\antho\Desktop\Escritorio\TEC\2025\Primer Semestre\Principios de Sistemas Operativos\Proyecto\Proyecto 3\DriveWeb\apache-tomcat-9.0.106\conf\Catalina\localhost\DriveSystemWeb.xml] has been ignored
20-Jun-2025 09:14:55.937 INFO [http-nio-8080-exec-12] org.apache.jasper.servlet.TldScanner.scanJars Al menos un JAR, que se ha explorado buscando TLDs, aún no contenía TLDs. Activar historial de depuración para este historiador para una completa lista de los JARs que fueron explorados y de los que nos se halló TLDs. Saltarse JARs no necesarios durante la exploración puede dar lugar a una mejora de tiempo significativa en el arranque y compilación de JSP .
20-Jun-2025 09:14:55.956 INFO [http-nio-8080-exec-12] org.apache.catalina.startup.HostConfig.deployDescriptor Deployment of deployment descriptor [C:\Users\antho\Desktop\Escritorio\TEC\2025\Primer Semestre\Principios de Sistemas Operativos\Proyecto\Proyecto 3\DriveWeb\apache-tomcat-9.0.106\conf\Catalina\localhost\DriveSystemWeb.xml] has finished in [202] ms
20-Jun-2025 09:14:55.957 INFO [http-nio-8080-exec-27] org.apache.catalina.util.LifecycleBase.start The start() method was called on component [StandardEngine[Catalina].StandardHost[localhost].StandardContext[/DriveSystemWeb]] after start() had already been called. The second call will be ignored.
20-Jun-2025 09:15:05.609 INFO [http-nio-8080-exec-22] org.apache.catalina.startup.HostConfig.undeploy Repliegue (undeploy) de la aplicación web que tiene como trayectoria de contexto [/DriveSystemWeb]
20-Jun-2025 09:15:39.239 INFO [http-nio-8080-exec-32] org.apache.catalina.startup.HostConfig.deployDescriptor Desplieque del descriptor de configuración [C:\Users\antho\Desktop\Escritorio\TEC\2025\Primer Semestre\Principios de Sistemas Operativos\Proyecto\Proyecto 3\DriveWeb\apache-tomcat-9.0.106\conf\Catalina\localhost\DriveSystemWeb.xml]
20-Jun-2025 09:15:39.241 WARNING [http-nio-8080-exec-32] org.apache.catalina.startup.HostConfig.deployDescriptor The path attribute with value [/DriveSystemWeb] in deployment descriptor [C:\Users\antho\Desktop\Escritorio\TEC\2025\Primer Semestre\Principios de Sistemas Operativos\Proyecto\Proyecto 3\DriveWeb\apache-tomcat-9.0.106\conf\Catalina\localhost\DriveSystemWeb.xml] has been ignored
20-Jun-2025 09:15:39.465 INFO [http-nio-8080-exec-32] org.apache.jasper.servlet.TldScanner.scanJars Al menos un JAR, que se ha explorado buscando TLDs, aún no contenía TLDs. Activar historial de depuración para este historiador para una completa lista de los JARs que fueron explorados y de los que nos se halló TLDs. Saltarse JARs no necesarios durante la exploración puede dar lugar a una mejora de tiempo significativa en el arranque y compilación de JSP .
20-Jun-2025 09:15:39.470 INFO [http-nio-8080-exec-32] org.apache.catalina.startup.HostConfig.deployDescriptor Deployment of deployment descriptor [C:\Users\antho\Desktop\Escritorio\TEC\2025\Primer Semestre\Principios de Sistemas Operativos\Proyecto\Proyecto 3\DriveWeb\apache-tomcat-9.0.106\conf\Catalina\localhost\DriveSystemWeb.xml] has finished in [232] ms
20-Jun-2025 09:15:39.471 INFO [http-nio-8080-exec-22] org.apache.catalina.util.LifecycleBase.start The start() method was called on component [StandardEngine[Catalina].StandardHost[localhost].StandardContext[/DriveSystemWeb]] after start() had already been called. The second call will be ignored.
20-Jun-2025 09:17:17.624 INFO [http-nio-8080-exec-41] org.apache.catalina.startup.HostConfig.undeploy Repliegue (undeploy) de la aplicación web que tiene como trayectoria de contexto [/DriveSystemWeb]
20-Jun-2025 09:17:45.185 INFO [http-nio-8080-exec-37] org.apache.catalina.startup.HostConfig.deployDescriptor Desplieque del descriptor de configuración [C:\Users\antho\Desktop\Escritorio\TEC\2025\Primer Semestre\Principios de Sistemas Operativos\Proyecto\Proyecto 3\DriveWeb\apache-tomcat-9.0.106\conf\Catalina\localhost\DriveSystemWeb.xml]
20-Jun-2025 09:17:45.189 WARNING [http-nio-8080-exec-37] org.apache.catalina.startup.HostConfig.deployDescriptor The path attribute with value [/DriveSystemWeb] in deployment descriptor [C:\Users\antho\Desktop\Escritorio\TEC\2025\Primer Semestre\Principios de Sistemas Operativos\Proyecto\Proyecto 3\DriveWeb\apache-tomcat-9.0.106\conf\Catalina\localhost\DriveSystemWeb.xml] has been ignored
20-Jun-2025 09:17:45.389 INFO [http-nio-8080-exec-37] org.apache.jasper.servlet.TldScanner.scanJars Al menos un JAR, que se ha explorado buscando TLDs, aún no contenía TLDs. Activar historial de depuración para este historiador para una completa lista de los JARs que fueron explorados y de los que nos se halló TLDs. Saltarse JARs no necesarios durante la exploración puede dar lugar a una mejora de tiempo significativa en el arranque y compilación de JSP .
20-Jun-2025 09:17:45.394 INFO [http-nio-8080-exec-37] org.apache.catalina.startup.HostConfig.deployDescriptor Deployment of deployment descriptor [C:\Users\antho\Desktop\Escritorio\TEC\2025\Primer Semestre\Principios de Sistemas Operativos\Proyecto\Proyecto 3\DriveWeb\apache-tomcat-9.0.106\conf\Catalina\localhost\DriveSystemWeb.xml] has finished in [209] ms
20-Jun-2025 09:17:45.996 INFO [http-nio-8080-exec-39] org.apache.catalina.util.LifecycleBase.start The start() method was called on component [StandardEngine[Catalina].StandardHost[localhost].StandardContext[/DriveSystemWeb]] after start() had already been called. The second call will be ignored.
20-Jun-2025 10:34:44.215 INFO [http-nio-8080-exec-48] org.apache.catalina.startup.HostConfig.undeploy Repliegue (undeploy) de la aplicación web que tiene como trayectoria de contexto [/DriveSystemWeb]
20-Jun-2025 10:35:09.444 INFO [http-nio-8080-exec-54] org.apache.catalina.startup.HostConfig.deployDescriptor Desplieque del descriptor de configuración [C:\Users\antho\Desktop\Escritorio\TEC\2025\Primer Semestre\Principios de Sistemas Operativos\Proyecto\Proyecto 3\DriveWeb\apache-tomcat-9.0.106\conf\Catalina\localhost\DriveSystemWeb.xml]
20-Jun-2025 10:35:09.445 WARNING [http-nio-8080-exec-54] org.apache.catalina.startup.HostConfig.deployDescriptor The path attribute with value [/DriveSystemWeb] in deployment descriptor [C:\Users\antho\Desktop\Escritorio\TEC\2025\Primer Semestre\Principios de Sistemas Operativos\Proyecto\Proyecto 3\DriveWeb\apache-tomcat-9.0.106\conf\Catalina\localhost\DriveSystemWeb.xml] has been ignored
20-Jun-2025 10:35:09.673 INFO [http-nio-8080-exec-54] org.apache.jasper.servlet.TldScanner.scanJars Al menos un JAR, que se ha explorado buscando TLDs, aún no contenía TLDs. Activar historial de depuración para este historiador para una completa lista de los JARs que fueron explorados y de los que nos se halló TLDs. Saltarse JARs no necesarios durante la exploración puede dar lugar a una mejora de tiempo significativa en el arranque y compilación de JSP .
20-Jun-2025 10:35:09.679 INFO [http-nio-8080-exec-54] org.apache.catalina.startup.HostConfig.deployDescriptor Deployment of deployment descriptor [C:\Users\antho\Desktop\Escritorio\TEC\2025\Primer Semestre\Principios de Sistemas Operativos\Proyecto\Proyecto 3\DriveWeb\apache-tomcat-9.0.106\conf\Catalina\localhost\DriveSystemWeb.xml] has finished in [236] ms
20-Jun-2025 10:35:09.681 INFO [http-nio-8080-exec-55] org.apache.catalina.util.LifecycleBase.start The start() method was called on component [StandardEngine[Catalina].StandardHost[localhost].StandardContext[/DriveSystemWeb]] after start() had already been called. The second call will be ignored.
20-Jun-2025 10:43:02.175 INFO [Catalina-utility-1] org.apache.catalina.startup.HostConfig.reload Falló la recarga del contexto [/DriveSystemWeb]
20-Jun-2025 10:43:02.175 INFO [Catalina-utility-1] org.apache.catalina.core.StandardContext.reload Ha comenzado la recarga de Contexto [/DriveSystemWeb]
20-Jun-2025 10:43:02.356 INFO [Catalina-utility-1] org.apache.jasper.servlet.TldScanner.scanJars Al menos un JAR, que se ha explorado buscando TLDs, aún no contenía TLDs. Activar historial de depuración para este historiador para una completa lista de los JARs que fueron explorados y de los que nos se halló TLDs. Saltarse JARs no necesarios durante la exploración puede dar lugar a una mejora de tiempo significativa en el arranque y compilación de JSP .
20-Jun-2025 10:43:02.359 INFO [Catalina-utility-1] org.apache.catalina.core.StandardContext.reload Se ha completado la recarga de este Contexto
20-Jun-2025 10:43:20.073 INFO [http-nio-8080-exec-61] org.apache.catalina.startup.HostConfig.undeploy Repliegue (undeploy) de la aplicación web que tiene como trayectoria de contexto [/DriveSystemWeb]
20-Jun-2025 10:43:39.620 INFO [http-nio-8080-exec-56] org.apache.catalina.startup.HostConfig.deployDescriptor Desplieque del descriptor de configuración [C:\Users\antho\Desktop\Escritorio\TEC\2025\Primer Semestre\Principios de Sistemas Operativos\Proyecto\Proyecto 3\DriveWeb\apache-tomcat-9.0.106\conf\Catalina\localhost\DriveSystemWeb.xml]
20-Jun-2025 10:43:39.622 WARNING [http-nio-8080-exec-56] org.apache.catalina.startup.HostConfig.deployDescriptor The path attribute with value [/DriveSystemWeb] in deployment descriptor [C:\Users\antho\Desktop\Escritorio\TEC\2025\Primer Semestre\Principios de Sistemas Operativos\Proyecto\Proyecto 3\DriveWeb\apache-tomcat-9.0.106\conf\Catalina\localhost\DriveSystemWeb.xml] has been ignored
20-Jun-2025 10:43:39.842 INFO [http-nio-8080-exec-56] org.apache.jasper.servlet.TldScanner.scanJars Al menos un JAR, que se ha explorado buscando TLDs, aún no contenía TLDs. Activar historial de depuración para este historiador para una completa lista de los JARs que fueron explorados y de los que nos se halló TLDs. Saltarse JARs no necesarios durante la exploración puede dar lugar a una mejora de tiempo significativa en el arranque y compilación de JSP .
20-Jun-2025 10:43:39.848 INFO [http-nio-8080-exec-56] org.apache.catalina.startup.HostConfig.deployDescriptor Deployment of deployment descriptor [C:\Users\antho\Desktop\Escritorio\TEC\2025\Primer Semestre\Principios de Sistemas Operativos\Proyecto\Proyecto 3\DriveWeb\apache-tomcat-9.0.106\conf\Catalina\localhost\DriveSystemWeb.xml] has finished in [228] ms
20-Jun-2025 10:43:39.851 INFO [http-nio-8080-exec-61] org.apache.catalina.util.LifecycleBase.start The start() method was called on component [StandardEngine[Catalina].StandardHost[localhost].StandardContext[/DriveSystemWeb]] after start() had already been called. The second call will be ignored.
20-Jun-2025 10:47:41.625 INFO [http-nio-8080-exec-73] org.apache.catalina.startup.HostConfig.undeploy Repliegue (undeploy) de la aplicación web que tiene como trayectoria de contexto [/DriveSystemWeb]
20-Jun-2025 10:48:19.077 INFO [http-nio-8080-exec-75] org.apache.catalina.startup.HostConfig.deployDescriptor Desplieque del descriptor de configuración [C:\Users\antho\Desktop\Escritorio\TEC\2025\Primer Semestre\Principios de Sistemas Operativos\Proyecto\Proyecto 3\DriveWeb\apache-tomcat-9.0.106\conf\Catalina\localhost\DriveSystemWeb.xml]
20-Jun-2025 10:48:19.078 WARNING [http-nio-8080-exec-75] org.apache.catalina.startup.HostConfig.deployDescriptor The path attribute with value [/DriveSystemWeb] in deployment descriptor [C:\Users\antho\Desktop\Escritorio\TEC\2025\Primer Semestre\Principios de Sistemas Operativos\Proyecto\Proyecto 3\DriveWeb\apache-tomcat-9.0.106\conf\Catalina\localhost\DriveSystemWeb.xml] has been ignored
20-Jun-2025 10:48:19.271 INFO [http-nio-8080-exec-75] org.apache.jasper.servlet.TldScanner.scanJars Al menos un JAR, que se ha explorado buscando TLDs, aún no contenía TLDs. Activar historial de depuración para este historiador para una completa lista de los JARs que fueron explorados y de los que nos se halló TLDs. Saltarse JARs no necesarios durante la exploración puede dar lugar a una mejora de tiempo significativa en el arranque y compilación de JSP .
20-Jun-2025 10:48:19.276 INFO [http-nio-8080-exec-75] org.apache.catalina.startup.HostConfig.deployDescriptor Deployment of deployment descriptor [C:\Users\antho\Desktop\Escritorio\TEC\2025\Primer Semestre\Principios de Sistemas Operativos\Proyecto\Proyecto 3\DriveWeb\apache-tomcat-9.0.106\conf\Catalina\localhost\DriveSystemWeb.xml] has finished in [199] ms
20-Jun-2025 10:48:19.279 INFO [http-nio-8080-exec-76] org.apache.catalina.util.LifecycleBase.start The start() method was called on component [StandardEngine[Catalina].StandardHost[localhost].StandardContext[/DriveSystemWeb]] after start() had already been called. The second call will be ignored.
20-Jun-2025 11:04:46.710 INFO [http-nio-8080-exec-83] org.apache.catalina.startup.HostConfig.undeploy Repliegue (undeploy) de la aplicación web que tiene como trayectoria de contexto [/DriveSystemWeb]
20-Jun-2025 11:05:22.006 INFO [http-nio-8080-exec-85] org.apache.catalina.startup.HostConfig.deployDescriptor Desplieque del descriptor de configuración [C:\Users\antho\Desktop\Escritorio\TEC\2025\Primer Semestre\Principios de Sistemas Operativos\Proyecto\Proyecto 3\DriveWeb\apache-tomcat-9.0.106\conf\Catalina\localhost\DriveSystemWeb.xml]
20-Jun-2025 11:05:22.008 WARNING [http-nio-8080-exec-85] org.apache.catalina.startup.HostConfig.deployDescriptor The path attribute with value [/DriveSystemWeb] in deployment descriptor [C:\Users\antho\Desktop\Escritorio\TEC\2025\Primer Semestre\Principios de Sistemas Operativos\Proyecto\Proyecto 3\DriveWeb\apache-tomcat-9.0.106\conf\Catalina\localhost\DriveSystemWeb.xml] has been ignored
20-Jun-2025 11:05:22.240 INFO [http-nio-8080-exec-85] org.apache.jasper.servlet.TldScanner.scanJars Al menos un JAR, que se ha explorado buscando TLDs, aún no contenía TLDs. Activar historial de depuración para este historiador para una completa lista de los JARs que fueron explorados y de los que nos se halló TLDs. Saltarse JARs no necesarios durante la exploración puede dar lugar a una mejora de tiempo significativa en el arranque y compilación de JSP .
20-Jun-2025 11:05:22.240 INFO [http-nio-8080-exec-85] org.apache.catalina.startup.HostConfig.deployDescriptor Deployment of deployment descriptor [C:\Users\antho\Desktop\Escritorio\TEC\2025\Primer Semestre\Principios de Sistemas Operativos\Proyecto\Proyecto 3\DriveWeb\apache-tomcat-9.0.106\conf\Catalina\localhost\DriveSystemWeb.xml] has finished in [234] ms
20-Jun-2025 11:05:22.253 INFO [http-nio-8080-exec-86] org.apache.catalina.util.LifecycleBase.start The start() method was called on component [StandardEngine[Catalina].StandardHost[localhost].StandardContext[/DriveSystemWeb]] after start() had already been called. The second call will be ignored.
20-Jun-2025 11:13:30.721 INFO [http-nio-8080-exec-94] org.apache.catalina.startup.HostConfig.undeploy Repliegue (undeploy) de la aplicación web que tiene como trayectoria de contexto [/DriveSystemWeb]
20-Jun-2025 11:14:08.365 INFO [http-nio-8080-exec-95] org.apache.catalina.startup.HostConfig.deployDescriptor Desplieque del descriptor de configuración [C:\Users\antho\Desktop\Escritorio\TEC\2025\Primer Semestre\Principios de Sistemas Operativos\Proyecto\Proyecto 3\DriveWeb\apache-tomcat-9.0.106\conf\Catalina\localhost\DriveSystemWeb.xml]
20-Jun-2025 11:14:08.368 WARNING [http-nio-8080-exec-95] org.apache.catalina.startup.HostConfig.deployDescriptor The path attribute with value [/DriveSystemWeb] in deployment descriptor [C:\Users\antho\Desktop\Escritorio\TEC\2025\Primer Semestre\Principios de Sistemas Operativos\Proyecto\Proyecto 3\DriveWeb\apache-tomcat-9.0.106\conf\Catalina\localhost\DriveSystemWeb.xml] has been ignored
20-Jun-2025 11:14:08.588 INFO [http-nio-8080-exec-95] org.apache.jasper.servlet.TldScanner.scanJars Al menos un JAR, que se ha explorado buscando TLDs, aún no contenía TLDs. Activar historial de depuración para este historiador para una completa lista de los JARs que fueron explorados y de los que nos se halló TLDs. Saltarse JARs no necesarios durante la exploración puede dar lugar a una mejora de tiempo significativa en el arranque y compilación de JSP .
20-Jun-2025 11:14:08.592 INFO [http-nio-8080-exec-95] org.apache.catalina.startup.HostConfig.deployDescriptor Deployment of deployment descriptor [C:\Users\antho\Desktop\Escritorio\TEC\2025\Primer Semestre\Principios de Sistemas Operativos\Proyecto\Proyecto 3\DriveWeb\apache-tomcat-9.0.106\conf\Catalina\localhost\DriveSystemWeb.xml] has finished in [227] ms
20-Jun-2025 11:14:08.597 INFO [http-nio-8080-exec-96] org.apache.catalina.util.LifecycleBase.start The start() method was called on component [StandardEngine[Catalina].StandardHost[localhost].StandardContext[/DriveSystemWeb]] after start() had already been called. The second call will be ignored.
20-Jun-2025 12:47:05.064 INFO [http-nio-8080-exec-104] org.apache.catalina.startup.HostConfig.undeploy Repliegue (undeploy) de la aplicación web que tiene como trayectoria de contexto [/DriveSystemWeb]
20-Jun-2025 12:47:29.499 INFO [http-nio-8080-exec-97] org.apache.catalina.startup.HostConfig.deployDescriptor Desplieque del descriptor de configuración [C:\Users\antho\Desktop\Escritorio\TEC\2025\Primer Semestre\Principios de Sistemas Operativos\Proyecto\Proyecto 3\DriveWeb\apache-tomcat-9.0.106\conf\Catalina\localhost\DriveSystemWeb.xml]
20-Jun-2025 12:47:29.500 WARNING [http-nio-8080-exec-97] org.apache.catalina.startup.HostConfig.deployDescriptor The path attribute with value [/DriveSystemWeb] in deployment descriptor [C:\Users\antho\Desktop\Escritorio\TEC\2025\Primer Semestre\Principios de Sistemas Operativos\Proyecto\Proyecto 3\DriveWeb\apache-tomcat-9.0.106\conf\Catalina\localhost\DriveSystemWeb.xml] has been ignored
20-Jun-2025 12:47:29.696 INFO [http-nio-8080-exec-97] org.apache.jasper.servlet.TldScanner.scanJars Al menos un JAR, que se ha explorado buscando TLDs, aún no contenía TLDs. Activar historial de depuración para este historiador para una completa lista de los JARs que fueron explorados y de los que nos se halló TLDs. Saltarse JARs no necesarios durante la exploración puede dar lugar a una mejora de tiempo significativa en el arranque y compilación de JSP .
20-Jun-2025 12:47:29.701 INFO [http-nio-8080-exec-97] org.apache.catalina.startup.HostConfig.deployDescriptor Deployment of deployment descriptor [C:\Users\antho\Desktop\Escritorio\TEC\2025\Primer Semestre\Principios de Sistemas Operativos\Proyecto\Proyecto 3\DriveWeb\apache-tomcat-9.0.106\conf\Catalina\localhost\DriveSystemWeb.xml] has finished in [202] ms
20-Jun-2025 12:47:29.703 INFO [http-nio-8080-exec-95] org.apache.catalina.util.LifecycleBase.start The start() method was called on component [StandardEngine[Catalina].StandardHost[localhost].StandardContext[/DriveSystemWeb]] after start() had already been called. The second call will be ignored.
20-Jun-2025 13:25:03.687 INFO [http-nio-8080-exec-114] org.apache.catalina.startup.HostConfig.undeploy Repliegue (undeploy) de la aplicación web que tiene como trayectoria de contexto [/DriveSystemWeb]
20-Jun-2025 13:25:23.402 INFO [http-nio-8080-exec-109] org.apache.catalina.startup.HostConfig.deployDescriptor Desplieque del descriptor de configuración [C:\Users\antho\Desktop\Escritorio\TEC\2025\Primer Semestre\Principios de Sistemas Operativos\Proyecto\Proyecto 3\DriveWeb\apache-tomcat-9.0.106\conf\Catalina\localhost\DriveSystemWeb.xml]
20-Jun-2025 13:25:23.402 WARNING [http-nio-8080-exec-109] org.apache.catalina.startup.HostConfig.deployDescriptor The path attribute with value [/DriveSystemWeb] in deployment descriptor [C:\Users\antho\Desktop\Escritorio\TEC\2025\Primer Semestre\Principios de Sistemas Operativos\Proyecto\Proyecto 3\DriveWeb\apache-tomcat-9.0.106\conf\Catalina\localhost\DriveSystemWeb.xml] has been ignored
20-Jun-2025 13:25:23.595 INFO [http-nio-8080-exec-109] org.apache.jasper.servlet.TldScanner.scanJars Al menos un JAR, que se ha explorado buscando TLDs, aún no contenía TLDs. Activar historial de depuración para este historiador para una completa lista de los JARs que fueron explorados y de los que nos se halló TLDs. Saltarse JARs no necesarios durante la exploración puede dar lugar a una mejora de tiempo significativa en el arranque y compilación de JSP .
20-Jun-2025 13:25:23.599 INFO [http-nio-8080-exec-109] org.apache.catalina.startup.HostConfig.deployDescriptor Deployment of deployment descriptor [C:\Users\antho\Desktop\Escritorio\TEC\2025\Primer Semestre\Principios de Sistemas Operativos\Proyecto\Proyecto 3\DriveWeb\apache-tomcat-9.0.106\conf\Catalina\localhost\DriveSystemWeb.xml] has finished in [197] ms
20-Jun-2025 13:25:23.601 INFO [http-nio-8080-exec-115] org.apache.catalina.util.LifecycleBase.start The start() method was called on component [StandardEngine[Catalina].StandardHost[localhost].StandardContext[/DriveSystemWeb]] after start() had already been called. The second call will be ignored.
20-Jun-2025 13:27:35.280 INFO [http-nio-8080-exec-109] org.apache.catalina.startup.HostConfig.undeploy Repliegue (undeploy) de la aplicación web que tiene como trayectoria de contexto [/DriveSystemWeb]
20-Jun-2025 13:27:47.916 INFO [http-nio-8080-exec-115] org.apache.catalina.startup.HostConfig.deployDescriptor Desplieque del descriptor de configuración [C:\Users\antho\Desktop\Escritorio\TEC\2025\Primer Semestre\Principios de Sistemas Operativos\Proyecto\Proyecto 3\DriveWeb\apache-tomcat-9.0.106\conf\Catalina\localhost\DriveSystemWeb.xml]
20-Jun-2025 13:27:47.917 WARNING [http-nio-8080-exec-115] org.apache.catalina.startup.HostConfig.deployDescriptor The path attribute with value [/DriveSystemWeb] in deployment descriptor [C:\Users\antho\Desktop\Escritorio\TEC\2025\Primer Semestre\Principios de Sistemas Operativos\Proyecto\Proyecto 3\DriveWeb\apache-tomcat-9.0.106\conf\Catalina\localhost\DriveSystemWeb.xml] has been ignored
20-Jun-2025 13:27:48.100 INFO [http-nio-8080-exec-115] org.apache.jasper.servlet.TldScanner.scanJars Al menos un JAR, que se ha explorado buscando TLDs, aún no contenía TLDs. Activar historial de depuración para este historiador para una completa lista de los JARs que fueron explorados y de los que nos se halló TLDs. Saltarse JARs no necesarios durante la exploración puede dar lugar a una mejora de tiempo significativa en el arranque y compilación de JSP .
20-Jun-2025 13:27:48.104 INFO [http-nio-8080-exec-115] org.apache.catalina.startup.HostConfig.deployDescriptor Deployment of deployment descriptor [C:\Users\antho\Desktop\Escritorio\TEC\2025\Primer Semestre\Principios de Sistemas Operativos\Proyecto\Proyecto 3\DriveWeb\apache-tomcat-9.0.106\conf\Catalina\localhost\DriveSystemWeb.xml] has finished in [188] ms
20-Jun-2025 13:27:48.106 INFO [http-nio-8080-exec-121] org.apache.catalina.util.LifecycleBase.start The start() method was called on component [StandardEngine[Catalina].StandardHost[localhost].StandardContext[/DriveSystemWeb]] after start() had already been called. The second call will be ignored.
20-Jun-2025 13:40:32.449 INFO [http-nio-8080-exec-132] org.apache.catalina.startup.HostConfig.undeploy Repliegue (undeploy) de la aplicación web que tiene como trayectoria de contexto [/DriveSystemWeb]
20-Jun-2025 13:40:51.523 INFO [http-nio-8080-exec-133] org.apache.catalina.startup.HostConfig.deployDescriptor Desplieque del descriptor de configuración [C:\Users\antho\Desktop\Escritorio\TEC\2025\Primer Semestre\Principios de Sistemas Operativos\Proyecto\Proyecto 3\DriveWeb\apache-tomcat-9.0.106\conf\Catalina\localhost\DriveSystemWeb.xml]
20-Jun-2025 13:40:51.524 WARNING [http-nio-8080-exec-133] org.apache.catalina.startup.HostConfig.deployDescriptor The path attribute with value [/DriveSystemWeb] in deployment descriptor [C:\Users\antho\Desktop\Escritorio\TEC\2025\Primer Semestre\Principios de Sistemas Operativos\Proyecto\Proyecto 3\DriveWeb\apache-tomcat-9.0.106\conf\Catalina\localhost\DriveSystemWeb.xml] has been ignored
20-Jun-2025 13:40:51.717 INFO [http-nio-8080-exec-133] org.apache.jasper.servlet.TldScanner.scanJars Al menos un JAR, que se ha explorado buscando TLDs, aún no contenía TLDs. Activar historial de depuración para este historiador para una completa lista de los JARs que fueron explorados y de los que nos se halló TLDs. Saltarse JARs no necesarios durante la exploración puede dar lugar a una mejora de tiempo significativa en el arranque y compilación de JSP .
20-Jun-2025 13:40:51.722 INFO [http-nio-8080-exec-133] org.apache.catalina.startup.HostConfig.deployDescriptor Deployment of deployment descriptor [C:\Users\antho\Desktop\Escritorio\TEC\2025\Primer Semestre\Principios de Sistemas Operativos\Proyecto\Proyecto 3\DriveWeb\apache-tomcat-9.0.106\conf\Catalina\localhost\DriveSystemWeb.xml] has finished in [198] ms
20-Jun-2025 13:40:51.724 INFO [http-nio-8080-exec-134] org.apache.catalina.util.LifecycleBase.start The start() method was called on component [StandardEngine[Catalina].StandardHost[localhost].StandardContext[/DriveSystemWeb]] after start() had already been called. The second call will be ignored.
20-Jun-2025 13:53:24.566 INFO [http-nio-8080-exec-143] org.apache.catalina.startup.HostConfig.undeploy Repliegue (undeploy) de la aplicación web que tiene como trayectoria de contexto [/DriveSystemWeb]
20-Jun-2025 13:54:20.174 INFO [http-nio-8080-exec-138] org.apache.catalina.startup.HostConfig.deployDescriptor Desplieque del descriptor de configuración [C:\Users\antho\Desktop\Escritorio\TEC\2025\Primer Semestre\Principios de Sistemas Operativos\Proyecto\Proyecto 3\DriveWeb\apache-tomcat-9.0.106\conf\Catalina\localhost\DriveSystemWeb.xml]
20-Jun-2025 13:54:20.175 WARNING [http-nio-8080-exec-138] org.apache.catalina.startup.HostConfig.deployDescriptor The path attribute with value [/DriveSystemWeb] in deployment descriptor [C:\Users\antho\Desktop\Escritorio\TEC\2025\Primer Semestre\Principios de Sistemas Operativos\Proyecto\Proyecto 3\DriveWeb\apache-tomcat-9.0.106\conf\Catalina\localhost\DriveSystemWeb.xml] has been ignored
20-Jun-2025 13:54:20.393 INFO [http-nio-8080-exec-138] org.apache.jasper.servlet.TldScanner.scanJars Al menos un JAR, que se ha explorado buscando TLDs, aún no contenía TLDs. Activar historial de depuración para este historiador para una completa lista de los JARs que fueron explorados y de los que nos se halló TLDs. Saltarse JARs no necesarios durante la exploración puede dar lugar a una mejora de tiempo significativa en el arranque y compilación de JSP .
20-Jun-2025 13:54:20.401 INFO [http-nio-8080-exec-138] org.apache.catalina.startup.HostConfig.deployDescriptor Deployment of deployment descriptor [C:\Users\antho\Desktop\Escritorio\TEC\2025\Primer Semestre\Principios de Sistemas Operativos\Proyecto\Proyecto 3\DriveWeb\apache-tomcat-9.0.106\conf\Catalina\localhost\DriveSystemWeb.xml] has finished in [228] ms
20-Jun-2025 13:54:20.404 INFO [http-nio-8080-exec-144] org.apache.catalina.util.LifecycleBase.start The start() method was called on component [StandardEngine[Catalina].StandardHost[localhost].StandardContext[/DriveSystemWeb]] after start() had already been called. The second call will be ignored.
20-Jun-2025 14:07:08.703 INFO [http-nio-8080-exec-153] org.apache.catalina.startup.HostConfig.undeploy Repliegue (undeploy) de la aplicación web que tiene como trayectoria de contexto [/DriveSystemWeb]
20-Jun-2025 14:07:31.196 INFO [http-nio-8080-exec-148] org.apache.catalina.startup.HostConfig.deployDescriptor Desplieque del descriptor de configuración [C:\Users\antho\Desktop\Escritorio\TEC\2025\Primer Semestre\Principios de Sistemas Operativos\Proyecto\Proyecto 3\DriveWeb\apache-tomcat-9.0.106\conf\Catalina\localhost\DriveSystemWeb.xml]
20-Jun-2025 14:07:31.198 WARNING [http-nio-8080-exec-148] org.apache.catalina.startup.HostConfig.deployDescriptor The path attribute with value [/DriveSystemWeb] in deployment descriptor [C:\Users\antho\Desktop\Escritorio\TEC\2025\Primer Semestre\Principios de Sistemas Operativos\Proyecto\Proyecto 3\DriveWeb\apache-tomcat-9.0.106\conf\Catalina\localhost\DriveSystemWeb.xml] has been ignored
20-Jun-2025 14:07:31.397 INFO [http-nio-8080-exec-148] org.apache.jasper.servlet.TldScanner.scanJars Al menos un JAR, que se ha explorado buscando TLDs, aún no contenía TLDs. Activar historial de depuración para este historiador para una completa lista de los JARs que fueron explorados y de los que nos se halló TLDs. Saltarse JARs no necesarios durante la exploración puede dar lugar a una mejora de tiempo significativa en el arranque y compilación de JSP .
20-Jun-2025 14:07:31.401 INFO [http-nio-8080-exec-148] org.apache.catalina.startup.HostConfig.deployDescriptor Deployment of deployment descriptor [C:\Users\antho\Desktop\Escritorio\TEC\2025\Primer Semestre\Principios de Sistemas Operativos\Proyecto\Proyecto 3\DriveWeb\apache-tomcat-9.0.106\conf\Catalina\localhost\DriveSystemWeb.xml] has finished in [206] ms
20-Jun-2025 14:07:31.404 INFO [http-nio-8080-exec-147] org.apache.catalina.util.LifecycleBase.start The start() method was called on component [StandardEngine[Catalina].StandardHost[localhost].StandardContext[/DriveSystemWeb]] after start() had already been called. The second call will be ignored.
20-Jun-2025 14:11:32.744 INFO [http-nio-8080-exec-162] org.apache.catalina.startup.HostConfig.undeploy Repliegue (undeploy) de la aplicación web que tiene como trayectoria de contexto [/DriveSystemWeb]
20-Jun-2025 14:11:52.877 INFO [http-nio-8080-exec-155] org.apache.catalina.startup.HostConfig.deployDescriptor Desplieque del descriptor de configuración [C:\Users\antho\Desktop\Escritorio\TEC\2025\Primer Semestre\Principios de Sistemas Operativos\Proyecto\Proyecto 3\DriveWeb\apache-tomcat-9.0.106\conf\Catalina\localhost\DriveSystemWeb.xml]
20-Jun-2025 14:11:52.877 WARNING [http-nio-8080-exec-155] org.apache.catalina.startup.HostConfig.deployDescriptor The path attribute with value [/DriveSystemWeb] in deployment descriptor [C:\Users\antho\Desktop\Escritorio\TEC\2025\Primer Semestre\Principios de Sistemas Operativos\Proyecto\Proyecto 3\DriveWeb\apache-tomcat-9.0.106\conf\Catalina\localhost\DriveSystemWeb.xml] has been ignored
20-Jun-2025 14:11:53.062 INFO [http-nio-8080-exec-155] org.apache.jasper.servlet.TldScanner.scanJars Al menos un JAR, que se ha explorado buscando TLDs, aún no contenía TLDs. Activar historial de depuración para este historiador para una completa lista de los JARs que fueron explorados y de los que nos se halló TLDs. Saltarse JARs no necesarios durante la exploración puede dar lugar a una mejora de tiempo significativa en el arranque y compilación de JSP .
20-Jun-2025 14:11:53.068 INFO [http-nio-8080-exec-155] org.apache.catalina.startup.HostConfig.deployDescriptor Deployment of deployment descriptor [C:\Users\antho\Desktop\Escritorio\TEC\2025\Primer Semestre\Principios de Sistemas Operativos\Proyecto\Proyecto 3\DriveWeb\apache-tomcat-9.0.106\conf\Catalina\localhost\DriveSystemWeb.xml] has finished in [190] ms
20-Jun-2025 14:11:53.072 INFO [http-nio-8080-exec-164] org.apache.catalina.util.LifecycleBase.start The start() method was called on component [StandardEngine[Catalina].StandardHost[localhost].StandardContext[/DriveSystemWeb]] after start() had already been called. The second call will be ignored.
20-Jun-2025 14:20:18.270 INFO [http-nio-8080-exec-173] org.apache.catalina.startup.HostConfig.undeploy Repliegue (undeploy) de la aplicación web que tiene como trayectoria de contexto [/DriveSystemWeb]
20-Jun-2025 14:20:40.244 INFO [http-nio-8080-exec-174] org.apache.catalina.startup.HostConfig.deployDescriptor Desplieque del descriptor de configuración [C:\Users\antho\Desktop\Escritorio\TEC\2025\Primer Semestre\Principios de Sistemas Operativos\Proyecto\Proyecto 3\DriveWeb\apache-tomcat-9.0.106\conf\Catalina\localhost\DriveSystemWeb.xml]
20-Jun-2025 14:20:40.246 WARNING [http-nio-8080-exec-174] org.apache.catalina.startup.HostConfig.deployDescriptor The path attribute with value [/DriveSystemWeb] in deployment descriptor [C:\Users\antho\Desktop\Escritorio\TEC\2025\Primer Semestre\Principios de Sistemas Operativos\Proyecto\Proyecto 3\DriveWeb\apache-tomcat-9.0.106\conf\Catalina\localhost\DriveSystemWeb.xml] has been ignored
20-Jun-2025 14:20:40.473 INFO [http-nio-8080-exec-174] org.apache.jasper.servlet.TldScanner.scanJars Al menos un JAR, que se ha explorado buscando TLDs, aún no contenía TLDs. Activar historial de depuración para este historiador para una completa lista de los JARs que fueron explorados y de los que nos se halló TLDs. Saltarse JARs no necesarios durante la exploración puede dar lugar a una mejora de tiempo significativa en el arranque y compilación de JSP .
20-Jun-2025 14:20:40.477 INFO [http-nio-8080-exec-174] org.apache.catalina.startup.HostConfig.deployDescriptor Deployment of deployment descriptor [C:\Users\antho\Desktop\Escritorio\TEC\2025\Primer Semestre\Principios de Sistemas Operativos\Proyecto\Proyecto 3\DriveWeb\apache-tomcat-9.0.106\conf\Catalina\localhost\DriveSystemWeb.xml] has finished in [233] ms
20-Jun-2025 14:20:40.479 INFO [http-nio-8080-exec-175] org.apache.catalina.util.LifecycleBase.start The start() method was called on component [StandardEngine[Catalina].StandardHost[localhost].StandardContext[/DriveSystemWeb]] after start() had already been called. The second call will be ignored.
20-Jun-2025 14:26:00.638 INFO [http-nio-8080-exec-182] org.apache.catalina.startup.HostConfig.undeploy Repliegue (undeploy) de la aplicación web que tiene como trayectoria de contexto [/DriveSystemWeb]
20-Jun-2025 14:26:30.862 INFO [http-nio-8080-exec-183] org.apache.catalina.startup.HostConfig.deployDescriptor Desplieque del descriptor de configuración [C:\Users\antho\Desktop\Escritorio\TEC\2025\Primer Semestre\Principios de Sistemas Operativos\Proyecto\Proyecto 3\DriveWeb\apache-tomcat-9.0.106\conf\Catalina\localhost\DriveSystemWeb.xml]
20-Jun-2025 14:26:30.864 WARNING [http-nio-8080-exec-183] org.apache.catalina.startup.HostConfig.deployDescriptor The path attribute with value [/DriveSystemWeb] in deployment descriptor [C:\Users\antho\Desktop\Escritorio\TEC\2025\Primer Semestre\Principios de Sistemas Operativos\Proyecto\Proyecto 3\DriveWeb\apache-tomcat-9.0.106\conf\Catalina\localhost\DriveSystemWeb.xml] has been ignored
20-Jun-2025 14:26:31.044 INFO [http-nio-8080-exec-183] org.apache.jasper.servlet.TldScanner.scanJars Al menos un JAR, que se ha explorado buscando TLDs, aún no contenía TLDs. Activar historial de depuración para este historiador para una completa lista de los JARs que fueron explorados y de los que nos se halló TLDs. Saltarse JARs no necesarios durante la exploración puede dar lugar a una mejora de tiempo significativa en el arranque y compilación de JSP .
20-Jun-2025 14:26:31.048 INFO [http-nio-8080-exec-183] org.apache.catalina.startup.HostConfig.deployDescriptor Deployment of deployment descriptor [C:\Users\antho\Desktop\Escritorio\TEC\2025\Primer Semestre\Principios de Sistemas Operativos\Proyecto\Proyecto 3\DriveWeb\apache-tomcat-9.0.106\conf\Catalina\localhost\DriveSystemWeb.xml] has finished in [186] ms
20-Jun-2025 14:26:31.050 INFO [http-nio-8080-exec-184] org.apache.catalina.util.LifecycleBase.start The start() method was called on component [StandardEngine[Catalina].StandardHost[localhost].StandardContext[/DriveSystemWeb]] after start() had already been called. The second call will be ignored.
20-Jun-2025 14:31:03.889 INFO [http-nio-8080-exec-192] org.apache.catalina.startup.HostConfig.undeploy Repliegue (undeploy) de la aplicación web que tiene como trayectoria de contexto [/DriveSystemWeb]
20-Jun-2025 14:31:26.650 INFO [http-nio-8080-exec-184] org.apache.catalina.startup.HostConfig.deployDescriptor Desplieque del descriptor de configuración [C:\Users\antho\Desktop\Escritorio\TEC\2025\Primer Semestre\Principios de Sistemas Operativos\Proyecto\Proyecto 3\DriveWeb\apache-tomcat-9.0.106\conf\Catalina\localhost\DriveSystemWeb.xml]
20-Jun-2025 14:31:26.652 WARNING [http-nio-8080-exec-184] org.apache.catalina.startup.HostConfig.deployDescriptor The path attribute with value [/DriveSystemWeb] in deployment descriptor [C:\Users\antho\Desktop\Escritorio\TEC\2025\Primer Semestre\Principios de Sistemas Operativos\Proyecto\Proyecto 3\DriveWeb\apache-tomcat-9.0.106\conf\Catalina\localhost\DriveSystemWeb.xml] has been ignored
20-Jun-2025 14:31:26.847 INFO [http-nio-8080-exec-184] org.apache.jasper.servlet.TldScanner.scanJars Al menos un JAR, que se ha explorado buscando TLDs, aún no contenía TLDs. Activar historial de depuración para este historiador para una completa lista de los JARs que fueron explorados y de los que nos se halló TLDs. Saltarse JARs no necesarios durante la exploración puede dar lugar a una mejora de tiempo significativa en el arranque y compilación de JSP .
20-Jun-2025 14:31:26.853 INFO [http-nio-8080-exec-184] org.apache.catalina.startup.HostConfig.deployDescriptor Deployment of deployment descriptor [C:\Users\antho\Desktop\Escritorio\TEC\2025\Primer Semestre\Principios de Sistemas Operativos\Proyecto\Proyecto 3\DriveWeb\apache-tomcat-9.0.106\conf\Catalina\localhost\DriveSystemWeb.xml] has finished in [203] ms
20-Jun-2025 14:31:26.855 INFO [http-nio-8080-exec-192] org.apache.catalina.util.LifecycleBase.start The start() method was called on component [StandardEngine[Catalina].StandardHost[localhost].StandardContext[/DriveSystemWeb]] after start() had already been called. The second call will be ignored.
20-Jun-2025 14:50:05.956 INFO [main] org.apache.catalina.core.StandardServer.await Se ha recibido un comando de apagado a través del puerto de apagado. Parando la instancia del Servidor.
20-Jun-2025 14:50:05.957 INFO [main] org.apache.coyote.AbstractProtocol.pause Pausing ProtocolHandler ["http-nio-8080"]
20-Jun-2025 14:50:05.976 INFO [main] org.apache.catalina.core.StandardService.stopInternal Parando servicio [Catalina]
20-Jun-2025 14:50:06.013 INFO [main] org.apache.coyote.AbstractProtocol.stop Stopping ProtocolHandler ["http-nio-8080"]
20-Jun-2025 14:50:06.041 INFO [main] org.apache.coyote.AbstractProtocol.destroy Destroying ProtocolHandler ["http-nio-8080"]
