22-Jun-2025 18:45:54.608 INFO [main] org.apache.catalina.startup.VersionLoggerListener.log Nombre de la versión del servidor: Apache Tomcat/9.0.106
22-Jun-2025 18:45:54.612 INFO [main] org.apache.catalina.startup.VersionLoggerListener.log Server built:                      Jun 5 2025 19:02:30 UTC
22-Jun-2025 18:45:54.612 INFO [main] org.apache.catalina.startup.VersionLoggerListener.log Número de versión de servidor:     9.0.106.0
22-Jun-2025 18:45:54.613 INFO [main] org.apache.catalina.startup.VersionLoggerListener.log OS Name:                           Windows 11
22-Jun-2025 18:45:54.613 INFO [main] org.apache.catalina.startup.VersionLoggerListener.log Versión de Systema Operativo:      10.0
22-Jun-2025 18:45:54.613 INFO [main] org.apache.catalina.startup.VersionLoggerListener.log Arquitectura:                      amd64
22-Jun-2025 18:45:54.613 INFO [main] org.apache.catalina.startup.VersionLoggerListener.log Java Home:                         C:\Program Files\Java\jdk-23
22-Jun-2025 18:45:54.613 INFO [main] org.apache.catalina.startup.VersionLoggerListener.log JVM Version:                       23.0.2+7-58
22-Jun-2025 18:45:54.613 INFO [main] org.apache.catalina.startup.VersionLoggerListener.log Vededor JVM:                       Oracle Corporation
22-Jun-2025 18:45:54.613 INFO [main] org.apache.catalina.startup.VersionLoggerListener.log CATALINA_BASE:                     C:\Users\antho\Desktop\Escritorio\TEC\2025\Primer Semestre\Principios de Sistemas Operativos\Proyecto\Proyecto 3\DriveWeb\apache-tomcat-9.0.106
22-Jun-2025 18:45:54.613 INFO [main] org.apache.catalina.startup.VersionLoggerListener.log CATALINA_HOME:                     C:\Users\antho\Desktop\Escritorio\TEC\2025\Primer Semestre\Principios de Sistemas Operativos\Proyecto\Proyecto 3\DriveWeb\apache-tomcat-9.0.106
22-Jun-2025 18:45:54.623 INFO [main] org.apache.catalina.startup.VersionLoggerListener.log Command line argument:             --add-opens=java.base/java.lang=ALL-UNNAMED
22-Jun-2025 18:45:54.624 INFO [main] org.apache.catalina.startup.VersionLoggerListener.log Command line argument:             --add-opens=java.base/java.lang.invoke=ALL-UNNAMED
22-Jun-2025 18:45:54.624 INFO [main] org.apache.catalina.startup.VersionLoggerListener.log Command line argument:             --add-opens=java.base/java.lang.reflect=ALL-UNNAMED
22-Jun-2025 18:45:54.624 INFO [main] org.apache.catalina.startup.VersionLoggerListener.log Command line argument:             --add-opens=java.base/java.io=ALL-UNNAMED
22-Jun-2025 18:45:54.624 INFO [main] org.apache.catalina.startup.VersionLoggerListener.log Command line argument:             --add-opens=java.base/java.util=ALL-UNNAMED
22-Jun-2025 18:45:54.624 INFO [main] org.apache.catalina.startup.VersionLoggerListener.log Command line argument:             --add-opens=java.base/java.util.concurrent=ALL-UNNAMED
22-Jun-2025 18:45:54.624 INFO [main] org.apache.catalina.startup.VersionLoggerListener.log Command line argument:             --add-opens=java.rmi/sun.rmi.transport=ALL-UNNAMED
22-Jun-2025 18:45:54.625 INFO [main] org.apache.catalina.startup.VersionLoggerListener.log Command line argument:             -Djava.util.logging.config.file=C:\Users\antho\Desktop\Escritorio\TEC\2025\Primer Semestre\Principios de Sistemas Operativos\Proyecto\Proyecto 3\DriveWeb\apache-tomcat-9.0.106\conf\logging.properties
22-Jun-2025 18:45:54.625 INFO [main] org.apache.catalina.startup.VersionLoggerListener.log Command line argument:             -Djava.util.logging.manager=org.apache.juli.ClassLoaderLogManager
22-Jun-2025 18:45:54.625 INFO [main] org.apache.catalina.startup.VersionLoggerListener.log Command line argument:             -Djdk.tls.ephemeralDHKeySize=2048
22-Jun-2025 18:45:54.625 INFO [main] org.apache.catalina.startup.VersionLoggerListener.log Command line argument:             -Djava.protocol.handler.pkgs=org.apache.catalina.webresources
22-Jun-2025 18:45:54.625 INFO [main] org.apache.catalina.startup.VersionLoggerListener.log Command line argument:             -Dsun.io.useCanonCaches=false
22-Jun-2025 18:45:54.625 INFO [main] org.apache.catalina.startup.VersionLoggerListener.log Command line argument:             -Dignore.endorsed.dirs=
22-Jun-2025 18:45:54.696 INFO [main] org.apache.catalina.startup.VersionLoggerListener.log Command line argument:             -Dcatalina.base=C:\Users\antho\Desktop\Escritorio\TEC\2025\Primer Semestre\Principios de Sistemas Operativos\Proyecto\Proyecto 3\DriveWeb\apache-tomcat-9.0.106
22-Jun-2025 18:45:54.697 INFO [main] org.apache.catalina.startup.VersionLoggerListener.log Command line argument:             -Dcatalina.home=C:\Users\antho\Desktop\Escritorio\TEC\2025\Primer Semestre\Principios de Sistemas Operativos\Proyecto\Proyecto 3\DriveWeb\apache-tomcat-9.0.106
22-Jun-2025 18:45:54.698 INFO [main] org.apache.catalina.startup.VersionLoggerListener.log Command line argument:             -Djava.io.tmpdir=C:\Users\antho\Desktop\Escritorio\TEC\2025\Primer Semestre\Principios de Sistemas Operativos\Proyecto\Proyecto 3\DriveWeb\apache-tomcat-9.0.106\temp
22-Jun-2025 18:45:54.737 INFO [main] org.apache.catalina.core.AprLifecycleListener.lifecycleEvent La biblioteca nativa de Apache Tomcat basada en ARP que permite un rendimiento óptimo en entornos de desarrollo no ha sido hallada en java.library.path: [C:\Program Files\Java\jdk-23\bin;C:\WINDOWS\Sun\Java\bin;C:\WINDOWS\system32;C:\WINDOWS;C:\Program Files\Common Files\Oracle\Java\javapath;C:\Program Files (x86)\Common Files\Oracle\Java\javapath;C:\Python313\Scripts\;C:\Python313\;C:\WINDOWS\system32;C:\WINDOWS;C:\WINDOWS\System32\Wbem;C:\WINDOWS\System32\WindowsPowerShell\v1.0\;C:\WINDOWS\System32\OpenSSH\;C:\Program Files\nodejs\;C:\ProgramData\chocolatey\bin;C:\Program Files\Git\cmd;C:\Users\antho\AppData\Local\Microsoft\WindowsApps;C:\Users\antho\AppData\Local\Programs\Microsoft VS Code\bin;C:\Users\antho\AppData\Local\GitHubDesktop\bin;C:\Users\antho\AppData\Local\gitkraken\bin;C:\Users\antho\AppData\Roaming\npm;.]
22-Jun-2025 18:45:55.292 INFO [main] org.apache.coyote.AbstractProtocol.init Inicializando el manejador de protocolo ["http-nio-8080"]

22-Jun-2025 18:45:55.327 INFO [main] org.apache.catalina.startup.Catalina.load Server initialization in [1089] milliseconds
22-Jun-2025 18:45:55.434 INFO [main] org.apache.catalina.core.StandardService.startInternal Arrancando servicio [Catalina]
22-Jun-2025 18:45:55.435 INFO [main] org.apache.catalina.core.StandardEngine.startInternal Starting Servlet engine: [Apache Tomcat/9.0.106]
22-Jun-2025 18:45:55.458 INFO [main] org.apache.catalina.startup.HostConfig.deployDescriptor Desplieque del descriptor de configuración [C:\Users\antho\Desktop\Escritorio\TEC\2025\Primer Semestre\Principios de Sistemas Operativos\Proyecto\Proyecto 3\DriveWeb\apache-tomcat-9.0.106\conf\Catalina\localhost\DriveSystemWeb.xml]
22-Jun-2025 18:45:55.495 WARNING [main] org.apache.catalina.startup.HostConfig.deployDescriptor The path attribute with value [/DriveSystemWeb] in deployment descriptor [C:\Users\antho\Desktop\Escritorio\TEC\2025\Primer Semestre\Principios de Sistemas Operativos\Proyecto\Proyecto 3\DriveWeb\apache-tomcat-9.0.106\conf\Catalina\localhost\DriveSystemWeb.xml] has been ignored
22-Jun-2025 18:45:56.306 INFO [main] org.apache.jasper.servlet.TldScanner.scanJars Al menos un JAR, que se ha explorado buscando TLDs, aún no contenía TLDs. Activar historial de depuración para este historiador para una completa lista de los JARs que fueron explorados y de los que nos se halló TLDs. Saltarse JARs no necesarios durante la exploración puede dar lugar a una mejora de tiempo significativa en el arranque y compilación de JSP .
22-Jun-2025 18:45:56.414 INFO [main] org.apache.catalina.startup.HostConfig.deployDescriptor Deployment of deployment descriptor [C:\Users\antho\Desktop\Escritorio\TEC\2025\Primer Semestre\Principios de Sistemas Operativos\Proyecto\Proyecto 3\DriveWeb\apache-tomcat-9.0.106\conf\Catalina\localhost\DriveSystemWeb.xml] has finished in [951] ms
22-Jun-2025 18:45:56.416 INFO [main] org.apache.catalina.startup.HostConfig.deployDirectory Desplegando el directorio [C:\Users\antho\Desktop\Escritorio\TEC\2025\Primer Semestre\Principios de Sistemas Operativos\Proyecto\Proyecto 3\DriveWeb\apache-tomcat-9.0.106\webapps\docs] de la aplicación web
22-Jun-2025 18:45:56.567 INFO [main] org.apache.catalina.startup.HostConfig.deployDirectory Deployment of web application directory [C:\Users\antho\Desktop\Escritorio\TEC\2025\Primer Semestre\Principios de Sistemas Operativos\Proyecto\Proyecto 3\DriveWeb\apache-tomcat-9.0.106\webapps\docs] has finished in [151] ms
22-Jun-2025 18:45:56.567 INFO [main] org.apache.catalina.startup.HostConfig.deployDirectory Desplegando el directorio [C:\Users\antho\Desktop\Escritorio\TEC\2025\Primer Semestre\Principios de Sistemas Operativos\Proyecto\Proyecto 3\DriveWeb\apache-tomcat-9.0.106\webapps\examples] de la aplicación web
22-Jun-2025 18:45:57.702 INFO [main] org.apache.catalina.startup.HostConfig.deployDirectory Deployment of web application directory [C:\Users\antho\Desktop\Escritorio\TEC\2025\Primer Semestre\Principios de Sistemas Operativos\Proyecto\Proyecto 3\DriveWeb\apache-tomcat-9.0.106\webapps\examples] has finished in [1.135] ms
22-Jun-2025 18:45:57.703 INFO [main] org.apache.catalina.startup.HostConfig.deployDirectory Desplegando el directorio [C:\Users\antho\Desktop\Escritorio\TEC\2025\Primer Semestre\Principios de Sistemas Operativos\Proyecto\Proyecto 3\DriveWeb\apache-tomcat-9.0.106\webapps\host-manager] de la aplicación web
22-Jun-2025 18:45:57.808 INFO [main] org.apache.catalina.startup.HostConfig.deployDirectory Deployment of web application directory [C:\Users\antho\Desktop\Escritorio\TEC\2025\Primer Semestre\Principios de Sistemas Operativos\Proyecto\Proyecto 3\DriveWeb\apache-tomcat-9.0.106\webapps\host-manager] has finished in [105] ms
22-Jun-2025 18:45:57.809 INFO [main] org.apache.catalina.startup.HostConfig.deployDirectory Desplegando el directorio [C:\Users\antho\Desktop\Escritorio\TEC\2025\Primer Semestre\Principios de Sistemas Operativos\Proyecto\Proyecto 3\DriveWeb\apache-tomcat-9.0.106\webapps\manager] de la aplicación web
22-Jun-2025 18:45:57.898 INFO [main] org.apache.catalina.startup.HostConfig.deployDirectory Deployment of web application directory [C:\Users\antho\Desktop\Escritorio\TEC\2025\Primer Semestre\Principios de Sistemas Operativos\Proyecto\Proyecto 3\DriveWeb\apache-tomcat-9.0.106\webapps\manager] has finished in [90] ms
22-Jun-2025 18:45:57.898 INFO [main] org.apache.catalina.startup.HostConfig.deployDirectory Desplegando el directorio [C:\Users\antho\Desktop\Escritorio\TEC\2025\Primer Semestre\Principios de Sistemas Operativos\Proyecto\Proyecto 3\DriveWeb\apache-tomcat-9.0.106\webapps\ROOT] de la aplicación web
22-Jun-2025 18:45:57.956 INFO [main] org.apache.catalina.startup.HostConfig.deployDirectory Deployment of web application directory [C:\Users\antho\Desktop\Escritorio\TEC\2025\Primer Semestre\Principios de Sistemas Operativos\Proyecto\Proyecto 3\DriveWeb\apache-tomcat-9.0.106\webapps\ROOT] has finished in [58] ms
22-Jun-2025 18:45:57.965 INFO [main] org.apache.coyote.AbstractProtocol.start Starting ProtocolHandler ["http-nio-8080"]
22-Jun-2025 18:45:58.008 INFO [main] org.apache.catalina.startup.Catalina.start Server startup in [2679] milliseconds
22-Jun-2025 18:46:00.993 INFO [http-nio-8080-exec-10] org.apache.catalina.startup.HostConfig.undeploy Repliegue (undeploy) de la aplicación web que tiene como trayectoria de contexto [/DriveSystemWeb]
22-Jun-2025 18:46:01.068 INFO [http-nio-8080-exec-1] org.apache.catalina.startup.HostConfig.deployDescriptor Desplieque del descriptor de configuración [C:\Users\antho\Desktop\Escritorio\TEC\2025\Primer Semestre\Principios de Sistemas Operativos\Proyecto\Proyecto 3\DriveWeb\apache-tomcat-9.0.106\conf\Catalina\localhost\DriveSystemWeb.xml]
22-Jun-2025 18:46:01.070 WARNING [http-nio-8080-exec-1] org.apache.catalina.startup.HostConfig.deployDescriptor The path attribute with value [/DriveSystemWeb] in deployment descriptor [C:\Users\antho\Desktop\Escritorio\TEC\2025\Primer Semestre\Principios de Sistemas Operativos\Proyecto\Proyecto 3\DriveWeb\apache-tomcat-9.0.106\conf\Catalina\localhost\DriveSystemWeb.xml] has been ignored
22-Jun-2025 18:46:01.322 INFO [http-nio-8080-exec-1] org.apache.jasper.servlet.TldScanner.scanJars Al menos un JAR, que se ha explorado buscando TLDs, aún no contenía TLDs. Activar historial de depuración para este historiador para una completa lista de los JARs que fueron explorados y de los que nos se halló TLDs. Saltarse JARs no necesarios durante la exploración puede dar lugar a una mejora de tiempo significativa en el arranque y compilación de JSP .
22-Jun-2025 18:46:01.328 INFO [http-nio-8080-exec-1] org.apache.catalina.startup.HostConfig.deployDescriptor Deployment of deployment descriptor [C:\Users\antho\Desktop\Escritorio\TEC\2025\Primer Semestre\Principios de Sistemas Operativos\Proyecto\Proyecto 3\DriveWeb\apache-tomcat-9.0.106\conf\Catalina\localhost\DriveSystemWeb.xml] has finished in [260] ms
22-Jun-2025 18:46:01.331 INFO [http-nio-8080-exec-6] org.apache.catalina.util.LifecycleBase.start The start() method was called on component [StandardEngine[Catalina].StandardHost[localhost].StandardContext[/DriveSystemWeb]] after start() had already been called. The second call will be ignored.
22-Jun-2025 18:48:55.661 INFO [http-nio-8080-exec-9] org.apache.catalina.startup.HostConfig.undeploy Repliegue (undeploy) de la aplicación web que tiene como trayectoria de contexto [/DriveSystemWeb]
22-Jun-2025 18:49:14.245 INFO [http-nio-8080-exec-15] org.apache.catalina.startup.HostConfig.deployDescriptor Desplieque del descriptor de configuración [C:\Users\antho\Desktop\Escritorio\TEC\2025\Primer Semestre\Principios de Sistemas Operativos\Proyecto\Proyecto 3\DriveWeb\apache-tomcat-9.0.106\conf\Catalina\localhost\DriveSystemWeb.xml]
22-Jun-2025 18:49:14.245 WARNING [http-nio-8080-exec-15] org.apache.catalina.startup.HostConfig.deployDescriptor The path attribute with value [/DriveSystemWeb] in deployment descriptor [C:\Users\antho\Desktop\Escritorio\TEC\2025\Primer Semestre\Principios de Sistemas Operativos\Proyecto\Proyecto 3\DriveWeb\apache-tomcat-9.0.106\conf\Catalina\localhost\DriveSystemWeb.xml] has been ignored
22-Jun-2025 18:49:14.460 INFO [http-nio-8080-exec-15] org.apache.jasper.servlet.TldScanner.scanJars Al menos un JAR, que se ha explorado buscando TLDs, aún no contenía TLDs. Activar historial de depuración para este historiador para una completa lista de los JARs que fueron explorados y de los que nos se halló TLDs. Saltarse JARs no necesarios durante la exploración puede dar lugar a una mejora de tiempo significativa en el arranque y compilación de JSP .
22-Jun-2025 18:49:14.465 INFO [http-nio-8080-exec-15] org.apache.catalina.startup.HostConfig.deployDescriptor Deployment of deployment descriptor [C:\Users\antho\Desktop\Escritorio\TEC\2025\Primer Semestre\Principios de Sistemas Operativos\Proyecto\Proyecto 3\DriveWeb\apache-tomcat-9.0.106\conf\Catalina\localhost\DriveSystemWeb.xml] has finished in [222] ms
22-Jun-2025 18:49:14.468 INFO [http-nio-8080-exec-17] org.apache.catalina.util.LifecycleBase.start The start() method was called on component [StandardEngine[Catalina].StandardHost[localhost].StandardContext[/DriveSystemWeb]] after start() had already been called. The second call will be ignored.
22-Jun-2025 18:52:11.581 INFO [http-nio-8080-exec-28] org.apache.catalina.startup.HostConfig.undeploy Repliegue (undeploy) de la aplicación web que tiene como trayectoria de contexto [/DriveSystemWeb]
22-Jun-2025 18:52:29.630 INFO [http-nio-8080-exec-19] org.apache.catalina.startup.HostConfig.deployDescriptor Desplieque del descriptor de configuración [C:\Users\antho\Desktop\Escritorio\TEC\2025\Primer Semestre\Principios de Sistemas Operativos\Proyecto\Proyecto 3\DriveWeb\apache-tomcat-9.0.106\conf\Catalina\localhost\DriveSystemWeb.xml]
22-Jun-2025 18:52:29.631 WARNING [http-nio-8080-exec-19] org.apache.catalina.startup.HostConfig.deployDescriptor The path attribute with value [/DriveSystemWeb] in deployment descriptor [C:\Users\antho\Desktop\Escritorio\TEC\2025\Primer Semestre\Principios de Sistemas Operativos\Proyecto\Proyecto 3\DriveWeb\apache-tomcat-9.0.106\conf\Catalina\localhost\DriveSystemWeb.xml] has been ignored
22-Jun-2025 18:52:29.862 INFO [http-nio-8080-exec-19] org.apache.jasper.servlet.TldScanner.scanJars Al menos un JAR, que se ha explorado buscando TLDs, aún no contenía TLDs. Activar historial de depuración para este historiador para una completa lista de los JARs que fueron explorados y de los que nos se halló TLDs. Saltarse JARs no necesarios durante la exploración puede dar lugar a una mejora de tiempo significativa en el arranque y compilación de JSP .
22-Jun-2025 18:52:29.868 INFO [http-nio-8080-exec-19] org.apache.catalina.startup.HostConfig.deployDescriptor Deployment of deployment descriptor [C:\Users\antho\Desktop\Escritorio\TEC\2025\Primer Semestre\Principios de Sistemas Operativos\Proyecto\Proyecto 3\DriveWeb\apache-tomcat-9.0.106\conf\Catalina\localhost\DriveSystemWeb.xml] has finished in [237] ms
22-Jun-2025 18:52:29.871 INFO [http-nio-8080-exec-26] org.apache.catalina.util.LifecycleBase.start The start() method was called on component [StandardEngine[Catalina].StandardHost[localhost].StandardContext[/DriveSystemWeb]] after start() had already been called. The second call will be ignored.
