21-Jun-2025 20:01:56.157 INFO [main] org.apache.catalina.startup.VersionLoggerListener.log Nombre de la versión del servidor: Apache Tomcat/9.0.106
21-Jun-2025 20:01:56.165 INFO [main] org.apache.catalina.startup.VersionLoggerListener.log Server built:                      Jun 5 2025 19:02:30 UTC
21-Jun-2025 20:01:56.166 INFO [main] org.apache.catalina.startup.VersionLoggerListener.log Número de versión de servidor:     9.0.106.0
21-Jun-2025 20:01:56.166 INFO [main] org.apache.catalina.startup.VersionLoggerListener.log OS Name:                           Windows 11
21-Jun-2025 20:01:56.166 INFO [main] org.apache.catalina.startup.VersionLoggerListener.log Versión de Systema Operativo:      10.0
21-Jun-2025 20:01:56.166 INFO [main] org.apache.catalina.startup.VersionLoggerListener.log Arquitectura:                      amd64
21-Jun-2025 20:01:56.166 INFO [main] org.apache.catalina.startup.VersionLoggerListener.log Java Home:                         C:\Program Files\Java\jdk-23
21-Jun-2025 20:01:56.166 INFO [main] org.apache.catalina.startup.VersionLoggerListener.log JVM Version:                       23.0.2+7-58
21-Jun-2025 20:01:56.167 INFO [main] org.apache.catalina.startup.VersionLoggerListener.log Vededor JVM:                       Oracle Corporation
21-Jun-2025 20:01:56.167 INFO [main] org.apache.catalina.startup.VersionLoggerListener.log CATALINA_BASE:                     C:\Users\antho\Desktop\Escritorio\TEC\2025\Primer Semestre\Principios de Sistemas Operativos\Proyecto\Proyecto 3\DriveWeb\apache-tomcat-9.0.106
21-Jun-2025 20:01:56.167 INFO [main] org.apache.catalina.startup.VersionLoggerListener.log CATALINA_HOME:                     C:\Users\antho\Desktop\Escritorio\TEC\2025\Primer Semestre\Principios de Sistemas Operativos\Proyecto\Proyecto 3\DriveWeb\apache-tomcat-9.0.106
21-Jun-2025 20:01:56.183 INFO [main] org.apache.catalina.startup.VersionLoggerListener.log Command line argument:             --add-opens=java.base/java.lang=ALL-UNNAMED
21-Jun-2025 20:01:56.183 INFO [main] org.apache.catalina.startup.VersionLoggerListener.log Command line argument:             --add-opens=java.base/java.lang.invoke=ALL-UNNAMED
21-Jun-2025 20:01:56.184 INFO [main] org.apache.catalina.startup.VersionLoggerListener.log Command line argument:             --add-opens=java.base/java.lang.reflect=ALL-UNNAMED
21-Jun-2025 20:01:56.184 INFO [main] org.apache.catalina.startup.VersionLoggerListener.log Command line argument:             --add-opens=java.base/java.io=ALL-UNNAMED
21-Jun-2025 20:01:56.184 INFO [main] org.apache.catalina.startup.VersionLoggerListener.log Command line argument:             --add-opens=java.base/java.util=ALL-UNNAMED
21-Jun-2025 20:01:56.185 INFO [main] org.apache.catalina.startup.VersionLoggerListener.log Command line argument:             --add-opens=java.base/java.util.concurrent=ALL-UNNAMED
21-Jun-2025 20:01:56.185 INFO [main] org.apache.catalina.startup.VersionLoggerListener.log Command line argument:             --add-opens=java.rmi/sun.rmi.transport=ALL-UNNAMED
21-Jun-2025 20:01:56.185 INFO [main] org.apache.catalina.startup.VersionLoggerListener.log Command line argument:             -Djava.util.logging.config.file=C:\Users\antho\Desktop\Escritorio\TEC\2025\Primer Semestre\Principios de Sistemas Operativos\Proyecto\Proyecto 3\DriveWeb\apache-tomcat-9.0.106\conf\logging.properties
21-Jun-2025 20:01:56.185 INFO [main] org.apache.catalina.startup.VersionLoggerListener.log Command line argument:             -Djava.util.logging.manager=org.apache.juli.ClassLoaderLogManager
21-Jun-2025 20:01:56.185 INFO [main] org.apache.catalina.startup.VersionLoggerListener.log Command line argument:             -Djdk.tls.ephemeralDHKeySize=2048
21-Jun-2025 20:01:56.186 INFO [main] org.apache.catalina.startup.VersionLoggerListener.log Command line argument:             -Djava.protocol.handler.pkgs=org.apache.catalina.webresources
21-Jun-2025 20:01:56.186 INFO [main] org.apache.catalina.startup.VersionLoggerListener.log Command line argument:             -Dsun.io.useCanonCaches=false
21-Jun-2025 20:01:56.187 INFO [main] org.apache.catalina.startup.VersionLoggerListener.log Command line argument:             -Dignore.endorsed.dirs=
21-Jun-2025 20:01:56.187 INFO [main] org.apache.catalina.startup.VersionLoggerListener.log Command line argument:             -Dcatalina.base=C:\Users\antho\Desktop\Escritorio\TEC\2025\Primer Semestre\Principios de Sistemas Operativos\Proyecto\Proyecto 3\DriveWeb\apache-tomcat-9.0.106
21-Jun-2025 20:01:56.189 INFO [main] org.apache.catalina.startup.VersionLoggerListener.log Command line argument:             -Dcatalina.home=C:\Users\antho\Desktop\Escritorio\TEC\2025\Primer Semestre\Principios de Sistemas Operativos\Proyecto\Proyecto 3\DriveWeb\apache-tomcat-9.0.106
21-Jun-2025 20:01:56.189 INFO [main] org.apache.catalina.startup.VersionLoggerListener.log Command line argument:             -Djava.io.tmpdir=C:\Users\antho\Desktop\Escritorio\TEC\2025\Primer Semestre\Principios de Sistemas Operativos\Proyecto\Proyecto 3\DriveWeb\apache-tomcat-9.0.106\temp
21-Jun-2025 20:01:56.208 INFO [main] org.apache.catalina.core.AprLifecycleListener.lifecycleEvent La biblioteca nativa de Apache Tomcat basada en ARP que permite un rendimiento óptimo en entornos de desarrollo no ha sido hallada en java.library.path: [C:\Program Files\Java\jdk-23\bin;C:\WINDOWS\Sun\Java\bin;C:\WINDOWS\system32;C:\WINDOWS;C:\Program Files\Common Files\Oracle\Java\javapath;C:\Program Files (x86)\Common Files\Oracle\Java\javapath;C:\Python313\Scripts\;C:\Python313\;C:\WINDOWS\system32;C:\WINDOWS;C:\WINDOWS\System32\Wbem;C:\WINDOWS\System32\WindowsPowerShell\v1.0\;C:\WINDOWS\System32\OpenSSH\;C:\Program Files\nodejs\;C:\ProgramData\chocolatey\bin;C:\Program Files\Git\cmd;C:\Users\antho\AppData\Local\Microsoft\WindowsApps;C:\Users\antho\AppData\Local\Programs\Microsoft VS Code\bin;C:\Users\antho\AppData\Local\GitHubDesktop\bin;C:\Users\antho\AppData\Local\gitkraken\bin;C:\Users\antho\AppData\Roaming\npm;.]
21-Jun-2025 20:01:56.935 INFO [main] org.apache.coyote.AbstractProtocol.init Inicializando el manejador de protocolo ["http-nio-8080"]

21-Jun-2025 20:01:56.989 INFO [main] org.apache.catalina.startup.Catalina.load Server initialization in [1231] milliseconds
21-Jun-2025 20:01:57.130 INFO [main] org.apache.catalina.core.StandardService.startInternal Arrancando servicio [Catalina]
21-Jun-2025 20:01:57.131 INFO [main] org.apache.catalina.core.StandardEngine.startInternal Starting Servlet engine: [Apache Tomcat/9.0.106]
21-Jun-2025 20:01:57.152 INFO [main] org.apache.catalina.startup.HostConfig.deployDescriptor Desplieque del descriptor de configuración [C:\Users\antho\Desktop\Escritorio\TEC\2025\Primer Semestre\Principios de Sistemas Operativos\Proyecto\Proyecto 3\DriveWeb\apache-tomcat-9.0.106\conf\Catalina\localhost\DriveSystemWeb.xml]
21-Jun-2025 20:01:57.182 WARNING [main] org.apache.catalina.startup.HostConfig.deployDescriptor The path attribute with value [/DriveSystemWeb] in deployment descriptor [C:\Users\antho\Desktop\Escritorio\TEC\2025\Primer Semestre\Principios de Sistemas Operativos\Proyecto\Proyecto 3\DriveWeb\apache-tomcat-9.0.106\conf\Catalina\localhost\DriveSystemWeb.xml] has been ignored
21-Jun-2025 20:01:58.383 INFO [main] org.apache.jasper.servlet.TldScanner.scanJars Al menos un JAR, que se ha explorado buscando TLDs, aún no contenía TLDs. Activar historial de depuración para este historiador para una completa lista de los JARs que fueron explorados y de los que nos se halló TLDs. Saltarse JARs no necesarios durante la exploración puede dar lugar a una mejora de tiempo significativa en el arranque y compilación de JSP .
21-Jun-2025 20:01:58.536 INFO [main] org.apache.catalina.startup.HostConfig.deployDescriptor Deployment of deployment descriptor [C:\Users\antho\Desktop\Escritorio\TEC\2025\Primer Semestre\Principios de Sistemas Operativos\Proyecto\Proyecto 3\DriveWeb\apache-tomcat-9.0.106\conf\Catalina\localhost\DriveSystemWeb.xml] has finished in [1.380] ms
21-Jun-2025 20:01:58.537 INFO [main] org.apache.catalina.startup.HostConfig.deployDirectory Desplegando el directorio [C:\Users\antho\Desktop\Escritorio\TEC\2025\Primer Semestre\Principios de Sistemas Operativos\Proyecto\Proyecto 3\DriveWeb\apache-tomcat-9.0.106\webapps\docs] de la aplicación web
21-Jun-2025 20:01:58.713 INFO [main] org.apache.catalina.startup.HostConfig.deployDirectory Deployment of web application directory [C:\Users\antho\Desktop\Escritorio\TEC\2025\Primer Semestre\Principios de Sistemas Operativos\Proyecto\Proyecto 3\DriveWeb\apache-tomcat-9.0.106\webapps\docs] has finished in [175] ms
21-Jun-2025 20:01:58.713 INFO [main] org.apache.catalina.startup.HostConfig.deployDirectory Desplegando el directorio [C:\Users\antho\Desktop\Escritorio\TEC\2025\Primer Semestre\Principios de Sistemas Operativos\Proyecto\Proyecto 3\DriveWeb\apache-tomcat-9.0.106\webapps\examples] de la aplicación web
21-Jun-2025 20:02:00.957 INFO [main] org.apache.catalina.startup.HostConfig.deployDirectory Deployment of web application directory [C:\Users\antho\Desktop\Escritorio\TEC\2025\Primer Semestre\Principios de Sistemas Operativos\Proyecto\Proyecto 3\DriveWeb\apache-tomcat-9.0.106\webapps\examples] has finished in [2.244] ms
21-Jun-2025 20:02:00.958 INFO [main] org.apache.catalina.startup.HostConfig.deployDirectory Desplegando el directorio [C:\Users\antho\Desktop\Escritorio\TEC\2025\Primer Semestre\Principios de Sistemas Operativos\Proyecto\Proyecto 3\DriveWeb\apache-tomcat-9.0.106\webapps\host-manager] de la aplicación web
21-Jun-2025 20:02:01.149 INFO [main] org.apache.catalina.startup.HostConfig.deployDirectory Deployment of web application directory [C:\Users\antho\Desktop\Escritorio\TEC\2025\Primer Semestre\Principios de Sistemas Operativos\Proyecto\Proyecto 3\DriveWeb\apache-tomcat-9.0.106\webapps\host-manager] has finished in [191] ms
21-Jun-2025 20:02:01.150 INFO [main] org.apache.catalina.startup.HostConfig.deployDirectory Desplegando el directorio [C:\Users\antho\Desktop\Escritorio\TEC\2025\Primer Semestre\Principios de Sistemas Operativos\Proyecto\Proyecto 3\DriveWeb\apache-tomcat-9.0.106\webapps\manager] de la aplicación web
21-Jun-2025 20:02:01.362 INFO [main] org.apache.catalina.startup.HostConfig.deployDirectory Deployment of web application directory [C:\Users\antho\Desktop\Escritorio\TEC\2025\Primer Semestre\Principios de Sistemas Operativos\Proyecto\Proyecto 3\DriveWeb\apache-tomcat-9.0.106\webapps\manager] has finished in [212] ms
21-Jun-2025 20:02:01.363 INFO [main] org.apache.catalina.startup.HostConfig.deployDirectory Desplegando el directorio [C:\Users\antho\Desktop\Escritorio\TEC\2025\Primer Semestre\Principios de Sistemas Operativos\Proyecto\Proyecto 3\DriveWeb\apache-tomcat-9.0.106\webapps\ROOT] de la aplicación web
21-Jun-2025 20:02:01.544 INFO [main] org.apache.catalina.startup.HostConfig.deployDirectory Deployment of web application directory [C:\Users\antho\Desktop\Escritorio\TEC\2025\Primer Semestre\Principios de Sistemas Operativos\Proyecto\Proyecto 3\DriveWeb\apache-tomcat-9.0.106\webapps\ROOT] has finished in [182] ms
21-Jun-2025 20:02:01.555 INFO [main] org.apache.coyote.AbstractProtocol.start Starting ProtocolHandler ["http-nio-8080"]
21-Jun-2025 20:02:01.621 INFO [main] org.apache.catalina.startup.Catalina.start Server startup in [4625] milliseconds
21-Jun-2025 20:03:41.673 INFO [http-nio-8080-exec-1] org.apache.catalina.startup.HostConfig.undeploy Repliegue (undeploy) de la aplicación web que tiene como trayectoria de contexto [/DriveSystemWeb]
21-Jun-2025 20:03:41.843 INFO [http-nio-8080-exec-9] org.apache.catalina.startup.HostConfig.deployDescriptor Desplieque del descriptor de configuración [C:\Users\antho\Desktop\Escritorio\TEC\2025\Primer Semestre\Principios de Sistemas Operativos\Proyecto\Proyecto 3\DriveWeb\apache-tomcat-9.0.106\conf\Catalina\localhost\DriveSystemWeb.xml]
21-Jun-2025 20:03:41.844 WARNING [http-nio-8080-exec-9] org.apache.catalina.startup.HostConfig.deployDescriptor The path attribute with value [/DriveSystemWeb] in deployment descriptor [C:\Users\antho\Desktop\Escritorio\TEC\2025\Primer Semestre\Principios de Sistemas Operativos\Proyecto\Proyecto 3\DriveWeb\apache-tomcat-9.0.106\conf\Catalina\localhost\DriveSystemWeb.xml] has been ignored
21-Jun-2025 20:03:42.178 INFO [http-nio-8080-exec-9] org.apache.jasper.servlet.TldScanner.scanJars Al menos un JAR, que se ha explorado buscando TLDs, aún no contenía TLDs. Activar historial de depuración para este historiador para una completa lista de los JARs que fueron explorados y de los que nos se halló TLDs. Saltarse JARs no necesarios durante la exploración puede dar lugar a una mejora de tiempo significativa en el arranque y compilación de JSP .
21-Jun-2025 20:03:42.185 INFO [http-nio-8080-exec-9] org.apache.catalina.startup.HostConfig.deployDescriptor Deployment of deployment descriptor [C:\Users\antho\Desktop\Escritorio\TEC\2025\Primer Semestre\Principios de Sistemas Operativos\Proyecto\Proyecto 3\DriveWeb\apache-tomcat-9.0.106\conf\Catalina\localhost\DriveSystemWeb.xml] has finished in [342] ms
21-Jun-2025 20:03:42.191 INFO [http-nio-8080-exec-6] org.apache.catalina.util.LifecycleBase.start The start() method was called on component [StandardEngine[Catalina].StandardHost[localhost].StandardContext[/DriveSystemWeb]] after start() had already been called. The second call will be ignored.
21-Jun-2025 20:47:44.437 INFO [http-nio-8080-exec-15] org.apache.catalina.startup.HostConfig.undeploy Repliegue (undeploy) de la aplicación web que tiene como trayectoria de contexto [/DriveSystemWeb]
21-Jun-2025 20:49:13.681 INFO [http-nio-8080-exec-14] org.apache.catalina.startup.HostConfig.deployDescriptor Desplieque del descriptor de configuración [C:\Users\antho\Desktop\Escritorio\TEC\2025\Primer Semestre\Principios de Sistemas Operativos\Proyecto\Proyecto 3\DriveWeb\apache-tomcat-9.0.106\conf\Catalina\localhost\DriveSystemWeb.xml]
21-Jun-2025 20:49:13.683 WARNING [http-nio-8080-exec-14] org.apache.catalina.startup.HostConfig.deployDescriptor The path attribute with value [/DriveSystemWeb] in deployment descriptor [C:\Users\antho\Desktop\Escritorio\TEC\2025\Primer Semestre\Principios de Sistemas Operativos\Proyecto\Proyecto 3\DriveWeb\apache-tomcat-9.0.106\conf\Catalina\localhost\DriveSystemWeb.xml] has been ignored
21-Jun-2025 20:49:13.933 INFO [http-nio-8080-exec-14] org.apache.jasper.servlet.TldScanner.scanJars Al menos un JAR, que se ha explorado buscando TLDs, aún no contenía TLDs. Activar historial de depuración para este historiador para una completa lista de los JARs que fueron explorados y de los que nos se halló TLDs. Saltarse JARs no necesarios durante la exploración puede dar lugar a una mejora de tiempo significativa en el arranque y compilación de JSP .
21-Jun-2025 20:49:13.938 INFO [http-nio-8080-exec-14] org.apache.catalina.startup.HostConfig.deployDescriptor Deployment of deployment descriptor [C:\Users\antho\Desktop\Escritorio\TEC\2025\Primer Semestre\Principios de Sistemas Operativos\Proyecto\Proyecto 3\DriveWeb\apache-tomcat-9.0.106\conf\Catalina\localhost\DriveSystemWeb.xml] has finished in [257] ms
21-Jun-2025 20:49:13.942 INFO [http-nio-8080-exec-11] org.apache.catalina.util.LifecycleBase.start The start() method was called on component [StandardEngine[Catalina].StandardHost[localhost].StandardContext[/DriveSystemWeb]] after start() had already been called. The second call will be ignored.
21-Jun-2025 21:20:51.494 INFO [http-nio-8080-exec-26] org.apache.catalina.startup.HostConfig.undeploy Repliegue (undeploy) de la aplicación web que tiene como trayectoria de contexto [/DriveSystemWeb]
21-Jun-2025 21:22:12.678 INFO [http-nio-8080-exec-27] org.apache.catalina.startup.HostConfig.deployDescriptor Desplieque del descriptor de configuración [C:\Users\antho\Desktop\Escritorio\TEC\2025\Primer Semestre\Principios de Sistemas Operativos\Proyecto\Proyecto 3\DriveWeb\apache-tomcat-9.0.106\conf\Catalina\localhost\DriveSystemWeb.xml]
21-Jun-2025 21:22:12.680 WARNING [http-nio-8080-exec-27] org.apache.catalina.startup.HostConfig.deployDescriptor The path attribute with value [/DriveSystemWeb] in deployment descriptor [C:\Users\antho\Desktop\Escritorio\TEC\2025\Primer Semestre\Principios de Sistemas Operativos\Proyecto\Proyecto 3\DriveWeb\apache-tomcat-9.0.106\conf\Catalina\localhost\DriveSystemWeb.xml] has been ignored
21-Jun-2025 21:22:12.927 INFO [http-nio-8080-exec-27] org.apache.jasper.servlet.TldScanner.scanJars Al menos un JAR, que se ha explorado buscando TLDs, aún no contenía TLDs. Activar historial de depuración para este historiador para una completa lista de los JARs que fueron explorados y de los que nos se halló TLDs. Saltarse JARs no necesarios durante la exploración puede dar lugar a una mejora de tiempo significativa en el arranque y compilación de JSP .
21-Jun-2025 21:22:12.934 INFO [http-nio-8080-exec-27] org.apache.catalina.startup.HostConfig.deployDescriptor Deployment of deployment descriptor [C:\Users\antho\Desktop\Escritorio\TEC\2025\Primer Semestre\Principios de Sistemas Operativos\Proyecto\Proyecto 3\DriveWeb\apache-tomcat-9.0.106\conf\Catalina\localhost\DriveSystemWeb.xml] has finished in [255] ms
21-Jun-2025 21:22:12.936 INFO [http-nio-8080-exec-25] org.apache.catalina.util.LifecycleBase.start The start() method was called on component [StandardEngine[Catalina].StandardHost[localhost].StandardContext[/DriveSystemWeb]] after start() had already been called. The second call will be ignored.
21-Jun-2025 21:26:34.720 INFO [http-nio-8080-exec-40] org.apache.catalina.startup.HostConfig.undeploy Repliegue (undeploy) de la aplicación web que tiene como trayectoria de contexto [/DriveSystemWeb]
21-Jun-2025 21:26:51.798 INFO [http-nio-8080-exec-31] org.apache.catalina.startup.HostConfig.deployDescriptor Desplieque del descriptor de configuración [C:\Users\antho\Desktop\Escritorio\TEC\2025\Primer Semestre\Principios de Sistemas Operativos\Proyecto\Proyecto 3\DriveWeb\apache-tomcat-9.0.106\conf\Catalina\localhost\DriveSystemWeb.xml]
21-Jun-2025 21:26:51.800 WARNING [http-nio-8080-exec-31] org.apache.catalina.startup.HostConfig.deployDescriptor The path attribute with value [/DriveSystemWeb] in deployment descriptor [C:\Users\antho\Desktop\Escritorio\TEC\2025\Primer Semestre\Principios de Sistemas Operativos\Proyecto\Proyecto 3\DriveWeb\apache-tomcat-9.0.106\conf\Catalina\localhost\DriveSystemWeb.xml] has been ignored
21-Jun-2025 21:26:52.165 INFO [http-nio-8080-exec-31] org.apache.jasper.servlet.TldScanner.scanJars Al menos un JAR, que se ha explorado buscando TLDs, aún no contenía TLDs. Activar historial de depuración para este historiador para una completa lista de los JARs que fueron explorados y de los que nos se halló TLDs. Saltarse JARs no necesarios durante la exploración puede dar lugar a una mejora de tiempo significativa en el arranque y compilación de JSP .
21-Jun-2025 21:26:52.173 INFO [http-nio-8080-exec-31] org.apache.catalina.startup.HostConfig.deployDescriptor Deployment of deployment descriptor [C:\Users\antho\Desktop\Escritorio\TEC\2025\Primer Semestre\Principios de Sistemas Operativos\Proyecto\Proyecto 3\DriveWeb\apache-tomcat-9.0.106\conf\Catalina\localhost\DriveSystemWeb.xml] has finished in [375] ms
21-Jun-2025 21:26:52.176 INFO [http-nio-8080-exec-41] org.apache.catalina.util.LifecycleBase.start The start() method was called on component [StandardEngine[Catalina].StandardHost[localhost].StandardContext[/DriveSystemWeb]] after start() had already been called. The second call will be ignored.
21-Jun-2025 21:29:20.512 INFO [http-nio-8080-exec-36] org.apache.catalina.startup.HostConfig.undeploy Repliegue (undeploy) de la aplicación web que tiene como trayectoria de contexto [/DriveSystemWeb]
21-Jun-2025 21:29:35.189 INFO [http-nio-8080-exec-44] org.apache.catalina.startup.HostConfig.deployDescriptor Desplieque del descriptor de configuración [C:\Users\antho\Desktop\Escritorio\TEC\2025\Primer Semestre\Principios de Sistemas Operativos\Proyecto\Proyecto 3\DriveWeb\apache-tomcat-9.0.106\conf\Catalina\localhost\DriveSystemWeb.xml]
21-Jun-2025 21:29:35.191 WARNING [http-nio-8080-exec-44] org.apache.catalina.startup.HostConfig.deployDescriptor The path attribute with value [/DriveSystemWeb] in deployment descriptor [C:\Users\antho\Desktop\Escritorio\TEC\2025\Primer Semestre\Principios de Sistemas Operativos\Proyecto\Proyecto 3\DriveWeb\apache-tomcat-9.0.106\conf\Catalina\localhost\DriveSystemWeb.xml] has been ignored
21-Jun-2025 21:29:35.420 INFO [http-nio-8080-exec-44] org.apache.jasper.servlet.TldScanner.scanJars Al menos un JAR, que se ha explorado buscando TLDs, aún no contenía TLDs. Activar historial de depuración para este historiador para una completa lista de los JARs que fueron explorados y de los que nos se halló TLDs. Saltarse JARs no necesarios durante la exploración puede dar lugar a una mejora de tiempo significativa en el arranque y compilación de JSP .
21-Jun-2025 21:29:35.426 INFO [http-nio-8080-exec-44] org.apache.catalina.startup.HostConfig.deployDescriptor Deployment of deployment descriptor [C:\Users\antho\Desktop\Escritorio\TEC\2025\Primer Semestre\Principios de Sistemas Operativos\Proyecto\Proyecto 3\DriveWeb\apache-tomcat-9.0.106\conf\Catalina\localhost\DriveSystemWeb.xml] has finished in [237] ms
21-Jun-2025 21:29:35.447 INFO [http-nio-8080-exec-49] org.apache.catalina.util.LifecycleBase.start The start() method was called on component [StandardEngine[Catalina].StandardHost[localhost].StandardContext[/DriveSystemWeb]] after start() had already been called. The second call will be ignored.
21-Jun-2025 21:36:36.679 INFO [http-nio-8080-exec-58] org.apache.catalina.startup.HostConfig.undeploy Repliegue (undeploy) de la aplicación web que tiene como trayectoria de contexto [/DriveSystemWeb]
21-Jun-2025 21:36:53.171 INFO [http-nio-8080-exec-59] org.apache.catalina.startup.HostConfig.deployDescriptor Desplieque del descriptor de configuración [C:\Users\antho\Desktop\Escritorio\TEC\2025\Primer Semestre\Principios de Sistemas Operativos\Proyecto\Proyecto 3\DriveWeb\apache-tomcat-9.0.106\conf\Catalina\localhost\DriveSystemWeb.xml]
21-Jun-2025 21:36:53.172 WARNING [http-nio-8080-exec-59] org.apache.catalina.startup.HostConfig.deployDescriptor The path attribute with value [/DriveSystemWeb] in deployment descriptor [C:\Users\antho\Desktop\Escritorio\TEC\2025\Primer Semestre\Principios de Sistemas Operativos\Proyecto\Proyecto 3\DriveWeb\apache-tomcat-9.0.106\conf\Catalina\localhost\DriveSystemWeb.xml] has been ignored
21-Jun-2025 21:36:53.396 INFO [http-nio-8080-exec-59] org.apache.jasper.servlet.TldScanner.scanJars Al menos un JAR, que se ha explorado buscando TLDs, aún no contenía TLDs. Activar historial de depuración para este historiador para una completa lista de los JARs que fueron explorados y de los que nos se halló TLDs. Saltarse JARs no necesarios durante la exploración puede dar lugar a una mejora de tiempo significativa en el arranque y compilación de JSP .
21-Jun-2025 21:36:53.402 INFO [http-nio-8080-exec-59] org.apache.catalina.startup.HostConfig.deployDescriptor Deployment of deployment descriptor [C:\Users\antho\Desktop\Escritorio\TEC\2025\Primer Semestre\Principios de Sistemas Operativos\Proyecto\Proyecto 3\DriveWeb\apache-tomcat-9.0.106\conf\Catalina\localhost\DriveSystemWeb.xml] has finished in [232] ms
21-Jun-2025 21:36:53.405 INFO [http-nio-8080-exec-60] org.apache.catalina.util.LifecycleBase.start The start() method was called on component [StandardEngine[Catalina].StandardHost[localhost].StandardContext[/DriveSystemWeb]] after start() had already been called. The second call will be ignored.
