25-Jun-2025 18:07:48.866 INFO [main] org.apache.catalina.startup.VersionLoggerListener.log Nombre de la versión del servidor: Apache Tomcat/9.0.106
25-Jun-2025 18:07:48.871 INFO [main] org.apache.catalina.startup.VersionLoggerListener.log Server built:                      Jun 5 2025 19:02:30 UTC
25-Jun-2025 18:07:48.871 INFO [main] org.apache.catalina.startup.VersionLoggerListener.log Número de versión de servidor:     9.0.106.0
25-Jun-2025 18:07:48.871 INFO [main] org.apache.catalina.startup.VersionLoggerListener.log OS Name:                           Windows 11
25-Jun-2025 18:07:48.871 INFO [main] org.apache.catalina.startup.VersionLoggerListener.log Versión de Systema Operativo:      10.0
25-Jun-2025 18:07:48.872 INFO [main] org.apache.catalina.startup.VersionLoggerListener.log Arquitectura:                      amd64
25-Jun-2025 18:07:48.872 INFO [main] org.apache.catalina.startup.VersionLoggerListener.log Java Home:                         C:\Program Files\Java\jdk-23
25-Jun-2025 18:07:48.872 INFO [main] org.apache.catalina.startup.VersionLoggerListener.log JVM Version:                       23+37-2369
25-Jun-2025 18:07:48.872 INFO [main] org.apache.catalina.startup.VersionLoggerListener.log Vededor JVM:                       Oracle Corporation
25-Jun-2025 18:07:48.872 INFO [main] org.apache.catalina.startup.VersionLoggerListener.log CATALINA_BASE:                     V:\Documentos\Sistemas Operativos\DriveWeb\apache-tomcat-9.0.106
25-Jun-2025 18:07:48.872 INFO [main] org.apache.catalina.startup.VersionLoggerListener.log CATALINA_HOME:                     V:\Documentos\Sistemas Operativos\DriveWeb\apache-tomcat-9.0.106
25-Jun-2025 18:07:48.890 INFO [main] org.apache.catalina.startup.VersionLoggerListener.log Command line argument:             --add-opens=java.base/java.lang=ALL-UNNAMED
25-Jun-2025 18:07:48.891 INFO [main] org.apache.catalina.startup.VersionLoggerListener.log Command line argument:             --add-opens=java.base/java.lang.invoke=ALL-UNNAMED
25-Jun-2025 18:07:48.891 INFO [main] org.apache.catalina.startup.VersionLoggerListener.log Command line argument:             --add-opens=java.base/java.lang.reflect=ALL-UNNAMED
25-Jun-2025 18:07:48.891 INFO [main] org.apache.catalina.startup.VersionLoggerListener.log Command line argument:             --add-opens=java.base/java.io=ALL-UNNAMED
25-Jun-2025 18:07:48.891 INFO [main] org.apache.catalina.startup.VersionLoggerListener.log Command line argument:             --add-opens=java.base/java.util=ALL-UNNAMED
25-Jun-2025 18:07:48.891 INFO [main] org.apache.catalina.startup.VersionLoggerListener.log Command line argument:             --add-opens=java.base/java.util.concurrent=ALL-UNNAMED
25-Jun-2025 18:07:48.891 INFO [main] org.apache.catalina.startup.VersionLoggerListener.log Command line argument:             --add-opens=java.rmi/sun.rmi.transport=ALL-UNNAMED
25-Jun-2025 18:07:48.891 INFO [main] org.apache.catalina.startup.VersionLoggerListener.log Command line argument:             -Djava.util.logging.config.file=V:\Documentos\Sistemas Operativos\DriveWeb\apache-tomcat-9.0.106\conf\logging.properties
25-Jun-2025 18:07:48.892 INFO [main] org.apache.catalina.startup.VersionLoggerListener.log Command line argument:             -Djava.util.logging.manager=org.apache.juli.ClassLoaderLogManager
25-Jun-2025 18:07:48.892 INFO [main] org.apache.catalina.startup.VersionLoggerListener.log Command line argument:             -Djdk.tls.ephemeralDHKeySize=2048
25-Jun-2025 18:07:48.892 INFO [main] org.apache.catalina.startup.VersionLoggerListener.log Command line argument:             -Djava.protocol.handler.pkgs=org.apache.catalina.webresources
25-Jun-2025 18:07:48.892 INFO [main] org.apache.catalina.startup.VersionLoggerListener.log Command line argument:             -Dsun.io.useCanonCaches=false
25-Jun-2025 18:07:48.892 INFO [main] org.apache.catalina.startup.VersionLoggerListener.log Command line argument:             -Dignore.endorsed.dirs=
25-Jun-2025 18:07:48.892 INFO [main] org.apache.catalina.startup.VersionLoggerListener.log Command line argument:             -Dcatalina.base=V:\Documentos\Sistemas Operativos\DriveWeb\apache-tomcat-9.0.106
25-Jun-2025 18:07:48.930 INFO [main] org.apache.catalina.startup.VersionLoggerListener.log Command line argument:             -Dcatalina.home=V:\Documentos\Sistemas Operativos\DriveWeb\apache-tomcat-9.0.106
25-Jun-2025 18:07:48.930 INFO [main] org.apache.catalina.startup.VersionLoggerListener.log Command line argument:             -Djava.io.tmpdir=V:\Documentos\Sistemas Operativos\DriveWeb\apache-tomcat-9.0.106\temp
25-Jun-2025 18:07:48.955 INFO [main] org.apache.catalina.core.AprLifecycleListener.lifecycleEvent La biblioteca nativa de Apache Tomcat basada en ARP que permite un rendimiento óptimo en entornos de desarrollo no ha sido hallada en java.library.path: [C:\Program Files\Java\jdk-23\bin;C:\WINDOWS\Sun\Java\bin;C:\WINDOWS\system32;C:\WINDOWS;C:\Program Files\Eclipse Adoptium\jdk-21.0.4.7-hotspot\bin;V:\Program Files\jdk-24\bin;C:\Program Files\Common Files\Oracle\Java\javapath;C:\Program Files (x86)\Common Files\Oracle\Java\javapath;C:\Program Files\Microsoft MPI\Bin\;C:\windows\system32;C:\windows;C:\windows\System32\Wbem;C:\windows\System32\WindowsPowerShell\v1.0\;C:\windows\System32\OpenSSH\;C:\Program Files (x86)\NVIDIA Corporation\PhysX\Common;C:\Program Files\NVIDIA Corporation\NVIDIA NvDLISR;C:\WINDOWS\system32;C:\WINDOWS;C:\WINDOWS\System32\Wbem;C:\WINDOWS\System32\WindowsPowerShell\v1.0\;C:\WINDOWS\System32\OpenSSH\;C:\Program Files\nodejs\;C:\Program Files\Microsoft SQL Server\Client SDK\ODBC\170\Tools\Binn\;C:\Program Files (x86)\Microsoft SQL Server\160\Tools\Binn\;C:\Program Files\Microsoft SQL Server\160\Tools\Binn\;C:\Program Files\Microsoft SQL Server\160\DTS\Binn\;C:\Program Files\Azure Data Studio\bin;C:\ProgramData\chocolatey\bin;C:\tools\chicken\bin;C:\tools\msys64\mingw64\bin;c:\chicken-iup\bin;c:\chicken-iup\lib;C:\Program Files\HP\HP One Agent;C:\CamlLight\bin;C:\WINDOWS\system32;C:\WINDOWS;C:\WINDOWS\System32\Wbem;C:\WINDOWS\System32\WindowsPowerShell\v1.0\;C:\WINDOWS\System32\OpenSSH\;C:\Program Files\Docker\Docker\resources\bin;C:\Program Files (x86)\Microsoft SQL Server\160\DTS\Binn\;C:\Program Files\dotnet\;V:\Program Files\Git\cmd;V:\Program Files\Git\mingw64\bin;V:\Program Files\Git\usr\bin;V:\Program Files\apache-maven-3.9.10\bin;C:\ProgramData\chocolatey\lib\maven\apache-maven-3.9.10\bin;C:\WINDOWS\system32\config\systemprofile\AppData\Local\Microsoft\WindowsApps;C:\Users\vales\AppData\Local\Programs\Microsoft VS Code\bin;C:\Users\vales\AppData\Local\GitHubDesktop\bin;C:\Users\vales\AppData\Roaming\npm;C:\Program Files\Azure Data Studio\bin;C:\WINDOWS\system32\config\systemprofile\.dotnet\tools;C:\tools\msys64;C:\io\bin;;C:\Users\vales\AppData\Local\Programs\Lens\resources\cli\bin;.]
25-Jun-2025 18:07:49.345 INFO [main] org.apache.coyote.AbstractProtocol.init Inicializando el manejador de protocolo ["http-nio-8080"]

25-Jun-2025 18:07:49.377 INFO [main] org.apache.catalina.startup.Catalina.load Server initialization in [787] milliseconds
25-Jun-2025 18:07:49.438 INFO [main] org.apache.catalina.core.StandardService.startInternal Arrancando servicio [Catalina]
25-Jun-2025 18:07:49.443 INFO [main] org.apache.catalina.core.StandardEngine.startInternal Starting Servlet engine: [Apache Tomcat/9.0.106]
25-Jun-2025 18:07:49.451 INFO [main] org.apache.catalina.startup.HostConfig.deployDescriptor Desplieque del descriptor de configuración [V:\Documentos\Sistemas Operativos\DriveWeb\apache-tomcat-9.0.106\conf\Catalina\localhost\DriveSystemWeb.xml]
25-Jun-2025 18:07:49.469 WARNING [main] org.apache.catalina.startup.HostConfig.deployDescriptor The path attribute with value [/DriveSystemWeb] in deployment descriptor [V:\Documentos\Sistemas Operativos\DriveWeb\apache-tomcat-9.0.106\conf\Catalina\localhost\DriveSystemWeb.xml] has been ignored
25-Jun-2025 18:07:49.506 SEVERE [main] org.apache.catalina.startup.HostConfig.deployDescriptor Error durante el despliegue del descriptor de configuración [V:\Documentos\Sistemas Operativos\DriveWeb\apache-tomcat-9.0.106\conf\Catalina\localhost\DriveSystemWeb.xml]
	java.lang.IllegalStateException: Error starting child
		at org.apache.catalina.core.ContainerBase.addChildInternal(ContainerBase.java:602)
		at org.apache.catalina.core.ContainerBase.addChild(ContainerBase.java:571)
		at org.apache.catalina.core.StandardHost.addChild(StandardHost.java:603)
		at org.apache.catalina.startup.HostConfig.deployDescriptor(HostConfig.java:680)
		at org.apache.catalina.startup.HostConfig$DeployDescriptor.run(HostConfig.java:1839)
		at java.base/java.util.concurrent.Executors$RunnableAdapter.call(Executors.java:572)
		at java.base/java.util.concurrent.FutureTask.run(FutureTask.java:317)
		at org.apache.tomcat.util.threads.InlineExecutorService.execute(InlineExecutorService.java:76)
		at java.base/java.util.concurrent.AbstractExecutorService.submit(AbstractExecutorService.java:124)
		at org.apache.catalina.startup.HostConfig.deployDescriptors(HostConfig.java:575)
		at org.apache.catalina.startup.HostConfig.deployApps(HostConfig.java:466)
		at org.apache.catalina.startup.HostConfig.start(HostConfig.java:1579)
		at org.apache.catalina.startup.HostConfig.lifecycleEvent(HostConfig.java:312)
		at org.apache.catalina.util.LifecycleBase.fireLifecycleEvent(LifecycleBase.java:109)
		at org.apache.catalina.util.LifecycleBase.setStateInternal(LifecycleBase.java:389)
		at org.apache.catalina.util.LifecycleBase.setState(LifecycleBase.java:336)
		at org.apache.catalina.core.ContainerBase.startInternal(ContainerBase.java:776)
		at org.apache.catalina.core.StandardHost.startInternal(StandardHost.java:721)
		at org.apache.catalina.util.LifecycleBase.start(LifecycleBase.java:164)
		at org.apache.catalina.core.ContainerBase$StartChild.call(ContainerBase.java:1203)
		at org.apache.catalina.core.ContainerBase$StartChild.call(ContainerBase.java:1193)
		at java.base/java.util.concurrent.FutureTask.run(FutureTask.java:317)
		at org.apache.tomcat.util.threads.InlineExecutorService.execute(InlineExecutorService.java:76)
		at java.base/java.util.concurrent.AbstractExecutorService.submit(AbstractExecutorService.java:148)
		at org.apache.catalina.core.ContainerBase.startInternal(ContainerBase.java:749)
		at org.apache.catalina.core.StandardEngine.startInternal(StandardEngine.java:211)
		at org.apache.catalina.util.LifecycleBase.start(LifecycleBase.java:164)
		at org.apache.catalina.core.StandardService.startInternal(StandardService.java:412)
		at org.apache.catalina.util.LifecycleBase.start(LifecycleBase.java:164)
		at org.apache.catalina.core.StandardServer.startInternal(StandardServer.java:874)
		at org.apache.catalina.util.LifecycleBase.start(LifecycleBase.java:164)
		at org.apache.catalina.startup.Catalina.start(Catalina.java:739)
		at java.base/jdk.internal.reflect.DirectMethodHandleAccessor.invoke(DirectMethodHandleAccessor.java:103)
		at java.base/java.lang.reflect.Method.invoke(Method.java:580)
		at org.apache.catalina.startup.Bootstrap.start(Bootstrap.java:345)
		at org.apache.catalina.startup.Bootstrap.main(Bootstrap.java:476)
	Caused by: org.apache.catalina.LifecycleException: Failed to start component [org.apache.catalina.webresources.StandardRoot@35399441]
		at org.apache.catalina.util.LifecycleBase.handleSubClassException(LifecycleBase.java:406)
		at org.apache.catalina.util.LifecycleBase.start(LifecycleBase.java:179)
		at org.apache.catalina.core.StandardContext.resourcesStart(StandardContext.java:4172)
		at org.apache.catalina.core.StandardContext.startInternal(StandardContext.java:4294)
		at org.apache.catalina.util.LifecycleBase.start(LifecycleBase.java:164)
		at org.apache.catalina.core.ContainerBase.addChildInternal(ContainerBase.java:599)
		... 35 more
	Caused by: java.lang.IllegalArgumentException: The main resource set specified [C:\Users\antho\Desktop\Escritorio\TEC\2025\Primer Semestre\Principios de Sistemas Operativos\Proyecto\Proyecto 3\DriveWeb\DriveSystemWeb\target\DriveSystemWeb-1.0-SNAPSHOT] is not a directory or war file, or is not readable (it does not exist or permissions to access it are missing)
		at org.apache.catalina.webresources.StandardRoot.createMainResourceSet(StandardRoot.java:758)
		at org.apache.catalina.webresources.StandardRoot.startInternal(StandardRoot.java:715)
		at org.apache.catalina.util.LifecycleBase.start(LifecycleBase.java:164)
		... 39 more
25-Jun-2025 18:07:49.561 INFO [main] org.apache.catalina.startup.HostConfig.deployDescriptor Deployment of deployment descriptor [V:\Documentos\Sistemas Operativos\DriveWeb\apache-tomcat-9.0.106\conf\Catalina\localhost\DriveSystemWeb.xml] has finished in [106] ms
25-Jun-2025 18:07:49.561 INFO [main] org.apache.catalina.startup.HostConfig.deployDirectory Desplegando el directorio [V:\Documentos\Sistemas Operativos\DriveWeb\apache-tomcat-9.0.106\webapps\docs] de la aplicación web
25-Jun-2025 18:07:49.880 INFO [main] org.apache.catalina.startup.HostConfig.deployDirectory Deployment of web application directory [V:\Documentos\Sistemas Operativos\DriveWeb\apache-tomcat-9.0.106\webapps\docs] has finished in [319] ms
25-Jun-2025 18:07:49.880 INFO [main] org.apache.catalina.startup.HostConfig.deployDirectory Desplegando el directorio [V:\Documentos\Sistemas Operativos\DriveWeb\apache-tomcat-9.0.106\webapps\examples] de la aplicación web
25-Jun-2025 18:07:50.953 INFO [main] org.apache.catalina.startup.HostConfig.deployDirectory Deployment of web application directory [V:\Documentos\Sistemas Operativos\DriveWeb\apache-tomcat-9.0.106\webapps\examples] has finished in [1.073] ms
25-Jun-2025 18:07:50.954 INFO [main] org.apache.catalina.startup.HostConfig.deployDirectory Desplegando el directorio [V:\Documentos\Sistemas Operativos\DriveWeb\apache-tomcat-9.0.106\webapps\host-manager] de la aplicación web
25-Jun-2025 18:07:51.009 INFO [main] org.apache.catalina.startup.HostConfig.deployDirectory Deployment of web application directory [V:\Documentos\Sistemas Operativos\DriveWeb\apache-tomcat-9.0.106\webapps\host-manager] has finished in [55] ms
25-Jun-2025 18:07:51.009 INFO [main] org.apache.catalina.startup.HostConfig.deployDirectory Desplegando el directorio [V:\Documentos\Sistemas Operativos\DriveWeb\apache-tomcat-9.0.106\webapps\manager] de la aplicación web
25-Jun-2025 18:07:51.060 INFO [main] org.apache.catalina.startup.HostConfig.deployDirectory Deployment of web application directory [V:\Documentos\Sistemas Operativos\DriveWeb\apache-tomcat-9.0.106\webapps\manager] has finished in [51] ms
25-Jun-2025 18:07:51.060 INFO [main] org.apache.catalina.startup.HostConfig.deployDirectory Desplegando el directorio [V:\Documentos\Sistemas Operativos\DriveWeb\apache-tomcat-9.0.106\webapps\ROOT] de la aplicación web
25-Jun-2025 18:07:51.097 INFO [main] org.apache.catalina.startup.HostConfig.deployDirectory Deployment of web application directory [V:\Documentos\Sistemas Operativos\DriveWeb\apache-tomcat-9.0.106\webapps\ROOT] has finished in [36] ms
25-Jun-2025 18:07:51.101 INFO [main] org.apache.coyote.AbstractProtocol.start Starting ProtocolHandler ["http-nio-8080"]
25-Jun-2025 18:07:51.133 INFO [main] org.apache.catalina.startup.Catalina.start Server startup in [1754] milliseconds
25-Jun-2025 18:07:53.565 INFO [http-nio-8080-exec-9] org.apache.catalina.startup.HostConfig.undeploy Repliegue (undeploy) de la aplicación web que tiene como trayectoria de contexto [/DriveSystemWeb]
25-Jun-2025 18:07:53.627 INFO [http-nio-8080-exec-1] org.apache.catalina.startup.HostConfig.deployDescriptor Desplieque del descriptor de configuración [V:\Documentos\Sistemas Operativos\DriveWeb\apache-tomcat-9.0.106\conf\Catalina\localhost\DriveSystemWeb.xml]
25-Jun-2025 18:07:53.628 WARNING [http-nio-8080-exec-1] org.apache.catalina.startup.HostConfig.deployDescriptor The path attribute with value [/DriveSystemWeb] in deployment descriptor [V:\Documentos\Sistemas Operativos\DriveWeb\apache-tomcat-9.0.106\conf\Catalina\localhost\DriveSystemWeb.xml] has been ignored
25-Jun-2025 18:07:53.820 INFO [http-nio-8080-exec-1] org.apache.jasper.servlet.TldScanner.scanJars Al menos un JAR, que se ha explorado buscando TLDs, aún no contenía TLDs. Activar historial de depuración para este historiador para una completa lista de los JARs que fueron explorados y de los que nos se halló TLDs. Saltarse JARs no necesarios durante la exploración puede dar lugar a una mejora de tiempo significativa en el arranque y compilación de JSP .
25-Jun-2025 18:07:53.830 INFO [http-nio-8080-exec-1] org.apache.catalina.startup.HostConfig.deployDescriptor Deployment of deployment descriptor [V:\Documentos\Sistemas Operativos\DriveWeb\apache-tomcat-9.0.106\conf\Catalina\localhost\DriveSystemWeb.xml] has finished in [203] ms
25-Jun-2025 18:07:53.833 INFO [http-nio-8080-exec-5] org.apache.catalina.util.LifecycleBase.start The start() method was called on component [StandardEngine[Catalina].StandardHost[localhost].StandardContext[/DriveSystemWeb]] after start() had already been called. The second call will be ignored.
25-Jun-2025 18:13:55.882 INFO [http-nio-8080-exec-14] org.apache.catalina.startup.HostConfig.undeploy Repliegue (undeploy) de la aplicación web que tiene como trayectoria de contexto [/DriveSystemWeb]
25-Jun-2025 18:14:07.634 INFO [http-nio-8080-exec-16] org.apache.catalina.startup.HostConfig.deployDescriptor Desplieque del descriptor de configuración [V:\Documentos\Sistemas Operativos\DriveWeb\apache-tomcat-9.0.106\conf\Catalina\localhost\DriveSystemWeb.xml]
25-Jun-2025 18:14:07.635 WARNING [http-nio-8080-exec-16] org.apache.catalina.startup.HostConfig.deployDescriptor The path attribute with value [/DriveSystemWeb] in deployment descriptor [V:\Documentos\Sistemas Operativos\DriveWeb\apache-tomcat-9.0.106\conf\Catalina\localhost\DriveSystemWeb.xml] has been ignored
25-Jun-2025 18:14:07.788 INFO [http-nio-8080-exec-16] org.apache.jasper.servlet.TldScanner.scanJars Al menos un JAR, que se ha explorado buscando TLDs, aún no contenía TLDs. Activar historial de depuración para este historiador para una completa lista de los JARs que fueron explorados y de los que nos se halló TLDs. Saltarse JARs no necesarios durante la exploración puede dar lugar a una mejora de tiempo significativa en el arranque y compilación de JSP .
25-Jun-2025 18:14:07.794 INFO [http-nio-8080-exec-16] org.apache.catalina.startup.HostConfig.deployDescriptor Deployment of deployment descriptor [V:\Documentos\Sistemas Operativos\DriveWeb\apache-tomcat-9.0.106\conf\Catalina\localhost\DriveSystemWeb.xml] has finished in [160] ms
25-Jun-2025 18:14:07.798 INFO [http-nio-8080-exec-20] org.apache.catalina.util.LifecycleBase.start The start() method was called on component [StandardEngine[Catalina].StandardHost[localhost].StandardContext[/DriveSystemWeb]] after start() had already been called. The second call will be ignored.
25-Jun-2025 18:15:01.118 INFO [http-nio-8080-exec-24] org.apache.catalina.startup.HostConfig.undeploy Repliegue (undeploy) de la aplicación web que tiene como trayectoria de contexto [/DriveSystemWeb]
25-Jun-2025 18:15:53.891 INFO [http-nio-8080-exec-29] org.apache.catalina.startup.HostConfig.deployDescriptor Desplieque del descriptor de configuración [V:\Documentos\Sistemas Operativos\DriveWeb\apache-tomcat-9.0.106\conf\Catalina\localhost\DriveSystemWeb.xml]
25-Jun-2025 18:15:53.893 WARNING [http-nio-8080-exec-29] org.apache.catalina.startup.HostConfig.deployDescriptor The path attribute with value [/DriveSystemWeb] in deployment descriptor [V:\Documentos\Sistemas Operativos\DriveWeb\apache-tomcat-9.0.106\conf\Catalina\localhost\DriveSystemWeb.xml] has been ignored
25-Jun-2025 18:15:54.034 INFO [http-nio-8080-exec-29] org.apache.jasper.servlet.TldScanner.scanJars Al menos un JAR, que se ha explorado buscando TLDs, aún no contenía TLDs. Activar historial de depuración para este historiador para una completa lista de los JARs que fueron explorados y de los que nos se halló TLDs. Saltarse JARs no necesarios durante la exploración puede dar lugar a una mejora de tiempo significativa en el arranque y compilación de JSP .
25-Jun-2025 18:15:54.037 INFO [http-nio-8080-exec-29] org.apache.catalina.startup.HostConfig.deployDescriptor Deployment of deployment descriptor [V:\Documentos\Sistemas Operativos\DriveWeb\apache-tomcat-9.0.106\conf\Catalina\localhost\DriveSystemWeb.xml] has finished in [146] ms
25-Jun-2025 18:15:54.040 INFO [http-nio-8080-exec-34] org.apache.catalina.util.LifecycleBase.start The start() method was called on component [StandardEngine[Catalina].StandardHost[localhost].StandardContext[/DriveSystemWeb]] after start() had already been called. The second call will be ignored.
25-Jun-2025 18:26:09.994 INFO [http-nio-8080-exec-28] org.apache.catalina.startup.HostConfig.undeploy Repliegue (undeploy) de la aplicación web que tiene como trayectoria de contexto [/DriveSystemWeb]
25-Jun-2025 18:26:30.536 INFO [http-nio-8080-exec-36] org.apache.catalina.startup.HostConfig.deployDescriptor Desplieque del descriptor de configuración [V:\Documentos\Sistemas Operativos\DriveWeb\apache-tomcat-9.0.106\conf\Catalina\localhost\DriveSystemWeb.xml]
25-Jun-2025 18:26:30.538 WARNING [http-nio-8080-exec-36] org.apache.catalina.startup.HostConfig.deployDescriptor The path attribute with value [/DriveSystemWeb] in deployment descriptor [V:\Documentos\Sistemas Operativos\DriveWeb\apache-tomcat-9.0.106\conf\Catalina\localhost\DriveSystemWeb.xml] has been ignored
25-Jun-2025 18:26:30.704 INFO [http-nio-8080-exec-36] org.apache.jasper.servlet.TldScanner.scanJars Al menos un JAR, que se ha explorado buscando TLDs, aún no contenía TLDs. Activar historial de depuración para este historiador para una completa lista de los JARs que fueron explorados y de los que nos se halló TLDs. Saltarse JARs no necesarios durante la exploración puede dar lugar a una mejora de tiempo significativa en el arranque y compilación de JSP .
25-Jun-2025 18:26:30.708 INFO [http-nio-8080-exec-36] org.apache.catalina.startup.HostConfig.deployDescriptor Deployment of deployment descriptor [V:\Documentos\Sistemas Operativos\DriveWeb\apache-tomcat-9.0.106\conf\Catalina\localhost\DriveSystemWeb.xml] has finished in [172] ms
25-Jun-2025 18:26:30.710 INFO [http-nio-8080-exec-37] org.apache.catalina.util.LifecycleBase.start The start() method was called on component [StandardEngine[Catalina].StandardHost[localhost].StandardContext[/DriveSystemWeb]] after start() had already been called. The second call will be ignored.
25-Jun-2025 18:27:41.416 INFO [http-nio-8080-exec-36] org.apache.catalina.startup.HostConfig.undeploy Repliegue (undeploy) de la aplicación web que tiene como trayectoria de contexto [/DriveSystemWeb]
25-Jun-2025 18:27:41.438 INFO [http-nio-8080-exec-39] org.apache.catalina.startup.HostConfig.deployDescriptor Desplieque del descriptor de configuración [V:\Documentos\Sistemas Operativos\DriveWeb\apache-tomcat-9.0.106\conf\Catalina\localhost\DriveSystemWeb.xml]
25-Jun-2025 18:27:41.439 WARNING [http-nio-8080-exec-39] org.apache.catalina.startup.HostConfig.deployDescriptor The path attribute with value [/DriveSystemWeb] in deployment descriptor [V:\Documentos\Sistemas Operativos\DriveWeb\apache-tomcat-9.0.106\conf\Catalina\localhost\DriveSystemWeb.xml] has been ignored
25-Jun-2025 18:27:41.593 INFO [http-nio-8080-exec-39] org.apache.jasper.servlet.TldScanner.scanJars Al menos un JAR, que se ha explorado buscando TLDs, aún no contenía TLDs. Activar historial de depuración para este historiador para una completa lista de los JARs que fueron explorados y de los que nos se halló TLDs. Saltarse JARs no necesarios durante la exploración puede dar lugar a una mejora de tiempo significativa en el arranque y compilación de JSP .
25-Jun-2025 18:27:41.597 INFO [http-nio-8080-exec-39] org.apache.catalina.startup.HostConfig.deployDescriptor Deployment of deployment descriptor [V:\Documentos\Sistemas Operativos\DriveWeb\apache-tomcat-9.0.106\conf\Catalina\localhost\DriveSystemWeb.xml] has finished in [159] ms
25-Jun-2025 18:27:41.600 INFO [http-nio-8080-exec-27] org.apache.catalina.util.LifecycleBase.start The start() method was called on component [StandardEngine[Catalina].StandardHost[localhost].StandardContext[/DriveSystemWeb]] after start() had already been called. The second call will be ignored.
25-Jun-2025 18:32:11.599 INFO [http-nio-8080-exec-44] org.apache.catalina.startup.HostConfig.undeploy Repliegue (undeploy) de la aplicación web que tiene como trayectoria de contexto [/DriveSystemWeb]
25-Jun-2025 18:32:11.621 INFO [http-nio-8080-exec-41] org.apache.catalina.startup.HostConfig.deployDescriptor Desplieque del descriptor de configuración [V:\Documentos\Sistemas Operativos\DriveWeb\apache-tomcat-9.0.106\conf\Catalina\localhost\DriveSystemWeb.xml]
25-Jun-2025 18:32:11.623 WARNING [http-nio-8080-exec-41] org.apache.catalina.startup.HostConfig.deployDescriptor The path attribute with value [/DriveSystemWeb] in deployment descriptor [V:\Documentos\Sistemas Operativos\DriveWeb\apache-tomcat-9.0.106\conf\Catalina\localhost\DriveSystemWeb.xml] has been ignored
25-Jun-2025 18:32:11.788 INFO [http-nio-8080-exec-41] org.apache.jasper.servlet.TldScanner.scanJars Al menos un JAR, que se ha explorado buscando TLDs, aún no contenía TLDs. Activar historial de depuración para este historiador para una completa lista de los JARs que fueron explorados y de los que nos se halló TLDs. Saltarse JARs no necesarios durante la exploración puede dar lugar a una mejora de tiempo significativa en el arranque y compilación de JSP .
25-Jun-2025 18:32:11.793 INFO [http-nio-8080-exec-41] org.apache.catalina.startup.HostConfig.deployDescriptor Deployment of deployment descriptor [V:\Documentos\Sistemas Operativos\DriveWeb\apache-tomcat-9.0.106\conf\Catalina\localhost\DriveSystemWeb.xml] has finished in [172] ms
25-Jun-2025 18:32:11.797 INFO [http-nio-8080-exec-42] org.apache.catalina.util.LifecycleBase.start The start() method was called on component [StandardEngine[Catalina].StandardHost[localhost].StandardContext[/DriveSystemWeb]] after start() had already been called. The second call will be ignored.
25-Jun-2025 21:24:05.329 INFO [main] org.apache.catalina.core.StandardServer.await Se ha recibido un comando de apagado a través del puerto de apagado. Parando la instancia del Servidor.
25-Jun-2025 21:24:05.332 INFO [main] org.apache.coyote.AbstractProtocol.pause Pausing ProtocolHandler ["http-nio-8080"]
25-Jun-2025 21:24:05.351 INFO [main] org.apache.catalina.core.StandardService.stopInternal Parando servicio [Catalina]
25-Jun-2025 21:24:05.383 INFO [main] org.apache.coyote.AbstractProtocol.stop Stopping ProtocolHandler ["http-nio-8080"]
25-Jun-2025 21:24:05.393 INFO [main] org.apache.coyote.AbstractProtocol.destroy Destroying ProtocolHandler ["http-nio-8080"]
