20-Jun-2025 08:17:54.716 INFO [http-nio-8080-exec-5] org.apache.catalina.core.ApplicationContext.log Manager: init: Associated with Deployer 'Catalina:type=Deployer,host=localhost'
20-Jun-2025 08:17:54.716 INFO [http-nio-8080-exec-5] org.apache.catalina.core.ApplicationContext.log Manager: init: Global resources are available
20-Jun-2025 08:17:54.804 INFO [http-nio-8080-exec-6] org.apache.catalina.core.ApplicationContext.log Manager: list: Listing contexts for virtual host 'localhost'
20-Jun-2025 08:17:54.808 INFO [http-nio-8080-exec-7] org.apache.catalina.core.ApplicationContext.log Manager: list: Listing contexts for virtual host 'localhost'
20-Jun-2025 08:17:54.820 INFO [http-nio-8080-exec-8] org.apache.catalina.core.ApplicationContext.log Manager: undeploy: Undeploying web application at '/DriveSystemWeb'
20-Jun-2025 08:17:55.435 INFO [http-nio-8080-exec-9] org.apache.catalina.core.ApplicationContext.log Manager: install: Installing context configuration at 'file:/C:/Users/antho/AppData/Local/Temp/context9368355357745293761.xml'
20-Jun-2025 08:17:55.703 INFO [http-nio-8080-exec-1] org.apache.catalina.core.ApplicationContext.log Manager: start: Starting web application '/DriveSystemWeb'
20-Jun-2025 08:21:46.719 INFO [http-nio-8080-exec-18] org.apache.catalina.core.ApplicationContext.log Manager: list: Listing contexts for virtual host 'localhost'
20-Jun-2025 08:21:46.724 INFO [http-nio-8080-exec-19] org.apache.catalina.core.ApplicationContext.log Manager: undeploy: Undeploying web application at '/DriveSystemWeb'
20-Jun-2025 08:24:37.143 INFO [http-nio-8080-exec-24] org.apache.catalina.core.ApplicationContext.log Manager: list: Listing contexts for virtual host 'localhost'
20-Jun-2025 08:24:58.549 INFO [http-nio-8080-exec-27] org.apache.catalina.core.ApplicationContext.log Manager: list: Listing contexts for virtual host 'localhost'
20-Jun-2025 08:24:58.552 INFO [http-nio-8080-exec-25] org.apache.catalina.core.ApplicationContext.log Manager: list: Listing contexts for virtual host 'localhost'
20-Jun-2025 08:24:58.570 INFO [http-nio-8080-exec-15] org.apache.catalina.core.ApplicationContext.log Manager: install: Installing context configuration at 'file:/C:/Users/antho/AppData/Local/Temp/context17799227008413943922.xml'
20-Jun-2025 08:24:58.807 INFO [http-nio-8080-exec-17] org.apache.catalina.core.ApplicationContext.log Manager: start: Starting web application '/DriveSystemWeb'
20-Jun-2025 08:27:01.395 INFO [http-nio-8080-exec-22] org.apache.catalina.core.ApplicationContext.log Manager: list: Listing contexts for virtual host 'localhost'
20-Jun-2025 08:27:01.398 INFO [http-nio-8080-exec-23] org.apache.catalina.core.ApplicationContext.log Manager: list: Listing contexts for virtual host 'localhost'
20-Jun-2025 08:27:01.406 INFO [http-nio-8080-exec-27] org.apache.catalina.core.ApplicationContext.log Manager: undeploy: Undeploying web application at '/DriveSystemWeb'
20-Jun-2025 08:27:01.971 INFO [http-nio-8080-exec-28] org.apache.catalina.core.ApplicationContext.log Manager: install: Installing context configuration at 'file:/C:/Users/antho/AppData/Local/Temp/context9796724534420014466.xml'
20-Jun-2025 08:27:02.171 INFO [http-nio-8080-exec-29] org.apache.catalina.core.ApplicationContext.log Manager: start: Starting web application '/DriveSystemWeb'
20-Jun-2025 08:29:09.987 INFO [http-nio-8080-exec-38] org.apache.catalina.core.ApplicationContext.log Manager: list: Listing contexts for virtual host 'localhost'
20-Jun-2025 08:29:09.996 INFO [http-nio-8080-exec-35] org.apache.catalina.core.ApplicationContext.log Manager: undeploy: Undeploying web application at '/DriveSystemWeb'
20-Jun-2025 08:29:28.348 INFO [http-nio-8080-exec-32] org.apache.catalina.core.ApplicationContext.log Manager: list: Listing contexts for virtual host 'localhost'
20-Jun-2025 08:29:28.348 INFO [http-nio-8080-exec-33] org.apache.catalina.core.ApplicationContext.log Manager: list: Listing contexts for virtual host 'localhost'
20-Jun-2025 08:29:28.371 INFO [http-nio-8080-exec-40] org.apache.catalina.core.ApplicationContext.log Manager: install: Installing context configuration at 'file:/C:/Users/antho/AppData/Local/Temp/context12415702922436458080.xml'
20-Jun-2025 08:29:28.655 INFO [http-nio-8080-exec-36] org.apache.catalina.core.ApplicationContext.log Manager: start: Starting web application '/DriveSystemWeb'
20-Jun-2025 08:30:23.603 INFO [http-nio-8080-exec-45] org.apache.catalina.core.ApplicationContext.log Manager: list: Listing contexts for virtual host 'localhost'
20-Jun-2025 08:30:23.610 INFO [http-nio-8080-exec-41] org.apache.catalina.core.ApplicationContext.log Manager: undeploy: Undeploying web application at '/DriveSystemWeb'
20-Jun-2025 08:30:47.023 INFO [http-nio-8080-exec-43] org.apache.catalina.core.ApplicationContext.log Manager: list: Listing contexts for virtual host 'localhost'
20-Jun-2025 08:30:47.023 INFO [http-nio-8080-exec-36] org.apache.catalina.core.ApplicationContext.log Manager: list: Listing contexts for virtual host 'localhost'
20-Jun-2025 08:30:47.043 INFO [http-nio-8080-exec-44] org.apache.catalina.core.ApplicationContext.log Manager: install: Installing context configuration at 'file:/C:/Users/antho/AppData/Local/Temp/context4924222443358391905.xml'
20-Jun-2025 08:30:47.279 INFO [http-nio-8080-exec-41] org.apache.catalina.core.ApplicationContext.log Manager: start: Starting web application '/DriveSystemWeb'
20-Jun-2025 08:39:44.630 INFO [http-nio-8080-exec-54] org.apache.catalina.core.ApplicationContext.log Manager: list: Listing contexts for virtual host 'localhost'
20-Jun-2025 08:39:44.634 INFO [http-nio-8080-exec-55] org.apache.catalina.core.ApplicationContext.log Manager: undeploy: Undeploying web application at '/DriveSystemWeb'
20-Jun-2025 08:40:01.977 INFO [http-nio-8080-exec-56] org.apache.catalina.core.ApplicationContext.log Manager: list: Listing contexts for virtual host 'localhost'
20-Jun-2025 08:40:01.979 INFO [http-nio-8080-exec-53] org.apache.catalina.core.ApplicationContext.log Manager: list: Listing contexts for virtual host 'localhost'
20-Jun-2025 08:40:01.996 INFO [http-nio-8080-exec-48] org.apache.catalina.core.ApplicationContext.log Manager: install: Installing context configuration at 'file:/C:/Users/antho/AppData/Local/Temp/context3548311728627700773.xml'
20-Jun-2025 08:40:02.199 INFO [http-nio-8080-exec-54] org.apache.catalina.core.ApplicationContext.log Manager: start: Starting web application '/DriveSystemWeb'
20-Jun-2025 08:57:37.402 INFO [http-nio-8080-exec-65] org.apache.catalina.core.ApplicationContext.log Manager: list: Listing contexts for virtual host 'localhost'
20-Jun-2025 08:57:37.402 INFO [http-nio-8080-exec-66] org.apache.catalina.core.ApplicationContext.log Manager: undeploy: Undeploying web application at '/DriveSystemWeb'
20-Jun-2025 09:01:59.431 INFO [http-nio-8080-exec-71] org.apache.catalina.core.ApplicationContext.log Manager: list: Listing contexts for virtual host 'localhost'
20-Jun-2025 09:01:59.431 INFO [http-nio-8080-exec-65] org.apache.catalina.core.ApplicationContext.log Manager: list: Listing contexts for virtual host 'localhost'
20-Jun-2025 09:01:59.466 INFO [http-nio-8080-exec-63] org.apache.catalina.core.ApplicationContext.log Manager: install: Installing context configuration at 'file:/C:/Users/antho/AppData/Local/Temp/context17016389408605902624.xml'
20-Jun-2025 09:01:59.771 INFO [http-nio-8080-exec-73] org.apache.catalina.core.ApplicationContext.log Manager: start: Starting web application '/DriveSystemWeb'
20-Jun-2025 09:08:57.031 INFO [http-nio-8080-exec-5] org.apache.catalina.core.ApplicationContext.log Manager: init: Associated with Deployer 'Catalina:type=Deployer,host=localhost'
20-Jun-2025 09:08:57.031 INFO [http-nio-8080-exec-5] org.apache.catalina.core.ApplicationContext.log Manager: init: Global resources are available
20-Jun-2025 09:08:57.088 INFO [http-nio-8080-exec-8] org.apache.catalina.core.ApplicationContext.log Manager: list: Listing contexts for virtual host 'localhost'
20-Jun-2025 09:08:57.092 INFO [http-nio-8080-exec-9] org.apache.catalina.core.ApplicationContext.log Manager: list: Listing contexts for virtual host 'localhost'
20-Jun-2025 09:08:57.105 INFO [http-nio-8080-exec-10] org.apache.catalina.core.ApplicationContext.log Manager: undeploy: Undeploying web application at '/DriveSystemWeb'
20-Jun-2025 09:08:57.665 INFO [http-nio-8080-exec-5] org.apache.catalina.core.ApplicationContext.log Manager: install: Installing context configuration at 'file:/C:/Users/antho/AppData/Local/Temp/context10562830260643442735.xml'
20-Jun-2025 09:08:57.936 INFO [http-nio-8080-exec-1] org.apache.catalina.core.ApplicationContext.log Manager: start: Starting web application '/DriveSystemWeb'
20-Jun-2025 09:13:14.248 INFO [http-nio-8080-exec-12] org.apache.catalina.core.ApplicationContext.log Manager: list: Listing contexts for virtual host 'localhost'
20-Jun-2025 09:13:14.250 INFO [http-nio-8080-exec-14] org.apache.catalina.core.ApplicationContext.log Manager: list: Listing contexts for virtual host 'localhost'
20-Jun-2025 09:13:14.259 INFO [http-nio-8080-exec-16] org.apache.catalina.core.ApplicationContext.log Manager: undeploy: Undeploying web application at '/DriveSystemWeb'
20-Jun-2025 09:13:14.842 INFO [http-nio-8080-exec-11] org.apache.catalina.core.ApplicationContext.log Manager: install: Installing context configuration at 'file:/C:/Users/antho/AppData/Local/Temp/context7423936703148639794.xml'
20-Jun-2025 09:13:15.113 INFO [http-nio-8080-exec-18] org.apache.catalina.core.ApplicationContext.log Manager: start: Starting web application '/DriveSystemWeb'
20-Jun-2025 09:13:42.336 INFO [http-nio-8080-exec-21] org.apache.catalina.core.ApplicationContext.log Manager: list: Listing contexts for virtual host 'localhost'
20-Jun-2025 09:13:42.339 INFO [http-nio-8080-exec-11] org.apache.catalina.core.ApplicationContext.log Manager: list: Listing contexts for virtual host 'localhost'
20-Jun-2025 09:13:42.348 INFO [http-nio-8080-exec-14] org.apache.catalina.core.ApplicationContext.log Manager: undeploy: Undeploying web application at '/DriveSystemWeb'
20-Jun-2025 09:13:42.931 INFO [http-nio-8080-exec-18] org.apache.catalina.core.ApplicationContext.log Manager: install: Installing context configuration at 'file:/C:/Users/antho/AppData/Local/Temp/context597337078179129239.xml'
20-Jun-2025 09:13:43.134 INFO [http-nio-8080-exec-12] org.apache.catalina.core.ApplicationContext.log Manager: start: Starting web application '/DriveSystemWeb'
20-Jun-2025 09:14:55.195 INFO [http-nio-8080-exec-12] org.apache.catalina.core.ApplicationContext.log Manager: list: Listing contexts for virtual host 'localhost'
20-Jun-2025 09:14:55.197 INFO [http-nio-8080-exec-21] org.apache.catalina.core.ApplicationContext.log Manager: list: Listing contexts for virtual host 'localhost'
20-Jun-2025 09:14:55.204 INFO [http-nio-8080-exec-26] org.apache.catalina.core.ApplicationContext.log Manager: undeploy: Undeploying web application at '/DriveSystemWeb'
20-Jun-2025 09:14:55.751 INFO [http-nio-8080-exec-12] org.apache.catalina.core.ApplicationContext.log Manager: install: Installing context configuration at 'file:/C:/Users/antho/AppData/Local/Temp/context15054351015695431770.xml'
20-Jun-2025 09:14:55.957 INFO [http-nio-8080-exec-27] org.apache.catalina.core.ApplicationContext.log Manager: start: Starting web application '/DriveSystemWeb'
20-Jun-2025 09:15:05.092 INFO [http-nio-8080-exec-21] org.apache.catalina.core.ApplicationContext.log Manager: list: Listing contexts for virtual host 'localhost'
20-Jun-2025 09:15:05.098 INFO [http-nio-8080-exec-22] org.apache.catalina.core.ApplicationContext.log Manager: undeploy: Undeploying web application at '/DriveSystemWeb'
20-Jun-2025 09:15:39.208 INFO [http-nio-8080-exec-12] org.apache.catalina.core.ApplicationContext.log Manager: list: Listing contexts for virtual host 'localhost'
20-Jun-2025 09:15:39.208 INFO [http-nio-8080-exec-29] org.apache.catalina.core.ApplicationContext.log Manager: list: Listing contexts for virtual host 'localhost'
20-Jun-2025 09:15:39.235 INFO [http-nio-8080-exec-32] org.apache.catalina.core.ApplicationContext.log Manager: install: Installing context configuration at 'file:/C:/Users/antho/AppData/Local/Temp/context12492672524435449683.xml'
20-Jun-2025 09:15:39.471 INFO [http-nio-8080-exec-22] org.apache.catalina.core.ApplicationContext.log Manager: start: Starting web application '/DriveSystemWeb'
20-Jun-2025 09:17:17.098 INFO [http-nio-8080-exec-32] org.apache.catalina.core.ApplicationContext.log Manager: list: Listing contexts for virtual host 'localhost'
20-Jun-2025 09:17:17.103 INFO [http-nio-8080-exec-41] org.apache.catalina.core.ApplicationContext.log Manager: undeploy: Undeploying web application at '/DriveSystemWeb'
20-Jun-2025 09:17:45.162 INFO [http-nio-8080-exec-38] org.apache.catalina.core.ApplicationContext.log Manager: list: Listing contexts for virtual host 'localhost'
20-Jun-2025 09:17:45.165 INFO [http-nio-8080-exec-35] org.apache.catalina.core.ApplicationContext.log Manager: list: Listing contexts for virtual host 'localhost'
20-Jun-2025 09:17:45.184 INFO [http-nio-8080-exec-37] org.apache.catalina.core.ApplicationContext.log Manager: install: Installing context configuration at 'file:/C:/Users/antho/AppData/Local/Temp/context9743081840835449744.xml'
20-Jun-2025 09:17:45.996 INFO [http-nio-8080-exec-39] org.apache.catalina.core.ApplicationContext.log Manager: start: Starting web application '/DriveSystemWeb'
20-Jun-2025 10:34:43.701 INFO [http-nio-8080-exec-49] org.apache.catalina.core.ApplicationContext.log Manager: list: Listing contexts for virtual host 'localhost'
20-Jun-2025 10:34:43.708 INFO [http-nio-8080-exec-48] org.apache.catalina.core.ApplicationContext.log Manager: undeploy: Undeploying web application at '/DriveSystemWeb'
20-Jun-2025 10:35:09.412 INFO [http-nio-8080-exec-52] org.apache.catalina.core.ApplicationContext.log Manager: list: Listing contexts for virtual host 'localhost'
20-Jun-2025 10:35:09.415 INFO [http-nio-8080-exec-47] org.apache.catalina.core.ApplicationContext.log Manager: list: Listing contexts for virtual host 'localhost'
20-Jun-2025 10:35:09.441 INFO [http-nio-8080-exec-54] org.apache.catalina.core.ApplicationContext.log Manager: install: Installing context configuration at 'file:/C:/Users/antho/AppData/Local/Temp/context4161151847097993367.xml'
20-Jun-2025 10:35:09.681 INFO [http-nio-8080-exec-55] org.apache.catalina.core.ApplicationContext.log Manager: start: Starting web application '/DriveSystemWeb'
20-Jun-2025 10:43:19.556 INFO [http-nio-8080-exec-62] org.apache.catalina.core.ApplicationContext.log Manager: list: Listing contexts for virtual host 'localhost'
20-Jun-2025 10:43:19.561 INFO [http-nio-8080-exec-61] org.apache.catalina.core.ApplicationContext.log Manager: undeploy: Undeploying web application at '/DriveSystemWeb'
20-Jun-2025 10:43:39.592 INFO [http-nio-8080-exec-62] org.apache.catalina.core.ApplicationContext.log Manager: list: Listing contexts for virtual host 'localhost'
20-Jun-2025 10:43:39.594 INFO [http-nio-8080-exec-64] org.apache.catalina.core.ApplicationContext.log Manager: list: Listing contexts for virtual host 'localhost'
20-Jun-2025 10:43:39.617 INFO [http-nio-8080-exec-56] org.apache.catalina.core.ApplicationContext.log Manager: install: Installing context configuration at 'file:/C:/Users/antho/AppData/Local/Temp/context3968639208259144705.xml'
20-Jun-2025 10:43:39.851 INFO [http-nio-8080-exec-61] org.apache.catalina.core.ApplicationContext.log Manager: start: Starting web application '/DriveSystemWeb'
20-Jun-2025 10:47:41.109 INFO [http-nio-8080-exec-72] org.apache.catalina.core.ApplicationContext.log Manager: list: Listing contexts for virtual host 'localhost'
20-Jun-2025 10:47:41.111 INFO [http-nio-8080-exec-73] org.apache.catalina.core.ApplicationContext.log Manager: undeploy: Undeploying web application at '/DriveSystemWeb'
20-Jun-2025 10:48:19.043 INFO [http-nio-8080-exec-66] org.apache.catalina.core.ApplicationContext.log Manager: list: Listing contexts for virtual host 'localhost'
20-Jun-2025 10:48:19.043 INFO [http-nio-8080-exec-65] org.apache.catalina.core.ApplicationContext.log Manager: list: Listing contexts for virtual host 'localhost'
20-Jun-2025 10:48:19.074 INFO [http-nio-8080-exec-75] org.apache.catalina.core.ApplicationContext.log Manager: install: Installing context configuration at 'file:/C:/Users/antho/AppData/Local/Temp/context10863695639639631533.xml'
20-Jun-2025 10:48:19.279 INFO [http-nio-8080-exec-76] org.apache.catalina.core.ApplicationContext.log Manager: start: Starting web application '/DriveSystemWeb'
20-Jun-2025 11:04:46.197 INFO [http-nio-8080-exec-82] org.apache.catalina.core.ApplicationContext.log Manager: list: Listing contexts for virtual host 'localhost'
20-Jun-2025 11:04:46.200 INFO [http-nio-8080-exec-83] org.apache.catalina.core.ApplicationContext.log Manager: undeploy: Undeploying web application at '/DriveSystemWeb'
20-Jun-2025 11:05:21.930 INFO [http-nio-8080-exec-76] org.apache.catalina.core.ApplicationContext.log Manager: list: Listing contexts for virtual host 'localhost'
20-Jun-2025 11:05:21.930 INFO [http-nio-8080-exec-81] org.apache.catalina.core.ApplicationContext.log Manager: list: Listing contexts for virtual host 'localhost'
20-Jun-2025 11:05:22.000 INFO [http-nio-8080-exec-85] org.apache.catalina.core.ApplicationContext.log Manager: install: Installing context configuration at 'file:/C:/Users/antho/AppData/Local/Temp/context8461214639736939614.xml'
20-Jun-2025 11:05:22.253 INFO [http-nio-8080-exec-86] org.apache.catalina.core.ApplicationContext.log Manager: start: Starting web application '/DriveSystemWeb'
20-Jun-2025 11:13:30.191 INFO [http-nio-8080-exec-93] org.apache.catalina.core.ApplicationContext.log Manager: list: Listing contexts for virtual host 'localhost'
20-Jun-2025 11:13:30.196 INFO [http-nio-8080-exec-94] org.apache.catalina.core.ApplicationContext.log Manager: undeploy: Undeploying web application at '/DriveSystemWeb'
20-Jun-2025 11:14:08.333 INFO [http-nio-8080-exec-88] org.apache.catalina.core.ApplicationContext.log Manager: list: Listing contexts for virtual host 'localhost'
20-Jun-2025 11:14:08.333 INFO [http-nio-8080-exec-85] org.apache.catalina.core.ApplicationContext.log Manager: list: Listing contexts for virtual host 'localhost'
20-Jun-2025 11:14:08.362 INFO [http-nio-8080-exec-95] org.apache.catalina.core.ApplicationContext.log Manager: install: Installing context configuration at 'file:/C:/Users/antho/AppData/Local/Temp/context13975951355462120962.xml'
20-Jun-2025 11:14:08.597 INFO [http-nio-8080-exec-96] org.apache.catalina.core.ApplicationContext.log Manager: start: Starting web application '/DriveSystemWeb'
20-Jun-2025 12:47:04.549 INFO [http-nio-8080-exec-103] org.apache.catalina.core.ApplicationContext.log Manager: list: Listing contexts for virtual host 'localhost'
20-Jun-2025 12:47:04.555 INFO [http-nio-8080-exec-104] org.apache.catalina.core.ApplicationContext.log Manager: undeploy: Undeploying web application at '/DriveSystemWeb'
20-Jun-2025 12:47:29.469 INFO [http-nio-8080-exec-101] org.apache.catalina.core.ApplicationContext.log Manager: list: Listing contexts for virtual host 'localhost'
20-Jun-2025 12:47:29.471 INFO [http-nio-8080-exec-102] org.apache.catalina.core.ApplicationContext.log Manager: list: Listing contexts for virtual host 'localhost'
20-Jun-2025 12:47:29.495 INFO [http-nio-8080-exec-97] org.apache.catalina.core.ApplicationContext.log Manager: install: Installing context configuration at 'file:/C:/Users/antho/AppData/Local/Temp/context13287243365089881733.xml'
20-Jun-2025 12:47:29.703 INFO [http-nio-8080-exec-95] org.apache.catalina.core.ApplicationContext.log Manager: start: Starting web application '/DriveSystemWeb'
20-Jun-2025 13:25:03.171 INFO [http-nio-8080-exec-113] org.apache.catalina.core.ApplicationContext.log Manager: list: Listing contexts for virtual host 'localhost'
20-Jun-2025 13:25:03.175 INFO [http-nio-8080-exec-114] org.apache.catalina.core.ApplicationContext.log Manager: undeploy: Undeploying web application at '/DriveSystemWeb'
20-Jun-2025 13:25:23.378 INFO [http-nio-8080-exec-107] org.apache.catalina.core.ApplicationContext.log Manager: list: Listing contexts for virtual host 'localhost'
20-Jun-2025 13:25:23.380 INFO [http-nio-8080-exec-113] org.apache.catalina.core.ApplicationContext.log Manager: list: Listing contexts for virtual host 'localhost'
20-Jun-2025 13:25:23.402 INFO [http-nio-8080-exec-109] org.apache.catalina.core.ApplicationContext.log Manager: install: Installing context configuration at 'file:/C:/Users/antho/AppData/Local/Temp/context7772778279263780642.xml'
20-Jun-2025 13:25:23.601 INFO [http-nio-8080-exec-115] org.apache.catalina.core.ApplicationContext.log Manager: start: Starting web application '/DriveSystemWeb'
20-Jun-2025 13:27:34.760 INFO [http-nio-8080-exec-122] org.apache.catalina.core.ApplicationContext.log Manager: list: Listing contexts for virtual host 'localhost'
20-Jun-2025 13:27:34.763 INFO [http-nio-8080-exec-109] org.apache.catalina.core.ApplicationContext.log Manager: undeploy: Undeploying web application at '/DriveSystemWeb'
20-Jun-2025 13:27:47.881 INFO [http-nio-8080-exec-123] org.apache.catalina.core.ApplicationContext.log Manager: list: Listing contexts for virtual host 'localhost'
20-Jun-2025 13:27:47.883 INFO [http-nio-8080-exec-118] org.apache.catalina.core.ApplicationContext.log Manager: list: Listing contexts for virtual host 'localhost'
20-Jun-2025 13:27:47.912 INFO [http-nio-8080-exec-115] org.apache.catalina.core.ApplicationContext.log Manager: install: Installing context configuration at 'file:/C:/Users/antho/AppData/Local/Temp/context340539151357902843.xml'
20-Jun-2025 13:27:48.106 INFO [http-nio-8080-exec-121] org.apache.catalina.core.ApplicationContext.log Manager: start: Starting web application '/DriveSystemWeb'
20-Jun-2025 13:40:31.930 INFO [http-nio-8080-exec-131] org.apache.catalina.core.ApplicationContext.log Manager: list: Listing contexts for virtual host 'localhost'
20-Jun-2025 13:40:31.930 INFO [http-nio-8080-exec-132] org.apache.catalina.core.ApplicationContext.log Manager: undeploy: Undeploying web application at '/DriveSystemWeb'
20-Jun-2025 13:40:51.467 INFO [http-nio-8080-exec-124] org.apache.catalina.core.ApplicationContext.log Manager: list: Listing contexts for virtual host 'localhost'
20-Jun-2025 13:40:51.470 INFO [http-nio-8080-exec-129] org.apache.catalina.core.ApplicationContext.log Manager: list: Listing contexts for virtual host 'localhost'
20-Jun-2025 13:40:51.513 INFO [http-nio-8080-exec-133] org.apache.catalina.core.ApplicationContext.log Manager: install: Installing context configuration at 'file:/C:/Users/antho/AppData/Local/Temp/context1896475789218762555.xml'
20-Jun-2025 13:40:51.723 INFO [http-nio-8080-exec-134] org.apache.catalina.core.ApplicationContext.log Manager: start: Starting web application '/DriveSystemWeb'
20-Jun-2025 13:53:24.053 INFO [http-nio-8080-exec-142] org.apache.catalina.core.ApplicationContext.log Manager: list: Listing contexts for virtual host 'localhost'
20-Jun-2025 13:53:24.057 INFO [http-nio-8080-exec-143] org.apache.catalina.core.ApplicationContext.log Manager: undeploy: Undeploying web application at '/DriveSystemWeb'
20-Jun-2025 13:54:20.134 INFO [http-nio-8080-exec-142] org.apache.catalina.core.ApplicationContext.log Manager: list: Listing contexts for virtual host 'localhost'
20-Jun-2025 13:54:20.134 INFO [http-nio-8080-exec-140] org.apache.catalina.core.ApplicationContext.log Manager: list: Listing contexts for virtual host 'localhost'
20-Jun-2025 13:54:20.169 INFO [http-nio-8080-exec-138] org.apache.catalina.core.ApplicationContext.log Manager: install: Installing context configuration at 'file:/C:/Users/antho/AppData/Local/Temp/context184627347648042518.xml'
20-Jun-2025 13:54:20.404 INFO [http-nio-8080-exec-144] org.apache.catalina.core.ApplicationContext.log Manager: start: Starting web application '/DriveSystemWeb'
20-Jun-2025 14:07:08.189 INFO [http-nio-8080-exec-152] org.apache.catalina.core.ApplicationContext.log Manager: list: Listing contexts for virtual host 'localhost'
20-Jun-2025 14:07:08.189 INFO [http-nio-8080-exec-153] org.apache.catalina.core.ApplicationContext.log Manager: undeploy: Undeploying web application at '/DriveSystemWeb'
20-Jun-2025 14:07:31.164 INFO [http-nio-8080-exec-149] org.apache.catalina.core.ApplicationContext.log Manager: list: Listing contexts for virtual host 'localhost'
20-Jun-2025 14:07:31.165 INFO [http-nio-8080-exec-144] org.apache.catalina.core.ApplicationContext.log Manager: list: Listing contexts for virtual host 'localhost'
20-Jun-2025 14:07:31.193 INFO [http-nio-8080-exec-148] org.apache.catalina.core.ApplicationContext.log Manager: install: Installing context configuration at 'file:/C:/Users/antho/AppData/Local/Temp/context6004083699912236131.xml'
20-Jun-2025 14:07:31.403 INFO [http-nio-8080-exec-147] org.apache.catalina.core.ApplicationContext.log Manager: start: Starting web application '/DriveSystemWeb'
20-Jun-2025 14:11:32.220 INFO [http-nio-8080-exec-149] org.apache.catalina.core.ApplicationContext.log Manager: list: Listing contexts for virtual host 'localhost'
20-Jun-2025 14:11:32.224 INFO [http-nio-8080-exec-162] org.apache.catalina.core.ApplicationContext.log Manager: undeploy: Undeploying web application at '/DriveSystemWeb'
20-Jun-2025 14:11:52.848 INFO [http-nio-8080-exec-154] org.apache.catalina.core.ApplicationContext.log Manager: list: Listing contexts for virtual host 'localhost'
20-Jun-2025 14:11:52.850 INFO [http-nio-8080-exec-161] org.apache.catalina.core.ApplicationContext.log Manager: list: Listing contexts for virtual host 'localhost'
20-Jun-2025 14:11:52.877 INFO [http-nio-8080-exec-155] org.apache.catalina.core.ApplicationContext.log Manager: install: Installing context configuration at 'file:/C:/Users/antho/AppData/Local/Temp/context8403670168042185901.xml'
20-Jun-2025 14:11:53.071 INFO [http-nio-8080-exec-164] org.apache.catalina.core.ApplicationContext.log Manager: start: Starting web application '/DriveSystemWeb'
20-Jun-2025 14:20:17.751 INFO [http-nio-8080-exec-172] org.apache.catalina.core.ApplicationContext.log Manager: list: Listing contexts for virtual host 'localhost'
20-Jun-2025 14:20:17.758 INFO [http-nio-8080-exec-173] org.apache.catalina.core.ApplicationContext.log Manager: undeploy: Undeploying web application at '/DriveSystemWeb'
20-Jun-2025 14:20:40.167 INFO [http-nio-8080-exec-166] org.apache.catalina.core.ApplicationContext.log Manager: list: Listing contexts for virtual host 'localhost'
20-Jun-2025 14:20:40.183 INFO [http-nio-8080-exec-165] org.apache.catalina.core.ApplicationContext.log Manager: list: Listing contexts for virtual host 'localhost'
20-Jun-2025 14:20:40.238 INFO [http-nio-8080-exec-174] org.apache.catalina.core.ApplicationContext.log Manager: install: Installing context configuration at 'file:/C:/Users/antho/AppData/Local/Temp/context4580330586527921660.xml'
20-Jun-2025 14:20:40.479 INFO [http-nio-8080-exec-175] org.apache.catalina.core.ApplicationContext.log Manager: start: Starting web application '/DriveSystemWeb'
20-Jun-2025 14:26:00.127 INFO [http-nio-8080-exec-181] org.apache.catalina.core.ApplicationContext.log Manager: list: Listing contexts for virtual host 'localhost'
20-Jun-2025 14:26:00.127 INFO [http-nio-8080-exec-182] org.apache.catalina.core.ApplicationContext.log Manager: undeploy: Undeploying web application at '/DriveSystemWeb'
20-Jun-2025 14:26:30.831 INFO [http-nio-8080-exec-181] org.apache.catalina.core.ApplicationContext.log Manager: list: Listing contexts for virtual host 'localhost'
20-Jun-2025 14:26:30.832 INFO [http-nio-8080-exec-180] org.apache.catalina.core.ApplicationContext.log Manager: list: Listing contexts for virtual host 'localhost'
20-Jun-2025 14:26:30.860 INFO [http-nio-8080-exec-183] org.apache.catalina.core.ApplicationContext.log Manager: install: Installing context configuration at 'file:/C:/Users/antho/AppData/Local/Temp/context5388021171629519154.xml'
20-Jun-2025 14:26:31.049 INFO [http-nio-8080-exec-184] org.apache.catalina.core.ApplicationContext.log Manager: start: Starting web application '/DriveSystemWeb'
20-Jun-2025 14:31:03.373 INFO [http-nio-8080-exec-181] org.apache.catalina.core.ApplicationContext.log Manager: list: Listing contexts for virtual host 'localhost'
20-Jun-2025 14:31:03.381 INFO [http-nio-8080-exec-192] org.apache.catalina.core.ApplicationContext.log Manager: undeploy: Undeploying web application at '/DriveSystemWeb'
20-Jun-2025 14:31:26.620 INFO [http-nio-8080-exec-186] org.apache.catalina.core.ApplicationContext.log Manager: list: Listing contexts for virtual host 'localhost'
20-Jun-2025 14:31:26.621 INFO [http-nio-8080-exec-189] org.apache.catalina.core.ApplicationContext.log Manager: list: Listing contexts for virtual host 'localhost'
20-Jun-2025 14:31:26.648 INFO [http-nio-8080-exec-184] org.apache.catalina.core.ApplicationContext.log Manager: install: Installing context configuration at 'file:/C:/Users/antho/AppData/Local/Temp/context16410364237778530227.xml'
20-Jun-2025 14:31:26.855 INFO [http-nio-8080-exec-192] org.apache.catalina.core.ApplicationContext.log Manager: start: Starting web application '/DriveSystemWeb'
